<testsuites id="" name="" tests="204" failures="106" skipped="0" errors="0" time="232.626353">
<testsuite name="smoke.spec.ts" timestamp="2025-10-03T21:15:40.396Z" hostname="chromium" tests="34" failures="11" skipped="0" time="123.677" errors="0">
<testcase name="Authentication Flow @smoke › should login with valid credentials" classname="smoke.spec.ts" time="1.892">
<failure message="smoke.spec.ts:19:7 should login with valid credentials" type="FAILURE">
<![CDATA[  [chromium] › smoke.spec.ts:19:7 › Authentication Flow @smoke › should login with valid credentials 

    Error: expect.toBeVisible: Error: strict mode violation: locator('text=Cortex DC Portal') resolved to 2 elements:
        1) <span class="hidden sm:inline">🛡️ Cortex DC Portal</span> aka getByRole('link', { name: '🛡️ Cortex DC Portal' })
        2) <div class="text-cyan-400 font-mono">Loading Cortex DC Portal...</div> aka getByText('Loading Cortex DC Portal...')

    Call log:
      - Expect "toBeVisible" with timeout 5000ms
      - waiting for locator('text=Cortex DC Portal')


      31 |     // Wait for redirect and check success
      32 |     await page.waitForURL('/gui');
    > 33 |     await expect(page.locator('text=Cortex DC Portal')).toBeVisible();
         |                                                         ^
      34 |   });
      35 |
      36 |   test('should show error for invalid credentials', async ({ page }) => {
        at /Users/henry/Github/Github_desktop/henryreed.ai/hosting/tests/e2e/smoke.spec.ts:33:57

    attachment #1: screenshot (image/png) ──────────────────────────────────────────────────────────
    ../../test-results/smoke-Authentication-Flow--bfc1a-ogin-with-valid-credentials-chromium/test-failed-1.png
    ────────────────────────────────────────────────────────────────────────────────────────────────

    attachment #2: video (video/webm) ──────────────────────────────────────────────────────────────
    ../../test-results/smoke-Authentication-Flow--bfc1a-ogin-with-valid-credentials-chromium/video.webm
    ────────────────────────────────────────────────────────────────────────────────────────────────

    Error Context: ../../test-results/smoke-Authentication-Flow--bfc1a-ogin-with-valid-credentials-chromium/error-context.md
]]>
</failure>
<system-out>
<![CDATA[
[[ATTACHMENT|smoke-Authentication-Flow--bfc1a-ogin-with-valid-credentials-chromium/test-failed-1.png]]

[[ATTACHMENT|smoke-Authentication-Flow--bfc1a-ogin-with-valid-credentials-chromium/video.webm]]

[[ATTACHMENT|smoke-Authentication-Flow--bfc1a-ogin-with-valid-credentials-chromium/error-context.md]]
]]>
</system-out>
</testcase>
<testcase name="Authentication Flow @smoke › should show error for invalid credentials" classname="smoke.spec.ts" time="1.814">
</testcase>
<testcase name="Authentication Flow @smoke › should logout successfully" classname="smoke.spec.ts" time="1.945">
</testcase>
<testcase name="Navigation System @smoke › should navigate to all main sections" classname="smoke.spec.ts" time="1.92">
<failure message="smoke.spec.ts:63:7 should navigate to all main sections" type="FAILURE">
<![CDATA[  [chromium] › smoke.spec.ts:63:7 › Navigation System @smoke › should navigate to all main sections 

    Error: expect.toBeVisible: Error: strict mode violation: locator('text=Cortex DC Portal') resolved to 2 elements:
        1) <span class="hidden sm:inline">🛡️ Cortex DC Portal</span> aka getByRole('link', { name: '🛡️ Cortex DC Portal' })
        2) <div class="text-cyan-400 font-mono">Loading Cortex DC Portal...</div> aka getByText('Loading Cortex DC Portal...')

    Call log:
      - Expect "toBeVisible" with timeout 5000ms
      - waiting for locator('text=Cortex DC Portal')


      64 |     // Test GUI navigation - already on GUI page, just verify URL
      65 |     await expect(page).toHaveURL('/gui');
    > 66 |     await expect(page.locator('text=Cortex DC Portal')).toBeVisible();
         |                                                         ^
      67 |     
      68 |     // Test Docs navigation
      69 |     await page.click('a[href="/docs"]');
        at /Users/henry/Github/Github_desktop/henryreed.ai/hosting/tests/e2e/smoke.spec.ts:66:57

    attachment #1: screenshot (image/png) ──────────────────────────────────────────────────────────
    ../../test-results/smoke-Navigation-System-sm-38059-vigate-to-all-main-sections-chromium/test-failed-1.png
    ────────────────────────────────────────────────────────────────────────────────────────────────

    attachment #2: video (video/webm) ──────────────────────────────────────────────────────────────
    ../../test-results/smoke-Navigation-System-sm-38059-vigate-to-all-main-sections-chromium/video.webm
    ────────────────────────────────────────────────────────────────────────────────────────────────

    Error Context: ../../test-results/smoke-Navigation-System-sm-38059-vigate-to-all-main-sections-chromium/error-context.md
]]>
</failure>
<system-out>
<![CDATA[
[[ATTACHMENT|smoke-Navigation-System-sm-38059-vigate-to-all-main-sections-chromium/test-failed-1.png]]

[[ATTACHMENT|smoke-Navigation-System-sm-38059-vigate-to-all-main-sections-chromium/video.webm]]

[[ATTACHMENT|smoke-Navigation-System-sm-38059-vigate-to-all-main-sections-chromium/error-context.md]]
]]>
</system-out>
</testcase>
<testcase name="Navigation System @smoke › should show correct breadcrumbs" classname="smoke.spec.ts" time="30.11">
<failure message="smoke.spec.ts:77:7 should show correct breadcrumbs" type="FAILURE">
<![CDATA[  [chromium] › smoke.spec.ts:77:7 › Navigation System @smoke › should show correct breadcrumbs ─────

    Test timeout of 30000ms exceeded.

    Error: page.click: Test timeout of 30000ms exceeded.
    Call log:
      - waiting for locator('a[href="/docs"]')
        - locator resolved to 2 elements. Proceeding with the first one: <a href="/docs" title="Documentation" class="p-2 rounded-lg font-medium text-sm transition-all duration-200 text-cortex-text-secondary hover:text-cortex-info hover:bg-cortex-bg-hover">…</a>
      - attempting click action
        2 × waiting for element to be visible, enabled and stable
          - element is not visible
        - retrying click action
        - waiting 20ms
        2 × waiting for element to be visible, enabled and stable
          - element is not visible
        - retrying click action
          - waiting 100ms
        53 × waiting for element to be visible, enabled and stable
           - element is not visible
         - retrying click action
           - waiting 500ms


      77 |   test('should show correct breadcrumbs', async ({ page }) => {
      78 |     // Navigate to a sub-section
    > 79 |     await page.click('a[href="/docs"]');
         |                ^
      80 |     
      81 |     // Check breadcrumb is visible
      82 |     await expect(page.locator('nav[aria-label="Breadcrumb"]')).toBeVisible();
        at /Users/henry/Github/Github_desktop/henryreed.ai/hosting/tests/e2e/smoke.spec.ts:79:16

    attachment #1: screenshot (image/png) ──────────────────────────────────────────────────────────
    ../../test-results/smoke-Navigation-System-sm-d6822-ld-show-correct-breadcrumbs-chromium/test-failed-1.png
    ────────────────────────────────────────────────────────────────────────────────────────────────

    attachment #2: video (video/webm) ──────────────────────────────────────────────────────────────
    ../../test-results/smoke-Navigation-System-sm-d6822-ld-show-correct-breadcrumbs-chromium/video.webm
    ────────────────────────────────────────────────────────────────────────────────────────────────

    Error Context: ../../test-results/smoke-Navigation-System-sm-d6822-ld-show-correct-breadcrumbs-chromium/error-context.md
]]>
</failure>
<system-out>
<![CDATA[
[[ATTACHMENT|smoke-Navigation-System-sm-d6822-ld-show-correct-breadcrumbs-chromium/test-failed-1.png]]

[[ATTACHMENT|smoke-Navigation-System-sm-d6822-ld-show-correct-breadcrumbs-chromium/video.webm]]

[[ATTACHMENT|smoke-Navigation-System-sm-d6822-ld-show-correct-breadcrumbs-chromium/error-context.md]]
]]>
</system-out>
</testcase>
<testcase name="Navigation System @smoke › should handle mobile navigation" classname="smoke.spec.ts" time="1.823">
</testcase>
<testcase name="GUI Dashboard Functionality @smoke › should display all dashboard tabs" classname="smoke.spec.ts" time="3.896">
<system-out>
<![CDATA[Found 21 buttons on the page
]]>
</system-out>
</testcase>
<testcase name="GUI Dashboard Functionality @smoke › should switch between dashboard tabs" classname="smoke.spec.ts" time="3.225">
<system-out>
<![CDATA[Found 30 clickable elements
]]>
</system-out>
</testcase>
<testcase name="GUI Dashboard Functionality @smoke › should show user context and role information" classname="smoke.spec.ts" time="1.612">
<failure message="smoke.spec.ts:129:7 should show user context and role information" type="FAILURE">
<![CDATA[  [chromium] › smoke.spec.ts:129:7 › GUI Dashboard Functionality @smoke › should show user context and role information 

    Error: expect.toBeVisible: Error: strict mode violation: locator('text=GUI') resolved to 2 elements:
        1) <span>GUI</span> aka getByRole('link', { name: '🎨 GUI' })
        2) <span class="px-1 md:px-2 py-1 rounded text-xs font-mono border bg-cortex-green/20 text-cortex-green border-cortex-green/30">GUI</span> aka getByText('GUI').nth(1)

    Call log:
      - Expect "toBeVisible" with timeout 5000ms
      - waiting for locator('text=GUI')


      130 |     // Check for user info in header - should show consultant and GUI role
      131 |     await expect(page.locator('text=consultant')).toBeVisible();
    > 132 |     await expect(page.locator('text=GUI')).toBeVisible();
          |                                            ^
      133 |     
      134 |     // Check logout button is present
      135 |     await expect(page.locator('button:has-text("Logout")')).toBeVisible();
        at /Users/henry/Github/Github_desktop/henryreed.ai/hosting/tests/e2e/smoke.spec.ts:132:44

    attachment #1: screenshot (image/png) ──────────────────────────────────────────────────────────
    ../../test-results/smoke-GUI-Dashboard-Functi-b4fca-ontext-and-role-information-chromium/test-failed-1.png
    ────────────────────────────────────────────────────────────────────────────────────────────────

    attachment #2: video (video/webm) ──────────────────────────────────────────────────────────────
    ../../test-results/smoke-GUI-Dashboard-Functi-b4fca-ontext-and-role-information-chromium/video.webm
    ────────────────────────────────────────────────────────────────────────────────────────────────

    Error Context: ../../test-results/smoke-GUI-Dashboard-Functi-b4fca-ontext-and-role-information-chromium/error-context.md
]]>
</failure>
<system-out>
<![CDATA[
[[ATTACHMENT|smoke-GUI-Dashboard-Functi-b4fca-ontext-and-role-information-chromium/test-failed-1.png]]

[[ATTACHMENT|smoke-GUI-Dashboard-Functi-b4fca-ontext-and-role-information-chromium/video.webm]]

[[ATTACHMENT|smoke-GUI-Dashboard-Functi-b4fca-ontext-and-role-information-chromium/error-context.md]]
]]>
</system-out>
</testcase>
<testcase name="GUI Dashboard Functionality @smoke › should filter tabs based on user role" classname="smoke.spec.ts" time="1.267">
<system-out>
<![CDATA[Admin tab count: 0
]]>
</system-out>
</testcase>
<testcase name="TRR Management @smoke › should navigate to TRR section" classname="smoke.spec.ts" time="30.121">
<failure message="smoke.spec.ts:154:7 should navigate to TRR section" type="FAILURE">
<![CDATA[  [chromium] › smoke.spec.ts:154:7 › TRR Management @smoke › should navigate to TRR section ────────

    Test timeout of 30000ms exceeded.

    Error: locator.click: Test timeout of 30000ms exceeded.
    Call log:
      - waiting for locator('a[href="/trr"]')
        - locator resolved to <a href="/trr" title="TRR Management" class="p-2 rounded-lg font-medium text-sm transition-all duration-200 text-cortex-text-secondary hover:text-cortex-warning hover:bg-cortex-bg-hover">…</a>
      - attempting click action
        2 × waiting for element to be visible, enabled and stable
          - element is not visible
        - retrying click action
        - waiting 20ms
        2 × waiting for element to be visible, enabled and stable
          - element is not visible
        - retrying click action
          - waiting 100ms
        54 × waiting for element to be visible, enabled and stable
           - element is not visible
         - retrying click action
           - waiting 500ms


      156 |     const trrLink = page.locator('a[href="/trr"]');
      157 |     if (await trrLink.count() > 0) {
    > 158 |       await trrLink.click();
          |                     ^
      159 |       await expect(page).toHaveURL('/trr');
      160 |     }
      161 |   });
        at /Users/henry/Github/Github_desktop/henryreed.ai/hosting/tests/e2e/smoke.spec.ts:158:21

    attachment #1: screenshot (image/png) ──────────────────────────────────────────────────────────
    ../../test-results/smoke-TRR-Management-smoke-should-navigate-to-TRR-section-chromium/test-failed-1.png
    ────────────────────────────────────────────────────────────────────────────────────────────────

    attachment #2: video (video/webm) ──────────────────────────────────────────────────────────────
    ../../test-results/smoke-TRR-Management-smoke-should-navigate-to-TRR-section-chromium/video.webm
    ────────────────────────────────────────────────────────────────────────────────────────────────

    Error Context: ../../test-results/smoke-TRR-Management-smoke-should-navigate-to-TRR-section-chromium/error-context.md
]]>
</failure>
<system-out>
<![CDATA[
[[ATTACHMENT|smoke-TRR-Management-smoke-should-navigate-to-TRR-section-chromium/test-failed-1.png]]

[[ATTACHMENT|smoke-TRR-Management-smoke-should-navigate-to-TRR-section-chromium/video.webm]]

[[ATTACHMENT|smoke-TRR-Management-smoke-should-navigate-to-TRR-section-chromium/error-context.md]]
]]>
</system-out>
</testcase>
<testcase name="TRR Management @smoke › should show TRR creation functionality" classname="smoke.spec.ts" time="1.241">
</testcase>
<testcase name="TRR Management @smoke › should show SDW (Solution Design Workbook) integration" classname="smoke.spec.ts" time="1.161">
</testcase>
<testcase name="Error Handling &amp; Resilience @smoke › should handle network errors gracefully" classname="smoke.spec.ts" time="1.272">
<failure message="smoke.spec.ts:181:7 should handle network errors gracefully" type="FAILURE">
<![CDATA[  [chromium] › smoke.spec.ts:181:7 › Error Handling & Resilience @smoke › should handle network errors gracefully 

    Error: page.click: Element is not visible
    Call log:
      - waiting for locator('a[href="/docs"]')
        - locator resolved to 2 elements. Proceeding with the first one: <a href="/docs" title="Documentation" class="p-2 rounded-lg font-medium text-sm transition-all duration-200 text-cortex-text-secondary hover:text-cortex-info hover:bg-cortex-bg-hover">…</a>
      - attempting click action
        - scrolling into view if needed


      186 |     
      187 |     // Try to navigate - should show error handling
    > 188 |     await page.click('a[href="/docs"]', { force: true });
          |                ^
      189 |     
      190 |     // Restore network
      191 |     await page.unroute('**/*');
        at /Users/henry/Github/Github_desktop/henryreed.ai/hosting/tests/e2e/smoke.spec.ts:188:16

    attachment #1: screenshot (image/png) ──────────────────────────────────────────────────────────
    ../../test-results/smoke-Error-Handling-Resil-f546e-e-network-errors-gracefully-chromium/test-failed-1.png
    ────────────────────────────────────────────────────────────────────────────────────────────────

    attachment #2: video (video/webm) ──────────────────────────────────────────────────────────────
    ../../test-results/smoke-Error-Handling-Resil-f546e-e-network-errors-gracefully-chromium/video.webm
    ────────────────────────────────────────────────────────────────────────────────────────────────

    Error Context: ../../test-results/smoke-Error-Handling-Resil-f546e-e-network-errors-gracefully-chromium/error-context.md
]]>
</failure>
<system-out>
<![CDATA[
[[ATTACHMENT|smoke-Error-Handling-Resil-f546e-e-network-errors-gracefully-chromium/test-failed-1.png]]

[[ATTACHMENT|smoke-Error-Handling-Resil-f546e-e-network-errors-gracefully-chromium/video.webm]]

[[ATTACHMENT|smoke-Error-Handling-Resil-f546e-e-network-errors-gracefully-chromium/error-context.md]]
]]>
</system-out>
</testcase>
<testcase name="Error Handling &amp; Resilience @smoke › should show loading states" classname="smoke.spec.ts" time="1.144">
<system-out>
<![CDATA[Found 0 loading indicators
]]>
</system-out>
</testcase>
<testcase name="Error Handling &amp; Resilience @smoke › should handle JavaScript errors" classname="smoke.spec.ts" time="2.228">
<failure message="smoke.spec.ts:204:7 should handle JavaScript errors" type="FAILURE">
<![CDATA[  [chromium] › smoke.spec.ts:204:7 › Error Handling & Resilience @smoke › should handle JavaScript errors 

    Error: locator.isVisible: Error: strict mode violation: locator('a[href="/docs"]') resolved to 2 elements:
        1) <a href="/docs" title="Documentation" class="p-2 rounded-lg font-medium text-sm transition-all duration-200 text-cortex-text-secondary hover:text-cortex-info hover:bg-cortex-bg-hover">…</a> aka getByTitle('Documentation')
        2) <a href="/docs" class="px-4 py-2 rounded-lg font-medium text-sm transition-all duration-200 flex items-center space-x-2 text-cortex-text-secondary hover:text-cortex-info hover:bg-cortex-bg-hover">…</a> aka getByRole('link', { name: '📖 Docs' })

    Call log:
        - checking visibility of locator('a[href="/docs"]')


      218 |     // Try to click docs navigation if visible
      219 |     const docsLink = page.locator('a[href="/docs"]');
    > 220 |     const docsVisible = await docsLink.isVisible();
          |                                        ^
      221 |     if (docsVisible) {
      222 |       await docsLink.click();
      223 |     }
        at /Users/henry/Github/Github_desktop/henryreed.ai/hosting/tests/e2e/smoke.spec.ts:220:40

    attachment #1: screenshot (image/png) ──────────────────────────────────────────────────────────
    ../../test-results/smoke-Error-Handling-Resil-d2448-ld-handle-JavaScript-errors-chromium/test-failed-1.png
    ────────────────────────────────────────────────────────────────────────────────────────────────

    attachment #2: video (video/webm) ──────────────────────────────────────────────────────────────
    ../../test-results/smoke-Error-Handling-Resil-d2448-ld-handle-JavaScript-errors-chromium/video.webm
    ────────────────────────────────────────────────────────────────────────────────────────────────

    Error Context: ../../test-results/smoke-Error-Handling-Resil-d2448-ld-handle-JavaScript-errors-chromium/error-context.md
]]>
</failure>
<system-out>
<![CDATA[
[[ATTACHMENT|smoke-Error-Handling-Resil-d2448-ld-handle-JavaScript-errors-chromium/test-failed-1.png]]

[[ATTACHMENT|smoke-Error-Handling-Resil-d2448-ld-handle-JavaScript-errors-chromium/video.webm]]

[[ATTACHMENT|smoke-Error-Handling-Resil-d2448-ld-handle-JavaScript-errors-chromium/error-context.md]]
]]>
</system-out>
</testcase>
<testcase name="Accessibility &amp; Performance @smoke › should meet basic accessibility standards" classname="smoke.spec.ts" time="1.169">
<failure message="smoke.spec.ts:237:7 should meet basic accessibility standards" type="FAILURE">
<![CDATA[  [chromium] › smoke.spec.ts:237:7 › Accessibility & Performance @smoke › should meet basic accessibility standards 

    Error: expect(received).toBeGreaterThan(expected)

    Expected: > 0
    Received:   0

      254 |     // Check for proper heading structure
      255 |     const h1Count = await page.locator('h1').count();
    > 256 |     expect(h1Count).toBeGreaterThan(0);
          |                     ^
      257 |     
      258 |     // Check for alt text on images (if any)
      259 |     const images = page.locator('img');
        at /Users/henry/Github/Github_desktop/henryreed.ai/hosting/tests/e2e/smoke.spec.ts:256:21

    attachment #1: screenshot (image/png) ──────────────────────────────────────────────────────────
    ../../test-results/smoke-Accessibility-Perfor-ec447-sic-accessibility-standards-chromium/test-failed-1.png
    ────────────────────────────────────────────────────────────────────────────────────────────────

    attachment #2: video (video/webm) ──────────────────────────────────────────────────────────────
    ../../test-results/smoke-Accessibility-Perfor-ec447-sic-accessibility-standards-chromium/video.webm
    ────────────────────────────────────────────────────────────────────────────────────────────────

    Error Context: ../../test-results/smoke-Accessibility-Perfor-ec447-sic-accessibility-standards-chromium/error-context.md
]]>
</failure>
<system-out>
<![CDATA[
[[ATTACHMENT|smoke-Accessibility-Perfor-ec447-sic-accessibility-standards-chromium/test-failed-1.png]]

[[ATTACHMENT|smoke-Accessibility-Perfor-ec447-sic-accessibility-standards-chromium/video.webm]]

[[ATTACHMENT|smoke-Accessibility-Perfor-ec447-sic-accessibility-standards-chromium/error-context.md]]
]]>
</system-out>
</testcase>
<testcase name="Accessibility &amp; Performance @smoke › should load within acceptable time limits" classname="smoke.spec.ts" time="0.239">
</testcase>
<testcase name="Accessibility &amp; Performance @smoke › should be responsive on different screen sizes" classname="smoke.spec.ts" time="1.213">
</testcase>
<testcase name="Data Persistence &amp; State Management @smoke › should maintain login state after page reload" classname="smoke.spec.ts" time="1.352">
<failure message="smoke.spec.ts:299:7 should maintain login state after page reload" type="FAILURE">
<![CDATA[  [chromium] › smoke.spec.ts:299:7 › Data Persistence & State Management @smoke › should maintain login state after page reload 

    Error: expect.toBeVisible: Error: strict mode violation: locator('text=Cortex DC Portal') resolved to 2 elements:
        1) <span class="hidden sm:inline">🛡️ Cortex DC Portal</span> aka getByRole('link', { name: '🛡️ Cortex DC Portal' })
        2) <div class="text-cyan-400 font-mono">Loading Cortex DC Portal...</div> aka getByText('Loading Cortex DC Portal...')

    Call log:
      - Expect "toBeVisible" with timeout 5000ms
      - waiting for locator('text=Cortex DC Portal')


      305 |     // Should still be logged in (redirected to GUI)
      306 |     await page.waitForURL('/gui');
    > 307 |     await expect(page.locator('text=Cortex DC Portal')).toBeVisible();
          |                                                         ^
      308 |   });
      309 |
      310 |   test('should persist navigation state', async ({ page }) => {
        at /Users/henry/Github/Github_desktop/henryreed.ai/hosting/tests/e2e/smoke.spec.ts:307:57

    attachment #1: screenshot (image/png) ──────────────────────────────────────────────────────────
    ../../test-results/smoke-Data-Persistence-Sta-3bab3-gin-state-after-page-reload-chromium/test-failed-1.png
    ────────────────────────────────────────────────────────────────────────────────────────────────

    attachment #2: video (video/webm) ──────────────────────────────────────────────────────────────
    ../../test-results/smoke-Data-Persistence-Sta-3bab3-gin-state-after-page-reload-chromium/video.webm
    ────────────────────────────────────────────────────────────────────────────────────────────────

    Error Context: ../../test-results/smoke-Data-Persistence-Sta-3bab3-gin-state-after-page-reload-chromium/error-context.md
]]>
</failure>
<system-out>
<![CDATA[
[[ATTACHMENT|smoke-Data-Persistence-Sta-3bab3-gin-state-after-page-reload-chromium/test-failed-1.png]]

[[ATTACHMENT|smoke-Data-Persistence-Sta-3bab3-gin-state-after-page-reload-chromium/video.webm]]

[[ATTACHMENT|smoke-Data-Persistence-Sta-3bab3-gin-state-after-page-reload-chromium/error-context.md]]
]]>
</system-out>
</testcase>
<testcase name="Data Persistence &amp; State Management @smoke › should persist navigation state" classname="smoke.spec.ts" time="3.341">
<failure message="smoke.spec.ts:310:7 should persist navigation state" type="FAILURE">
<![CDATA[  [chromium] › smoke.spec.ts:310:7 › Data Persistence & State Management @smoke › should persist navigation state 

    Error: expect.toBeVisible: Error: strict mode violation: locator('text=Cortex DC Portal') resolved to 2 elements:
        1) <span class="hidden sm:inline">🛡️ Cortex DC Portal</span> aka getByRole('link', { name: '🛡️ Cortex DC Portal' })
        2) <div class="text-cyan-400 font-mono">Loading Cortex DC Portal...</div> aka getByText('Loading Cortex DC Portal...')

    Call log:
      - Expect "toBeVisible" with timeout 5000ms
      - waiting for locator('text=Cortex DC Portal')


      319 |     // Check that we're still on the GUI page and interface is functional
      320 |     await expect(page).toHaveURL('/gui');
    > 321 |     await expect(page.locator('text=Cortex DC Portal')).toBeVisible();
          |                                                         ^
      322 |   });
      323 |
      324 |   test('should persist user activity data', async ({ page }) => {
        at /Users/henry/Github/Github_desktop/henryreed.ai/hosting/tests/e2e/smoke.spec.ts:321:57

    attachment #1: screenshot (image/png) ──────────────────────────────────────────────────────────
    ../../test-results/smoke-Data-Persistence-Sta-4708b-ld-persist-navigation-state-chromium/test-failed-1.png
    ────────────────────────────────────────────────────────────────────────────────────────────────

    attachment #2: video (video/webm) ──────────────────────────────────────────────────────────────
    ../../test-results/smoke-Data-Persistence-Sta-4708b-ld-persist-navigation-state-chromium/video.webm
    ────────────────────────────────────────────────────────────────────────────────────────────────

    Error Context: ../../test-results/smoke-Data-Persistence-Sta-4708b-ld-persist-navigation-state-chromium/error-context.md
]]>
</failure>
<system-out>
<![CDATA[
[[ATTACHMENT|smoke-Data-Persistence-Sta-4708b-ld-persist-navigation-state-chromium/test-failed-1.png]]

[[ATTACHMENT|smoke-Data-Persistence-Sta-4708b-ld-persist-navigation-state-chromium/video.webm]]

[[ATTACHMENT|smoke-Data-Persistence-Sta-4708b-ld-persist-navigation-state-chromium/error-context.md]]
]]>
</system-out>
</testcase>
<testcase name="Data Persistence &amp; State Management @smoke › should persist user activity data" classname="smoke.spec.ts" time="1.216">
<system-out>
<![CDATA[User activity data exists: false
]]>
</system-out>
</testcase>
<testcase name="Enhanced Components Integration @smoke › should render enhanced CortexButton components" classname="smoke.spec.ts" time="4.267">
<system-out>
<![CDATA[Found 6 enhanced buttons
Button has hover effects: true
]]>
</system-out>
</testcase>
<testcase name="Enhanced Components Integration @smoke › should load user activity service" classname="smoke.spec.ts" time="4.228">
<system-out>
<![CDATA[User activity service available: true
]]>
</system-out>
</testcase>
<testcase name="Enhanced Components Integration @smoke › should support timeline component functionality" classname="smoke.spec.ts" time="4.224">
<system-out>
<![CDATA[Timeline elements: 0, Activity elements: 0
]]>
</system-out>
</testcase>
<testcase name="Enhanced Components Integration @smoke › should support content library functionality" classname="smoke.spec.ts" time="5.224">
<system-out>
<![CDATA[Library elements: 0, Create buttons: 2
]]>
</system-out>
</testcase>
<testcase name="Backend Integration &amp; API Connectivity @smoke › should handle XSIAM API integration" classname="smoke.spec.ts" time="1.17">
<system-out>
<![CDATA[XSIAM elements found: 0
]]>
</system-out>
</testcase>
<testcase name="Backend Integration &amp; API Connectivity @smoke › should handle terminal command execution" classname="smoke.spec.ts" time="1.17">
<failure message="smoke.spec.ts:470:7 should handle terminal command execution" type="FAILURE">
<![CDATA[  [chromium] › smoke.spec.ts:470:7 › Backend Integration & API Connectivity @smoke › should handle terminal command execution 

    Error: locator.count: Unexpected token "=" while parsing css selector ".terminal, [data-testid*="terminal"], text="Terminal"". Did you mean to CSS.escape it?

      471 |     // Look for terminal elements
      472 |     const terminalElements = page.locator('.terminal, [data-testid*="terminal"], text="Terminal"');
    > 473 |     const terminalCount = await terminalElements.count();
          |                                                  ^
      474 |     
      475 |     console.log(`Terminal elements found: ${terminalCount}`);
      476 |     
        at /Users/henry/Github/Github_desktop/henryreed.ai/hosting/tests/e2e/smoke.spec.ts:473:50

    attachment #1: screenshot (image/png) ──────────────────────────────────────────────────────────
    ../../test-results/smoke-Backend-Integration--17fe8--terminal-command-execution-chromium/test-failed-1.png
    ────────────────────────────────────────────────────────────────────────────────────────────────

    attachment #2: video (video/webm) ──────────────────────────────────────────────────────────────
    ../../test-results/smoke-Backend-Integration--17fe8--terminal-command-execution-chromium/video.webm
    ────────────────────────────────────────────────────────────────────────────────────────────────

    Error Context: ../../test-results/smoke-Backend-Integration--17fe8--terminal-command-execution-chromium/error-context.md
]]>
</failure>
<system-out>
<![CDATA[
[[ATTACHMENT|smoke-Backend-Integration--17fe8--terminal-command-execution-chromium/test-failed-1.png]]

[[ATTACHMENT|smoke-Backend-Integration--17fe8--terminal-command-execution-chromium/video.webm]]

[[ATTACHMENT|smoke-Backend-Integration--17fe8--terminal-command-execution-chromium/error-context.md]]
]]>
</system-out>
</testcase>
<testcase name="Backend Integration &amp; API Connectivity @smoke › should handle user preferences and settings" classname="smoke.spec.ts" time="1.208">
<system-out>
<![CDATA[User preferences accessible: false
]]>
</system-out>
</testcase>
<testcase name="Backend Integration &amp; API Connectivity @smoke › should handle data export and import" classname="smoke.spec.ts" time="1.143">
<system-out>
<![CDATA[Data export functionality works: true
]]>
</system-out>
</testcase>
<testcase name="Modern UI/UX Features @smoke › should support modern button interactions" classname="smoke.spec.ts" time="1.994">
</testcase>
<testcase name="Modern UI/UX Features @smoke › should support theme and appearance customization" classname="smoke.spec.ts" time="1.261">
<system-out>
<![CDATA[Dark theme applied: false
]]>
</system-out>
</testcase>
<testcase name="Modern UI/UX Features @smoke › should handle loading states properly" classname="smoke.spec.ts" time="1.157">
<system-out>
<![CDATA[Loading elements found: 0
]]>
</system-out>
</testcase>
<testcase name="Modern UI/UX Features @smoke › should support keyboard navigation and shortcuts" classname="smoke.spec.ts" time="1.43">
<system-out>
<![CDATA[Keyboard navigation working: true
]]>
</system-out>
</testcase>
</testsuite>
<testsuite name="smoke.spec.ts" timestamp="2025-10-03T21:15:40.396Z" hostname="firefox" tests="34" failures="33" skipped="0" time="967.511" errors="0">
<testcase name="Authentication Flow @smoke › should login with valid credentials" classname="smoke.spec.ts" time="5.694">
<failure message="smoke.spec.ts:19:7 should login with valid credentials" type="FAILURE">
<![CDATA[  [firefox] › smoke.spec.ts:19:7 › Authentication Flow @smoke › should login with valid credentials 

    Error: expect(page).toHaveTitle(expected) failed

    Expected pattern: /Cortex DC Portal/
    Received string:  ""
    Timeout: 5000ms

    Call log:
      - Expect "toHaveTitle" with timeout 5000ms
        9 × unexpected value ""


      21 |     
      22 |     // Check login page elements
    > 23 |     await expect(page).toHaveTitle(/Cortex DC Portal/);
         |                        ^
      24 |     await expect(page.locator('text=Cortex DC Access')).toBeVisible();
      25 |     
      26 |     // Perform login
        at /Users/henry/Github/Github_desktop/henryreed.ai/hosting/tests/e2e/smoke.spec.ts:23:24

    attachment #1: screenshot (image/png) ──────────────────────────────────────────────────────────
    ../../test-results/smoke-Authentication-Flow--bfc1a-ogin-with-valid-credentials-firefox/test-failed-1.png
    ────────────────────────────────────────────────────────────────────────────────────────────────

    attachment #2: video (video/webm) ──────────────────────────────────────────────────────────────
    ../../test-results/smoke-Authentication-Flow--bfc1a-ogin-with-valid-credentials-firefox/video.webm
    ────────────────────────────────────────────────────────────────────────────────────────────────

    Error Context: ../../test-results/smoke-Authentication-Flow--bfc1a-ogin-with-valid-credentials-firefox/error-context.md
]]>
</failure>
<system-out>
<![CDATA[
[[ATTACHMENT|smoke-Authentication-Flow--bfc1a-ogin-with-valid-credentials-firefox/test-failed-1.png]]

[[ATTACHMENT|smoke-Authentication-Flow--bfc1a-ogin-with-valid-credentials-firefox/video.webm]]

[[ATTACHMENT|smoke-Authentication-Flow--bfc1a-ogin-with-valid-credentials-firefox/error-context.md]]
]]>
</system-out>
</testcase>
<testcase name="Authentication Flow @smoke › should show error for invalid credentials" classname="smoke.spec.ts" time="30.032">
<failure message="smoke.spec.ts:36:7 should show error for invalid credentials" type="FAILURE">
<![CDATA[  [firefox] › smoke.spec.ts:36:7 › Authentication Flow @smoke › should show error for invalid credentials 

    Test timeout of 30000ms exceeded.

    Error: page.fill: Test timeout of 30000ms exceeded.
    Call log:
      - waiting for locator('input[type="text"]')


      37 |     await page.goto('/');
      38 |     
    > 39 |     await page.fill('input[type="text"]', 'invalid');
         |                ^
      40 |     await page.fill('input[type="password"]', 'invalid');
      41 |     await page.click('button[type="submit"]');
      42 |     
        at /Users/henry/Github/Github_desktop/henryreed.ai/hosting/tests/e2e/smoke.spec.ts:39:16

    attachment #1: screenshot (image/png) ──────────────────────────────────────────────────────────
    ../../test-results/smoke-Authentication-Flow--20297-ror-for-invalid-credentials-firefox/test-failed-1.png
    ────────────────────────────────────────────────────────────────────────────────────────────────

    attachment #2: video (video/webm) ──────────────────────────────────────────────────────────────
    ../../test-results/smoke-Authentication-Flow--20297-ror-for-invalid-credentials-firefox/video.webm
    ────────────────────────────────────────────────────────────────────────────────────────────────

    Error Context: ../../test-results/smoke-Authentication-Flow--20297-ror-for-invalid-credentials-firefox/error-context.md
]]>
</failure>
<system-out>
<![CDATA[
[[ATTACHMENT|smoke-Authentication-Flow--20297-ror-for-invalid-credentials-firefox/test-failed-1.png]]

[[ATTACHMENT|smoke-Authentication-Flow--20297-ror-for-invalid-credentials-firefox/video.webm]]

[[ATTACHMENT|smoke-Authentication-Flow--20297-ror-for-invalid-credentials-firefox/error-context.md]]
]]>
</system-out>
</testcase>
<testcase name="Authentication Flow @smoke › should logout successfully" classname="smoke.spec.ts" time="30.034">
<failure message="smoke.spec.ts:46:7 should logout successfully" type="FAILURE">
<![CDATA[  [firefox] › smoke.spec.ts:46:7 › Authentication Flow @smoke › should logout successfully ─────────

    Test timeout of 30000ms exceeded.

    Error: page.fill: Test timeout of 30000ms exceeded.
    Call log:
      - waiting for locator('input[type="text"]')


      10 | async function login(page: Page) {
      11 |   await page.goto('/');
    > 12 |   await page.fill('input[type="text"]', TEST_CREDENTIALS.username);
         |              ^
      13 |   await page.fill('input[type="password"]', TEST_CREDENTIALS.password);
      14 |   await page.click('button[type="submit"]');
      15 |   await page.waitForURL('/gui');
        at login (/Users/henry/Github/Github_desktop/henryreed.ai/hosting/tests/e2e/smoke.spec.ts:12:14)
        at /Users/henry/Github/Github_desktop/henryreed.ai/hosting/tests/e2e/smoke.spec.ts:47:5

    attachment #1: screenshot (image/png) ──────────────────────────────────────────────────────────
    ../../test-results/smoke-Authentication-Flow-smoke-should-logout-successfully-firefox/test-failed-1.png
    ────────────────────────────────────────────────────────────────────────────────────────────────

    attachment #2: video (video/webm) ──────────────────────────────────────────────────────────────
    ../../test-results/smoke-Authentication-Flow-smoke-should-logout-successfully-firefox/video.webm
    ────────────────────────────────────────────────────────────────────────────────────────────────

    Error Context: ../../test-results/smoke-Authentication-Flow-smoke-should-logout-successfully-firefox/error-context.md
]]>
</failure>
<system-out>
<![CDATA[
[[ATTACHMENT|smoke-Authentication-Flow-smoke-should-logout-successfully-firefox/test-failed-1.png]]

[[ATTACHMENT|smoke-Authentication-Flow-smoke-should-logout-successfully-firefox/video.webm]]

[[ATTACHMENT|smoke-Authentication-Flow-smoke-should-logout-successfully-firefox/error-context.md]]
]]>
</system-out>
</testcase>
<testcase name="Navigation System @smoke › should navigate to all main sections" classname="smoke.spec.ts" time="30.041">
<failure message="smoke.spec.ts:63:7 should navigate to all main sections" type="FAILURE">
<![CDATA[  [firefox] › smoke.spec.ts:63:7 › Navigation System @smoke › should navigate to all main sections ─

    Test timeout of 30000ms exceeded while running "beforeEach" hook.

      57 |
      58 | test.describe('Navigation System @smoke', () => {
    > 59 |   test.beforeEach(async ({ page }) => {
         |        ^
      60 |     await login(page);
      61 |   });
      62 |
        at /Users/henry/Github/Github_desktop/henryreed.ai/hosting/tests/e2e/smoke.spec.ts:59:8

    Error: page.fill: Test timeout of 30000ms exceeded.
    Call log:
      - waiting for locator('input[type="text"]')


      10 | async function login(page: Page) {
      11 |   await page.goto('/');
    > 12 |   await page.fill('input[type="text"]', TEST_CREDENTIALS.username);
         |              ^
      13 |   await page.fill('input[type="password"]', TEST_CREDENTIALS.password);
      14 |   await page.click('button[type="submit"]');
      15 |   await page.waitForURL('/gui');
        at login (/Users/henry/Github/Github_desktop/henryreed.ai/hosting/tests/e2e/smoke.spec.ts:12:14)
        at /Users/henry/Github/Github_desktop/henryreed.ai/hosting/tests/e2e/smoke.spec.ts:60:5

    attachment #1: screenshot (image/png) ──────────────────────────────────────────────────────────
    ../../test-results/smoke-Navigation-System-sm-38059-vigate-to-all-main-sections-firefox/test-failed-1.png
    ────────────────────────────────────────────────────────────────────────────────────────────────

    attachment #2: video (video/webm) ──────────────────────────────────────────────────────────────
    ../../test-results/smoke-Navigation-System-sm-38059-vigate-to-all-main-sections-firefox/video.webm
    ────────────────────────────────────────────────────────────────────────────────────────────────

    Error Context: ../../test-results/smoke-Navigation-System-sm-38059-vigate-to-all-main-sections-firefox/error-context.md
]]>
</failure>
<system-out>
<![CDATA[
[[ATTACHMENT|smoke-Navigation-System-sm-38059-vigate-to-all-main-sections-firefox/test-failed-1.png]]

[[ATTACHMENT|smoke-Navigation-System-sm-38059-vigate-to-all-main-sections-firefox/video.webm]]

[[ATTACHMENT|smoke-Navigation-System-sm-38059-vigate-to-all-main-sections-firefox/error-context.md]]
]]>
</system-out>
</testcase>
<testcase name="Navigation System @smoke › should show correct breadcrumbs" classname="smoke.spec.ts" time="30.032">
<failure message="smoke.spec.ts:77:7 should show correct breadcrumbs" type="FAILURE">
<![CDATA[  [firefox] › smoke.spec.ts:77:7 › Navigation System @smoke › should show correct breadcrumbs ──────

    Test timeout of 30000ms exceeded while running "beforeEach" hook.

      57 |
      58 | test.describe('Navigation System @smoke', () => {
    > 59 |   test.beforeEach(async ({ page }) => {
         |        ^
      60 |     await login(page);
      61 |   });
      62 |
        at /Users/henry/Github/Github_desktop/henryreed.ai/hosting/tests/e2e/smoke.spec.ts:59:8

    Error: page.fill: Test timeout of 30000ms exceeded.
    Call log:
      - waiting for locator('input[type="text"]')


      10 | async function login(page: Page) {
      11 |   await page.goto('/');
    > 12 |   await page.fill('input[type="text"]', TEST_CREDENTIALS.username);
         |              ^
      13 |   await page.fill('input[type="password"]', TEST_CREDENTIALS.password);
      14 |   await page.click('button[type="submit"]');
      15 |   await page.waitForURL('/gui');
        at login (/Users/henry/Github/Github_desktop/henryreed.ai/hosting/tests/e2e/smoke.spec.ts:12:14)
        at /Users/henry/Github/Github_desktop/henryreed.ai/hosting/tests/e2e/smoke.spec.ts:60:5

    attachment #1: screenshot (image/png) ──────────────────────────────────────────────────────────
    ../../test-results/smoke-Navigation-System-sm-d6822-ld-show-correct-breadcrumbs-firefox/test-failed-1.png
    ────────────────────────────────────────────────────────────────────────────────────────────────

    attachment #2: video (video/webm) ──────────────────────────────────────────────────────────────
    ../../test-results/smoke-Navigation-System-sm-d6822-ld-show-correct-breadcrumbs-firefox/video.webm
    ────────────────────────────────────────────────────────────────────────────────────────────────

    Error Context: ../../test-results/smoke-Navigation-System-sm-d6822-ld-show-correct-breadcrumbs-firefox/error-context.md
]]>
</failure>
<system-out>
<![CDATA[
[[ATTACHMENT|smoke-Navigation-System-sm-d6822-ld-show-correct-breadcrumbs-firefox/test-failed-1.png]]

[[ATTACHMENT|smoke-Navigation-System-sm-d6822-ld-show-correct-breadcrumbs-firefox/video.webm]]

[[ATTACHMENT|smoke-Navigation-System-sm-d6822-ld-show-correct-breadcrumbs-firefox/error-context.md]]
]]>
</system-out>
</testcase>
<testcase name="Navigation System @smoke › should handle mobile navigation" classname="smoke.spec.ts" time="30.088">
<failure message="smoke.spec.ts:85:7 should handle mobile navigation" type="FAILURE">
<![CDATA[  [firefox] › smoke.spec.ts:85:7 › Navigation System @smoke › should handle mobile navigation ──────

    Test timeout of 30000ms exceeded while running "beforeEach" hook.

      57 |
      58 | test.describe('Navigation System @smoke', () => {
    > 59 |   test.beforeEach(async ({ page }) => {
         |        ^
      60 |     await login(page);
      61 |   });
      62 |
        at /Users/henry/Github/Github_desktop/henryreed.ai/hosting/tests/e2e/smoke.spec.ts:59:8

    Error: page.fill: Test timeout of 30000ms exceeded.
    Call log:
      - waiting for locator('input[type="text"]')


      10 | async function login(page: Page) {
      11 |   await page.goto('/');
    > 12 |   await page.fill('input[type="text"]', TEST_CREDENTIALS.username);
         |              ^
      13 |   await page.fill('input[type="password"]', TEST_CREDENTIALS.password);
      14 |   await page.click('button[type="submit"]');
      15 |   await page.waitForURL('/gui');
        at login (/Users/henry/Github/Github_desktop/henryreed.ai/hosting/tests/e2e/smoke.spec.ts:12:14)
        at /Users/henry/Github/Github_desktop/henryreed.ai/hosting/tests/e2e/smoke.spec.ts:60:5

    attachment #1: screenshot (image/png) ──────────────────────────────────────────────────────────
    ../../test-results/smoke-Navigation-System-sm-12206-ld-handle-mobile-navigation-firefox/test-failed-1.png
    ────────────────────────────────────────────────────────────────────────────────────────────────

    attachment #2: video (video/webm) ──────────────────────────────────────────────────────────────
    ../../test-results/smoke-Navigation-System-sm-12206-ld-handle-mobile-navigation-firefox/video.webm
    ────────────────────────────────────────────────────────────────────────────────────────────────

    Error Context: ../../test-results/smoke-Navigation-System-sm-12206-ld-handle-mobile-navigation-firefox/error-context.md
]]>
</failure>
<system-out>
<![CDATA[
[[ATTACHMENT|smoke-Navigation-System-sm-12206-ld-handle-mobile-navigation-firefox/test-failed-1.png]]

[[ATTACHMENT|smoke-Navigation-System-sm-12206-ld-handle-mobile-navigation-firefox/video.webm]]

[[ATTACHMENT|smoke-Navigation-System-sm-12206-ld-handle-mobile-navigation-firefox/error-context.md]]
]]>
</system-out>
</testcase>
<testcase name="GUI Dashboard Functionality @smoke › should display all dashboard tabs" classname="smoke.spec.ts" time="30.04">
<failure message="smoke.spec.ts:103:7 should display all dashboard tabs" type="FAILURE">
<![CDATA[  [firefox] › smoke.spec.ts:103:7 › GUI Dashboard Functionality @smoke › should display all dashboard tabs 

    Test timeout of 30000ms exceeded while running "beforeEach" hook.

       97 |
       98 | test.describe('GUI Dashboard Functionality @smoke', () => {
    >  99 |   test.beforeEach(async ({ page }) => {
          |        ^
      100 |     await login(page);
      101 |   });
      102 |
        at /Users/henry/Github/Github_desktop/henryreed.ai/hosting/tests/e2e/smoke.spec.ts:99:8

    Error: page.fill: Test timeout of 30000ms exceeded.
    Call log:
      - waiting for locator('input[type="text"]')


      10 | async function login(page: Page) {
      11 |   await page.goto('/');
    > 12 |   await page.fill('input[type="text"]', TEST_CREDENTIALS.username);
         |              ^
      13 |   await page.fill('input[type="password"]', TEST_CREDENTIALS.password);
      14 |   await page.click('button[type="submit"]');
      15 |   await page.waitForURL('/gui');
        at login (/Users/henry/Github/Github_desktop/henryreed.ai/hosting/tests/e2e/smoke.spec.ts:12:14)
        at /Users/henry/Github/Github_desktop/henryreed.ai/hosting/tests/e2e/smoke.spec.ts:100:5

    attachment #1: screenshot (image/png) ──────────────────────────────────────────────────────────
    ../../test-results/smoke-GUI-Dashboard-Functi-5631f--display-all-dashboard-tabs-firefox/test-failed-1.png
    ────────────────────────────────────────────────────────────────────────────────────────────────

    attachment #2: video (video/webm) ──────────────────────────────────────────────────────────────
    ../../test-results/smoke-GUI-Dashboard-Functi-5631f--display-all-dashboard-tabs-firefox/video.webm
    ────────────────────────────────────────────────────────────────────────────────────────────────

    Error Context: ../../test-results/smoke-GUI-Dashboard-Functi-5631f--display-all-dashboard-tabs-firefox/error-context.md
]]>
</failure>
<system-out>
<![CDATA[
[[ATTACHMENT|smoke-GUI-Dashboard-Functi-5631f--display-all-dashboard-tabs-firefox/test-failed-1.png]]

[[ATTACHMENT|smoke-GUI-Dashboard-Functi-5631f--display-all-dashboard-tabs-firefox/video.webm]]

[[ATTACHMENT|smoke-GUI-Dashboard-Functi-5631f--display-all-dashboard-tabs-firefox/error-context.md]]
]]>
</system-out>
</testcase>
<testcase name="GUI Dashboard Functionality @smoke › should switch between dashboard tabs" classname="smoke.spec.ts" time="30.037">
<failure message="smoke.spec.ts:116:7 should switch between dashboard tabs" type="FAILURE">
<![CDATA[  [firefox] › smoke.spec.ts:116:7 › GUI Dashboard Functionality @smoke › should switch between dashboard tabs 

    Test timeout of 30000ms exceeded while running "beforeEach" hook.

       97 |
       98 | test.describe('GUI Dashboard Functionality @smoke', () => {
    >  99 |   test.beforeEach(async ({ page }) => {
          |        ^
      100 |     await login(page);
      101 |   });
      102 |
        at /Users/henry/Github/Github_desktop/henryreed.ai/hosting/tests/e2e/smoke.spec.ts:99:8

    Error: page.fill: Test timeout of 30000ms exceeded.
    Call log:
      - waiting for locator('input[type="text"]')


      10 | async function login(page: Page) {
      11 |   await page.goto('/');
    > 12 |   await page.fill('input[type="text"]', TEST_CREDENTIALS.username);
         |              ^
      13 |   await page.fill('input[type="password"]', TEST_CREDENTIALS.password);
      14 |   await page.click('button[type="submit"]');
      15 |   await page.waitForURL('/gui');
        at login (/Users/henry/Github/Github_desktop/henryreed.ai/hosting/tests/e2e/smoke.spec.ts:12:14)
        at /Users/henry/Github/Github_desktop/henryreed.ai/hosting/tests/e2e/smoke.spec.ts:100:5

    attachment #1: screenshot (image/png) ──────────────────────────────────────────────────────────
    ../../test-results/smoke-GUI-Dashboard-Functi-dddc0-itch-between-dashboard-tabs-firefox/test-failed-1.png
    ────────────────────────────────────────────────────────────────────────────────────────────────

    attachment #2: video (video/webm) ──────────────────────────────────────────────────────────────
    ../../test-results/smoke-GUI-Dashboard-Functi-dddc0-itch-between-dashboard-tabs-firefox/video.webm
    ────────────────────────────────────────────────────────────────────────────────────────────────

    Error Context: ../../test-results/smoke-GUI-Dashboard-Functi-dddc0-itch-between-dashboard-tabs-firefox/error-context.md
]]>
</failure>
<system-out>
<![CDATA[
[[ATTACHMENT|smoke-GUI-Dashboard-Functi-dddc0-itch-between-dashboard-tabs-firefox/test-failed-1.png]]

[[ATTACHMENT|smoke-GUI-Dashboard-Functi-dddc0-itch-between-dashboard-tabs-firefox/video.webm]]

[[ATTACHMENT|smoke-GUI-Dashboard-Functi-dddc0-itch-between-dashboard-tabs-firefox/error-context.md]]
]]>
</system-out>
</testcase>
<testcase name="GUI Dashboard Functionality @smoke › should show user context and role information" classname="smoke.spec.ts" time="30.036">
<failure message="smoke.spec.ts:129:7 should show user context and role information" type="FAILURE">
<![CDATA[  [firefox] › smoke.spec.ts:129:7 › GUI Dashboard Functionality @smoke › should show user context and role information 

    Test timeout of 30000ms exceeded while running "beforeEach" hook.

       97 |
       98 | test.describe('GUI Dashboard Functionality @smoke', () => {
    >  99 |   test.beforeEach(async ({ page }) => {
          |        ^
      100 |     await login(page);
      101 |   });
      102 |
        at /Users/henry/Github/Github_desktop/henryreed.ai/hosting/tests/e2e/smoke.spec.ts:99:8

    Error: page.fill: Test timeout of 30000ms exceeded.
    Call log:
      - waiting for locator('input[type="text"]')


      10 | async function login(page: Page) {
      11 |   await page.goto('/');
    > 12 |   await page.fill('input[type="text"]', TEST_CREDENTIALS.username);
         |              ^
      13 |   await page.fill('input[type="password"]', TEST_CREDENTIALS.password);
      14 |   await page.click('button[type="submit"]');
      15 |   await page.waitForURL('/gui');
        at login (/Users/henry/Github/Github_desktop/henryreed.ai/hosting/tests/e2e/smoke.spec.ts:12:14)
        at /Users/henry/Github/Github_desktop/henryreed.ai/hosting/tests/e2e/smoke.spec.ts:100:5

    attachment #1: screenshot (image/png) ──────────────────────────────────────────────────────────
    ../../test-results/smoke-GUI-Dashboard-Functi-b4fca-ontext-and-role-information-firefox/test-failed-1.png
    ────────────────────────────────────────────────────────────────────────────────────────────────

    attachment #2: video (video/webm) ──────────────────────────────────────────────────────────────
    ../../test-results/smoke-GUI-Dashboard-Functi-b4fca-ontext-and-role-information-firefox/video.webm
    ────────────────────────────────────────────────────────────────────────────────────────────────

    Error Context: ../../test-results/smoke-GUI-Dashboard-Functi-b4fca-ontext-and-role-information-firefox/error-context.md
]]>
</failure>
<system-out>
<![CDATA[
[[ATTACHMENT|smoke-GUI-Dashboard-Functi-b4fca-ontext-and-role-information-firefox/test-failed-1.png]]

[[ATTACHMENT|smoke-GUI-Dashboard-Functi-b4fca-ontext-and-role-information-firefox/video.webm]]

[[ATTACHMENT|smoke-GUI-Dashboard-Functi-b4fca-ontext-and-role-information-firefox/error-context.md]]
]]>
</system-out>
</testcase>
<testcase name="GUI Dashboard Functionality @smoke › should filter tabs based on user role" classname="smoke.spec.ts" time="30.032">
<failure message="smoke.spec.ts:138:7 should filter tabs based on user role" type="FAILURE">
<![CDATA[  [firefox] › smoke.spec.ts:138:7 › GUI Dashboard Functionality @smoke › should filter tabs based on user role 

    Test timeout of 30000ms exceeded while running "beforeEach" hook.

       97 |
       98 | test.describe('GUI Dashboard Functionality @smoke', () => {
    >  99 |   test.beforeEach(async ({ page }) => {
          |        ^
      100 |     await login(page);
      101 |   });
      102 |
        at /Users/henry/Github/Github_desktop/henryreed.ai/hosting/tests/e2e/smoke.spec.ts:99:8

    Error: page.fill: Test timeout of 30000ms exceeded.
    Call log:
      - waiting for locator('input[type="text"]')


      10 | async function login(page: Page) {
      11 |   await page.goto('/');
    > 12 |   await page.fill('input[type="text"]', TEST_CREDENTIALS.username);
         |              ^
      13 |   await page.fill('input[type="password"]', TEST_CREDENTIALS.password);
      14 |   await page.click('button[type="submit"]');
      15 |   await page.waitForURL('/gui');
        at login (/Users/henry/Github/Github_desktop/henryreed.ai/hosting/tests/e2e/smoke.spec.ts:12:14)
        at /Users/henry/Github/Github_desktop/henryreed.ai/hosting/tests/e2e/smoke.spec.ts:100:5

    attachment #1: screenshot (image/png) ──────────────────────────────────────────────────────────
    ../../test-results/smoke-GUI-Dashboard-Functi-f08b1-ter-tabs-based-on-user-role-firefox/test-failed-1.png
    ────────────────────────────────────────────────────────────────────────────────────────────────

    attachment #2: video (video/webm) ──────────────────────────────────────────────────────────────
    ../../test-results/smoke-GUI-Dashboard-Functi-f08b1-ter-tabs-based-on-user-role-firefox/video.webm
    ────────────────────────────────────────────────────────────────────────────────────────────────

    Error Context: ../../test-results/smoke-GUI-Dashboard-Functi-f08b1-ter-tabs-based-on-user-role-firefox/error-context.md
]]>
</failure>
<system-out>
<![CDATA[
[[ATTACHMENT|smoke-GUI-Dashboard-Functi-f08b1-ter-tabs-based-on-user-role-firefox/test-failed-1.png]]

[[ATTACHMENT|smoke-GUI-Dashboard-Functi-f08b1-ter-tabs-based-on-user-role-firefox/video.webm]]

[[ATTACHMENT|smoke-GUI-Dashboard-Functi-f08b1-ter-tabs-based-on-user-role-firefox/error-context.md]]
]]>
</system-out>
</testcase>
<testcase name="TRR Management @smoke › should navigate to TRR section" classname="smoke.spec.ts" time="30.034">
<failure message="smoke.spec.ts:154:7 should navigate to TRR section" type="FAILURE">
<![CDATA[  [firefox] › smoke.spec.ts:154:7 › TRR Management @smoke › should navigate to TRR section ─────────

    Test timeout of 30000ms exceeded while running "beforeEach" hook.

      148 |
      149 | test.describe('TRR Management @smoke', () => {
    > 150 |   test.beforeEach(async ({ page }) => {
          |        ^
      151 |     await login(page);
      152 |   });
      153 |
        at /Users/henry/Github/Github_desktop/henryreed.ai/hosting/tests/e2e/smoke.spec.ts:150:8

    Error: page.fill: Test timeout of 30000ms exceeded.
    Call log:
      - waiting for locator('input[type="text"]')


      10 | async function login(page: Page) {
      11 |   await page.goto('/');
    > 12 |   await page.fill('input[type="text"]', TEST_CREDENTIALS.username);
         |              ^
      13 |   await page.fill('input[type="password"]', TEST_CREDENTIALS.password);
      14 |   await page.click('button[type="submit"]');
      15 |   await page.waitForURL('/gui');
        at login (/Users/henry/Github/Github_desktop/henryreed.ai/hosting/tests/e2e/smoke.spec.ts:12:14)
        at /Users/henry/Github/Github_desktop/henryreed.ai/hosting/tests/e2e/smoke.spec.ts:151:5

    attachment #1: screenshot (image/png) ──────────────────────────────────────────────────────────
    ../../test-results/smoke-TRR-Management-smoke-should-navigate-to-TRR-section-firefox/test-failed-1.png
    ────────────────────────────────────────────────────────────────────────────────────────────────

    attachment #2: video (video/webm) ──────────────────────────────────────────────────────────────
    ../../test-results/smoke-TRR-Management-smoke-should-navigate-to-TRR-section-firefox/video.webm
    ────────────────────────────────────────────────────────────────────────────────────────────────

    Error Context: ../../test-results/smoke-TRR-Management-smoke-should-navigate-to-TRR-section-firefox/error-context.md
]]>
</failure>
<system-out>
<![CDATA[
[[ATTACHMENT|smoke-TRR-Management-smoke-should-navigate-to-TRR-section-firefox/test-failed-1.png]]

[[ATTACHMENT|smoke-TRR-Management-smoke-should-navigate-to-TRR-section-firefox/video.webm]]

[[ATTACHMENT|smoke-TRR-Management-smoke-should-navigate-to-TRR-section-firefox/error-context.md]]
]]>
</system-out>
</testcase>
<testcase name="TRR Management @smoke › should show TRR creation functionality" classname="smoke.spec.ts" time="30.04">
<failure message="smoke.spec.ts:163:7 should show TRR creation functionality" type="FAILURE">
<![CDATA[  [firefox] › smoke.spec.ts:163:7 › TRR Management @smoke › should show TRR creation functionality ─

    Test timeout of 30000ms exceeded while running "beforeEach" hook.

      148 |
      149 | test.describe('TRR Management @smoke', () => {
    > 150 |   test.beforeEach(async ({ page }) => {
          |        ^
      151 |     await login(page);
      152 |   });
      153 |
        at /Users/henry/Github/Github_desktop/henryreed.ai/hosting/tests/e2e/smoke.spec.ts:150:8

    Error: page.fill: Test timeout of 30000ms exceeded.
    Call log:
      - waiting for locator('input[type="text"]')


      10 | async function login(page: Page) {
      11 |   await page.goto('/');
    > 12 |   await page.fill('input[type="text"]', TEST_CREDENTIALS.username);
         |              ^
      13 |   await page.fill('input[type="password"]', TEST_CREDENTIALS.password);
      14 |   await page.click('button[type="submit"]');
      15 |   await page.waitForURL('/gui');
        at login (/Users/henry/Github/Github_desktop/henryreed.ai/hosting/tests/e2e/smoke.spec.ts:12:14)
        at /Users/henry/Github/Github_desktop/henryreed.ai/hosting/tests/e2e/smoke.spec.ts:151:5

    attachment #1: screenshot (image/png) ──────────────────────────────────────────────────────────
    ../../test-results/smoke-TRR-Management-smoke-609bb--TRR-creation-functionality-firefox/test-failed-1.png
    ────────────────────────────────────────────────────────────────────────────────────────────────

    attachment #2: video (video/webm) ──────────────────────────────────────────────────────────────
    ../../test-results/smoke-TRR-Management-smoke-609bb--TRR-creation-functionality-firefox/video.webm
    ────────────────────────────────────────────────────────────────────────────────────────────────

    Error Context: ../../test-results/smoke-TRR-Management-smoke-609bb--TRR-creation-functionality-firefox/error-context.md
]]>
</failure>
<system-out>
<![CDATA[
[[ATTACHMENT|smoke-TRR-Management-smoke-609bb--TRR-creation-functionality-firefox/test-failed-1.png]]

[[ATTACHMENT|smoke-TRR-Management-smoke-609bb--TRR-creation-functionality-firefox/video.webm]]

[[ATTACHMENT|smoke-TRR-Management-smoke-609bb--TRR-creation-functionality-firefox/error-context.md]]
]]>
</system-out>
</testcase>
<testcase name="TRR Management @smoke › should show SDW (Solution Design Workbook) integration" classname="smoke.spec.ts" time="30.042">
<failure message="smoke.spec.ts:171:7 should show SDW (Solution Design Workbook) integration" type="FAILURE">
<![CDATA[  [firefox] › smoke.spec.ts:171:7 › TRR Management @smoke › should show SDW (Solution Design Workbook) integration 

    Test timeout of 30000ms exceeded while running "beforeEach" hook.

      148 |
      149 | test.describe('TRR Management @smoke', () => {
    > 150 |   test.beforeEach(async ({ page }) => {
          |        ^
      151 |     await login(page);
      152 |   });
      153 |
        at /Users/henry/Github/Github_desktop/henryreed.ai/hosting/tests/e2e/smoke.spec.ts:150:8

    Error: page.fill: Test timeout of 30000ms exceeded.
    Call log:
      - waiting for locator('input[type="text"]')


      10 | async function login(page: Page) {
      11 |   await page.goto('/');
    > 12 |   await page.fill('input[type="text"]', TEST_CREDENTIALS.username);
         |              ^
      13 |   await page.fill('input[type="password"]', TEST_CREDENTIALS.password);
      14 |   await page.click('button[type="submit"]');
      15 |   await page.waitForURL('/gui');
        at login (/Users/henry/Github/Github_desktop/henryreed.ai/hosting/tests/e2e/smoke.spec.ts:12:14)
        at /Users/henry/Github/Github_desktop/henryreed.ai/hosting/tests/e2e/smoke.spec.ts:151:5

    attachment #1: screenshot (image/png) ──────────────────────────────────────────────────────────
    ../../test-results/smoke-TRR-Management-smoke-514c9-Design-Workbook-integration-firefox/test-failed-1.png
    ────────────────────────────────────────────────────────────────────────────────────────────────

    attachment #2: video (video/webm) ──────────────────────────────────────────────────────────────
    ../../test-results/smoke-TRR-Management-smoke-514c9-Design-Workbook-integration-firefox/video.webm
    ────────────────────────────────────────────────────────────────────────────────────────────────

    Error Context: ../../test-results/smoke-TRR-Management-smoke-514c9-Design-Workbook-integration-firefox/error-context.md
]]>
</failure>
<system-out>
<![CDATA[
[[ATTACHMENT|smoke-TRR-Management-smoke-514c9-Design-Workbook-integration-firefox/test-failed-1.png]]

[[ATTACHMENT|smoke-TRR-Management-smoke-514c9-Design-Workbook-integration-firefox/video.webm]]

[[ATTACHMENT|smoke-TRR-Management-smoke-514c9-Design-Workbook-integration-firefox/error-context.md]]
]]>
</system-out>
</testcase>
<testcase name="Error Handling &amp; Resilience @smoke › should handle network errors gracefully" classname="smoke.spec.ts" time="30.042">
<failure message="smoke.spec.ts:181:7 should handle network errors gracefully" type="FAILURE">
<![CDATA[  [firefox] › smoke.spec.ts:181:7 › Error Handling & Resilience @smoke › should handle network errors gracefully 

    Test timeout of 30000ms exceeded.

    Error: page.fill: Test timeout of 30000ms exceeded.
    Call log:
      - waiting for locator('input[type="text"]')


      10 | async function login(page: Page) {
      11 |   await page.goto('/');
    > 12 |   await page.fill('input[type="text"]', TEST_CREDENTIALS.username);
         |              ^
      13 |   await page.fill('input[type="password"]', TEST_CREDENTIALS.password);
      14 |   await page.click('button[type="submit"]');
      15 |   await page.waitForURL('/gui');
        at login (/Users/henry/Github/Github_desktop/henryreed.ai/hosting/tests/e2e/smoke.spec.ts:12:14)
        at /Users/henry/Github/Github_desktop/henryreed.ai/hosting/tests/e2e/smoke.spec.ts:182:5

    attachment #1: screenshot (image/png) ──────────────────────────────────────────────────────────
    ../../test-results/smoke-Error-Handling-Resil-f546e-e-network-errors-gracefully-firefox/test-failed-1.png
    ────────────────────────────────────────────────────────────────────────────────────────────────

    attachment #2: video (video/webm) ──────────────────────────────────────────────────────────────
    ../../test-results/smoke-Error-Handling-Resil-f546e-e-network-errors-gracefully-firefox/video.webm
    ────────────────────────────────────────────────────────────────────────────────────────────────

    Error Context: ../../test-results/smoke-Error-Handling-Resil-f546e-e-network-errors-gracefully-firefox/error-context.md
]]>
</failure>
<system-out>
<![CDATA[
[[ATTACHMENT|smoke-Error-Handling-Resil-f546e-e-network-errors-gracefully-firefox/test-failed-1.png]]

[[ATTACHMENT|smoke-Error-Handling-Resil-f546e-e-network-errors-gracefully-firefox/video.webm]]

[[ATTACHMENT|smoke-Error-Handling-Resil-f546e-e-network-errors-gracefully-firefox/error-context.md]]
]]>
</system-out>
</testcase>
<testcase name="Error Handling &amp; Resilience @smoke › should show loading states" classname="smoke.spec.ts" time="30.038">
<failure message="smoke.spec.ts:194:7 should show loading states" type="FAILURE">
<![CDATA[  [firefox] › smoke.spec.ts:194:7 › Error Handling & Resilience @smoke › should show loading states 

    Test timeout of 30000ms exceeded.

    Error: page.fill: Test timeout of 30000ms exceeded.
    Call log:
      - waiting for locator('input[type="text"]')


      10 | async function login(page: Page) {
      11 |   await page.goto('/');
    > 12 |   await page.fill('input[type="text"]', TEST_CREDENTIALS.username);
         |              ^
      13 |   await page.fill('input[type="password"]', TEST_CREDENTIALS.password);
      14 |   await page.click('button[type="submit"]');
      15 |   await page.waitForURL('/gui');
        at login (/Users/henry/Github/Github_desktop/henryreed.ai/hosting/tests/e2e/smoke.spec.ts:12:14)
        at /Users/henry/Github/Github_desktop/henryreed.ai/hosting/tests/e2e/smoke.spec.ts:195:5

    attachment #1: screenshot (image/png) ──────────────────────────────────────────────────────────
    ../../test-results/smoke-Error-Handling-Resil-8dfcc--should-show-loading-states-firefox/test-failed-1.png
    ────────────────────────────────────────────────────────────────────────────────────────────────

    attachment #2: video (video/webm) ──────────────────────────────────────────────────────────────
    ../../test-results/smoke-Error-Handling-Resil-8dfcc--should-show-loading-states-firefox/video.webm
    ────────────────────────────────────────────────────────────────────────────────────────────────

    Error Context: ../../test-results/smoke-Error-Handling-Resil-8dfcc--should-show-loading-states-firefox/error-context.md
]]>
</failure>
<system-out>
<![CDATA[
[[ATTACHMENT|smoke-Error-Handling-Resil-8dfcc--should-show-loading-states-firefox/test-failed-1.png]]

[[ATTACHMENT|smoke-Error-Handling-Resil-8dfcc--should-show-loading-states-firefox/video.webm]]

[[ATTACHMENT|smoke-Error-Handling-Resil-8dfcc--should-show-loading-states-firefox/error-context.md]]
]]>
</system-out>
</testcase>
<testcase name="Error Handling &amp; Resilience @smoke › should handle JavaScript errors" classname="smoke.spec.ts" time="30.039">
<failure message="smoke.spec.ts:204:7 should handle JavaScript errors" type="FAILURE">
<![CDATA[  [firefox] › smoke.spec.ts:204:7 › Error Handling & Resilience @smoke › should handle JavaScript errors 

    Test timeout of 30000ms exceeded.

    Error: page.fill: Test timeout of 30000ms exceeded.
    Call log:
      - waiting for locator('input[type="text"]')


      10 | async function login(page: Page) {
      11 |   await page.goto('/');
    > 12 |   await page.fill('input[type="text"]', TEST_CREDENTIALS.username);
         |              ^
      13 |   await page.fill('input[type="password"]', TEST_CREDENTIALS.password);
      14 |   await page.click('button[type="submit"]');
      15 |   await page.waitForURL('/gui');
        at login (/Users/henry/Github/Github_desktop/henryreed.ai/hosting/tests/e2e/smoke.spec.ts:12:14)
        at /Users/henry/Github/Github_desktop/henryreed.ai/hosting/tests/e2e/smoke.spec.ts:213:5

    attachment #1: screenshot (image/png) ──────────────────────────────────────────────────────────
    ../../test-results/smoke-Error-Handling-Resil-d2448-ld-handle-JavaScript-errors-firefox/test-failed-1.png
    ────────────────────────────────────────────────────────────────────────────────────────────────

    attachment #2: video (video/webm) ──────────────────────────────────────────────────────────────
    ../../test-results/smoke-Error-Handling-Resil-d2448-ld-handle-JavaScript-errors-firefox/video.webm
    ────────────────────────────────────────────────────────────────────────────────────────────────

    Error Context: ../../test-results/smoke-Error-Handling-Resil-d2448-ld-handle-JavaScript-errors-firefox/error-context.md
]]>
</failure>
<system-out>
<![CDATA[
[[ATTACHMENT|smoke-Error-Handling-Resil-d2448-ld-handle-JavaScript-errors-firefox/test-failed-1.png]]

[[ATTACHMENT|smoke-Error-Handling-Resil-d2448-ld-handle-JavaScript-errors-firefox/video.webm]]

[[ATTACHMENT|smoke-Error-Handling-Resil-d2448-ld-handle-JavaScript-errors-firefox/error-context.md]]
]]>
</system-out>
</testcase>
<testcase name="Accessibility &amp; Performance @smoke › should meet basic accessibility standards" classname="smoke.spec.ts" time="30.031">
<failure message="smoke.spec.ts:237:7 should meet basic accessibility standards" type="FAILURE">
<![CDATA[  [firefox] › smoke.spec.ts:237:7 › Accessibility & Performance @smoke › should meet basic accessibility standards 

    Test timeout of 30000ms exceeded.

    Error: page.fill: Test timeout of 30000ms exceeded.
    Call log:
      - waiting for locator('input[type="text"]')


      10 | async function login(page: Page) {
      11 |   await page.goto('/');
    > 12 |   await page.fill('input[type="text"]', TEST_CREDENTIALS.username);
         |              ^
      13 |   await page.fill('input[type="password"]', TEST_CREDENTIALS.password);
      14 |   await page.click('button[type="submit"]');
      15 |   await page.waitForURL('/gui');
        at login (/Users/henry/Github/Github_desktop/henryreed.ai/hosting/tests/e2e/smoke.spec.ts:12:14)
        at /Users/henry/Github/Github_desktop/henryreed.ai/hosting/tests/e2e/smoke.spec.ts:238:5

    attachment #1: screenshot (image/png) ──────────────────────────────────────────────────────────
    ../../test-results/smoke-Accessibility-Perfor-ec447-sic-accessibility-standards-firefox/test-failed-1.png
    ────────────────────────────────────────────────────────────────────────────────────────────────

    attachment #2: video (video/webm) ──────────────────────────────────────────────────────────────
    ../../test-results/smoke-Accessibility-Perfor-ec447-sic-accessibility-standards-firefox/video.webm
    ────────────────────────────────────────────────────────────────────────────────────────────────

    Error Context: ../../test-results/smoke-Accessibility-Perfor-ec447-sic-accessibility-standards-firefox/error-context.md
]]>
</failure>
<system-out>
<![CDATA[
[[ATTACHMENT|smoke-Accessibility-Perfor-ec447-sic-accessibility-standards-firefox/test-failed-1.png]]

[[ATTACHMENT|smoke-Accessibility-Perfor-ec447-sic-accessibility-standards-firefox/video.webm]]

[[ATTACHMENT|smoke-Accessibility-Perfor-ec447-sic-accessibility-standards-firefox/error-context.md]]
]]>
</system-out>
</testcase>
<testcase name="Accessibility &amp; Performance @smoke › should load within acceptable time limits" classname="smoke.spec.ts" time="0.552">
</testcase>
<testcase name="Accessibility &amp; Performance @smoke › should be responsive on different screen sizes" classname="smoke.spec.ts" time="30.036">
<failure message="smoke.spec.ts:281:7 should be responsive on different screen sizes" type="FAILURE">
<![CDATA[  [firefox] › smoke.spec.ts:281:7 › Accessibility & Performance @smoke › should be responsive on different screen sizes 

    Test timeout of 30000ms exceeded.

    Error: page.fill: Test timeout of 30000ms exceeded.
    Call log:
      - waiting for locator('input[type="text"]')


      10 | async function login(page: Page) {
      11 |   await page.goto('/');
    > 12 |   await page.fill('input[type="text"]', TEST_CREDENTIALS.username);
         |              ^
      13 |   await page.fill('input[type="password"]', TEST_CREDENTIALS.password);
      14 |   await page.click('button[type="submit"]');
      15 |   await page.waitForURL('/gui');
        at login (/Users/henry/Github/Github_desktop/henryreed.ai/hosting/tests/e2e/smoke.spec.ts:12:14)
        at /Users/henry/Github/Github_desktop/henryreed.ai/hosting/tests/e2e/smoke.spec.ts:282:5

    attachment #1: screenshot (image/png) ──────────────────────────────────────────────────────────
    ../../test-results/smoke-Accessibility-Perfor-b8963-e-on-different-screen-sizes-firefox/test-failed-1.png
    ────────────────────────────────────────────────────────────────────────────────────────────────

    attachment #2: video (video/webm) ──────────────────────────────────────────────────────────────
    ../../test-results/smoke-Accessibility-Perfor-b8963-e-on-different-screen-sizes-firefox/video.webm
    ────────────────────────────────────────────────────────────────────────────────────────────────

    Error Context: ../../test-results/smoke-Accessibility-Perfor-b8963-e-on-different-screen-sizes-firefox/error-context.md
]]>
</failure>
<system-out>
<![CDATA[
[[ATTACHMENT|smoke-Accessibility-Perfor-b8963-e-on-different-screen-sizes-firefox/test-failed-1.png]]

[[ATTACHMENT|smoke-Accessibility-Perfor-b8963-e-on-different-screen-sizes-firefox/video.webm]]

[[ATTACHMENT|smoke-Accessibility-Perfor-b8963-e-on-different-screen-sizes-firefox/error-context.md]]
]]>
</system-out>
</testcase>
<testcase name="Data Persistence &amp; State Management @smoke › should maintain login state after page reload" classname="smoke.spec.ts" time="30.022">
<failure message="smoke.spec.ts:299:7 should maintain login state after page reload" type="FAILURE">
<![CDATA[  [firefox] › smoke.spec.ts:299:7 › Data Persistence & State Management @smoke › should maintain login state after page reload 

    Test timeout of 30000ms exceeded.

    Error: page.fill: Test timeout of 30000ms exceeded.
    Call log:
      - waiting for locator('input[type="text"]')


      10 | async function login(page: Page) {
      11 |   await page.goto('/');
    > 12 |   await page.fill('input[type="text"]', TEST_CREDENTIALS.username);
         |              ^
      13 |   await page.fill('input[type="password"]', TEST_CREDENTIALS.password);
      14 |   await page.click('button[type="submit"]');
      15 |   await page.waitForURL('/gui');
        at login (/Users/henry/Github/Github_desktop/henryreed.ai/hosting/tests/e2e/smoke.spec.ts:12:14)
        at /Users/henry/Github/Github_desktop/henryreed.ai/hosting/tests/e2e/smoke.spec.ts:300:5

    attachment #1: screenshot (image/png) ──────────────────────────────────────────────────────────
    ../../test-results/smoke-Data-Persistence-Sta-3bab3-gin-state-after-page-reload-firefox/test-failed-1.png
    ────────────────────────────────────────────────────────────────────────────────────────────────

    attachment #2: video (video/webm) ──────────────────────────────────────────────────────────────
    ../../test-results/smoke-Data-Persistence-Sta-3bab3-gin-state-after-page-reload-firefox/video.webm
    ────────────────────────────────────────────────────────────────────────────────────────────────

    Error Context: ../../test-results/smoke-Data-Persistence-Sta-3bab3-gin-state-after-page-reload-firefox/error-context.md
]]>
</failure>
<system-out>
<![CDATA[
[[ATTACHMENT|smoke-Data-Persistence-Sta-3bab3-gin-state-after-page-reload-firefox/test-failed-1.png]]

[[ATTACHMENT|smoke-Data-Persistence-Sta-3bab3-gin-state-after-page-reload-firefox/video.webm]]

[[ATTACHMENT|smoke-Data-Persistence-Sta-3bab3-gin-state-after-page-reload-firefox/error-context.md]]
]]>
</system-out>
</testcase>
<testcase name="Data Persistence &amp; State Management @smoke › should persist navigation state" classname="smoke.spec.ts" time="30.039">
<failure message="smoke.spec.ts:310:7 should persist navigation state" type="FAILURE">
<![CDATA[  [firefox] › smoke.spec.ts:310:7 › Data Persistence & State Management @smoke › should persist navigation state 

    Test timeout of 30000ms exceeded.

    Error: page.fill: Test timeout of 30000ms exceeded.
    Call log:
      - waiting for locator('input[type="text"]')


      10 | async function login(page: Page) {
      11 |   await page.goto('/');
    > 12 |   await page.fill('input[type="text"]', TEST_CREDENTIALS.username);
         |              ^
      13 |   await page.fill('input[type="password"]', TEST_CREDENTIALS.password);
      14 |   await page.click('button[type="submit"]');
      15 |   await page.waitForURL('/gui');
        at login (/Users/henry/Github/Github_desktop/henryreed.ai/hosting/tests/e2e/smoke.spec.ts:12:14)
        at /Users/henry/Github/Github_desktop/henryreed.ai/hosting/tests/e2e/smoke.spec.ts:311:5

    attachment #1: screenshot (image/png) ──────────────────────────────────────────────────────────
    ../../test-results/smoke-Data-Persistence-Sta-4708b-ld-persist-navigation-state-firefox/test-failed-1.png
    ────────────────────────────────────────────────────────────────────────────────────────────────

    attachment #2: video (video/webm) ──────────────────────────────────────────────────────────────
    ../../test-results/smoke-Data-Persistence-Sta-4708b-ld-persist-navigation-state-firefox/video.webm
    ────────────────────────────────────────────────────────────────────────────────────────────────

    Error Context: ../../test-results/smoke-Data-Persistence-Sta-4708b-ld-persist-navigation-state-firefox/error-context.md
]]>
</failure>
<system-out>
<![CDATA[
[[ATTACHMENT|smoke-Data-Persistence-Sta-4708b-ld-persist-navigation-state-firefox/test-failed-1.png]]

[[ATTACHMENT|smoke-Data-Persistence-Sta-4708b-ld-persist-navigation-state-firefox/video.webm]]

[[ATTACHMENT|smoke-Data-Persistence-Sta-4708b-ld-persist-navigation-state-firefox/error-context.md]]
]]>
</system-out>
</testcase>
<testcase name="Data Persistence &amp; State Management @smoke › should persist user activity data" classname="smoke.spec.ts" time="30.045">
<failure message="smoke.spec.ts:324:7 should persist user activity data" type="FAILURE">
<![CDATA[  [firefox] › smoke.spec.ts:324:7 › Data Persistence & State Management @smoke › should persist user activity data 

    Test timeout of 30000ms exceeded.

    Error: page.fill: Test timeout of 30000ms exceeded.
    Call log:
      - waiting for locator('input[type="text"]')


      10 | async function login(page: Page) {
      11 |   await page.goto('/');
    > 12 |   await page.fill('input[type="text"]', TEST_CREDENTIALS.username);
         |              ^
      13 |   await page.fill('input[type="password"]', TEST_CREDENTIALS.password);
      14 |   await page.click('button[type="submit"]');
      15 |   await page.waitForURL('/gui');
        at login (/Users/henry/Github/Github_desktop/henryreed.ai/hosting/tests/e2e/smoke.spec.ts:12:14)
        at /Users/henry/Github/Github_desktop/henryreed.ai/hosting/tests/e2e/smoke.spec.ts:325:5

    attachment #1: screenshot (image/png) ──────────────────────────────────────────────────────────
    ../../test-results/smoke-Data-Persistence-Sta-82e10--persist-user-activity-data-firefox/test-failed-1.png
    ────────────────────────────────────────────────────────────────────────────────────────────────

[...]
<![CDATA[
[[ATTACHMENT|smoke-Modern-UI-UX-Feature-10fca-dle-loading-states-properly-Mobile-Safari/test-failed-1.png]]

[[ATTACHMENT|smoke-Modern-UI-UX-Feature-10fca-dle-loading-states-properly-Mobile-Safari/video.webm]]

[[ATTACHMENT|smoke-Modern-UI-UX-Feature-10fca-dle-loading-states-properly-Mobile-Safari/error-context.md]]
]]>
</system-out>
</testcase>
<testcase name="Modern UI/UX Features @smoke › should support keyboard navigation and shortcuts" classname="smoke.spec.ts" time="1.537">
<system-out>
<![CDATA[Keyboard navigation working: false
]]>
</system-out>
</testcase>
</testsuite>
<testsuite name="smoke.spec.ts" timestamp="2025-10-03T21:15:40.396Z" hostname="Microsoft Edge" tests="34" failures="34" skipped="0" time="0.032" errors="0">
<testcase name="Authentication Flow @smoke › should login with valid credentials" classname="smoke.spec.ts" time="0.001">
<failure message="smoke.spec.ts:19:7 should login with valid credentials" type="FAILURE">
<![CDATA[  [Microsoft Edge] › smoke.spec.ts:19:7 › Authentication Flow @smoke › should login with valid credentials 

    Error: browserType.launch: Chromium distribution 'msedge' is not found at /Applications/Microsoft Edge.app/Contents/MacOS/Microsoft Edge
    Run "npx playwright install msedge"
]]>
</failure>
</testcase>
<testcase name="Authentication Flow @smoke › should show error for invalid credentials" classname="smoke.spec.ts" time="0.001">
<failure message="smoke.spec.ts:36:7 should show error for invalid credentials" type="FAILURE">
<![CDATA[  [Microsoft Edge] › smoke.spec.ts:36:7 › Authentication Flow @smoke › should show error for invalid credentials 

    Error: browserType.launch: Chromium distribution 'msedge' is not found at /Applications/Microsoft Edge.app/Contents/MacOS/Microsoft Edge
    Run "npx playwright install msedge"
]]>
</failure>
</testcase>
<testcase name="Authentication Flow @smoke › should logout successfully" classname="smoke.spec.ts" time="0.001">
<failure message="smoke.spec.ts:46:7 should logout successfully" type="FAILURE">
<![CDATA[  [Microsoft Edge] › smoke.spec.ts:46:7 › Authentication Flow @smoke › should logout successfully ──

    Error: browserType.launch: Chromium distribution 'msedge' is not found at /Applications/Microsoft Edge.app/Contents/MacOS/Microsoft Edge
    Run "npx playwright install msedge"
]]>
</failure>
</testcase>
<testcase name="Navigation System @smoke › should navigate to all main sections" classname="smoke.spec.ts" time="0.001">
<failure message="smoke.spec.ts:63:7 should navigate to all main sections" type="FAILURE">
<![CDATA[  [Microsoft Edge] › smoke.spec.ts:63:7 › Navigation System @smoke › should navigate to all main sections 

    Error: browserType.launch: Chromium distribution 'msedge' is not found at /Applications/Microsoft Edge.app/Contents/MacOS/Microsoft Edge
    Run "npx playwright install msedge"
]]>
</failure>
</testcase>
<testcase name="Navigation System @smoke › should show correct breadcrumbs" classname="smoke.spec.ts" time="0.001">
<failure message="smoke.spec.ts:77:7 should show correct breadcrumbs" type="FAILURE">
<![CDATA[  [Microsoft Edge] › smoke.spec.ts:77:7 › Navigation System @smoke › should show correct breadcrumbs 

    Error: browserType.launch: Chromium distribution 'msedge' is not found at /Applications/Microsoft Edge.app/Contents/MacOS/Microsoft Edge
    Run "npx playwright install msedge"
]]>
</failure>
</testcase>
<testcase name="Navigation System @smoke › should handle mobile navigation" classname="smoke.spec.ts" time="0.001">
<failure message="smoke.spec.ts:85:7 should handle mobile navigation" type="FAILURE">
<![CDATA[  [Microsoft Edge] › smoke.spec.ts:85:7 › Navigation System @smoke › should handle mobile navigation 

    Error: browserType.launch: Chromium distribution 'msedge' is not found at /Applications/Microsoft Edge.app/Contents/MacOS/Microsoft Edge
    Run "npx playwright install msedge"
]]>
</failure>
</testcase>
<testcase name="GUI Dashboard Functionality @smoke › should display all dashboard tabs" classname="smoke.spec.ts" time="0.001">
<failure message="smoke.spec.ts:103:7 should display all dashboard tabs" type="FAILURE">
<![CDATA[  [Microsoft Edge] › smoke.spec.ts:103:7 › GUI Dashboard Functionality @smoke › should display all dashboard tabs 

    Error: browserType.launch: Chromium distribution 'msedge' is not found at /Applications/Microsoft Edge.app/Contents/MacOS/Microsoft Edge
    Run "npx playwright install msedge"
]]>
</failure>
</testcase>
<testcase name="GUI Dashboard Functionality @smoke › should switch between dashboard tabs" classname="smoke.spec.ts" time="0.001">
<failure message="smoke.spec.ts:116:7 should switch between dashboard tabs" type="FAILURE">
<![CDATA[  [Microsoft Edge] › smoke.spec.ts:116:7 › GUI Dashboard Functionality @smoke › should switch between dashboard tabs 

    Error: browserType.launch: Chromium distribution 'msedge' is not found at /Applications/Microsoft Edge.app/Contents/MacOS/Microsoft Edge
    Run "npx playwright install msedge"
]]>
</failure>
</testcase>
<testcase name="GUI Dashboard Functionality @smoke › should show user context and role information" classname="smoke.spec.ts" time="0.001">
<failure message="smoke.spec.ts:129:7 should show user context and role information" type="FAILURE">
<![CDATA[  [Microsoft Edge] › smoke.spec.ts:129:7 › GUI Dashboard Functionality @smoke › should show user context and role information 

    Error: browserType.launch: Chromium distribution 'msedge' is not found at /Applications/Microsoft Edge.app/Contents/MacOS/Microsoft Edge
    Run "npx playwright install msedge"
]]>
</failure>
</testcase>
<testcase name="GUI Dashboard Functionality @smoke › should filter tabs based on user role" classname="smoke.spec.ts" time="0.001">
<failure message="smoke.spec.ts:138:7 should filter tabs based on user role" type="FAILURE">
<![CDATA[  [Microsoft Edge] › smoke.spec.ts:138:7 › GUI Dashboard Functionality @smoke › should filter tabs based on user role 

    Error: browserType.launch: Chromium distribution 'msedge' is not found at /Applications/Microsoft Edge.app/Contents/MacOS/Microsoft Edge
    Run "npx playwright install msedge"
]]>
</failure>
</testcase>
<testcase name="TRR Management @smoke › should navigate to TRR section" classname="smoke.spec.ts" time="0.001">
<failure message="smoke.spec.ts:154:7 should navigate to TRR section" type="FAILURE">
<![CDATA[  [Microsoft Edge] › smoke.spec.ts:154:7 › TRR Management @smoke › should navigate to TRR section ──

    Error: browserType.launch: Chromium distribution 'msedge' is not found at /Applications/Microsoft Edge.app/Contents/MacOS/Microsoft Edge
    Run "npx playwright install msedge"
]]>
</failure>
</testcase>
<testcase name="TRR Management @smoke › should show TRR creation functionality" classname="smoke.spec.ts" time="0.001">
<failure message="smoke.spec.ts:163:7 should show TRR creation functionality" type="FAILURE">
<![CDATA[  [Microsoft Edge] › smoke.spec.ts:163:7 › TRR Management @smoke › should show TRR creation functionality 

    Error: browserType.launch: Chromium distribution 'msedge' is not found at /Applications/Microsoft Edge.app/Contents/MacOS/Microsoft Edge
    Run "npx playwright install msedge"
]]>
</failure>
</testcase>
<testcase name="TRR Management @smoke › should show SDW (Solution Design Workbook) integration" classname="smoke.spec.ts" time="0.001">
<failure message="smoke.spec.ts:171:7 should show SDW (Solution Design Workbook) integration" type="FAILURE">
<![CDATA[  [Microsoft Edge] › smoke.spec.ts:171:7 › TRR Management @smoke › should show SDW (Solution Design Workbook) integration 

    Error: browserType.launch: Chromium distribution 'msedge' is not found at /Applications/Microsoft Edge.app/Contents/MacOS/Microsoft Edge
    Run "npx playwright install msedge"
]]>
</failure>
</testcase>
<testcase name="Error Handling &amp; Resilience @smoke › should handle network errors gracefully" classname="smoke.spec.ts" time="0.001">
<failure message="smoke.spec.ts:181:7 should handle network errors gracefully" type="FAILURE">
<![CDATA[  [Microsoft Edge] › smoke.spec.ts:181:7 › Error Handling & Resilience @smoke › should handle network errors gracefully 

    Error: browserType.launch: Chromium distribution 'msedge' is not found at /Applications/Microsoft Edge.app/Contents/MacOS/Microsoft Edge
    Run "npx playwright install msedge"
]]>
</failure>
</testcase>
<testcase name="Error Handling &amp; Resilience @smoke › should show loading states" classname="smoke.spec.ts" time="0">
<failure message="smoke.spec.ts:194:7 should show loading states" type="FAILURE">
<![CDATA[  [Microsoft Edge] › smoke.spec.ts:194:7 › Error Handling & Resilience @smoke › should show loading states 

    Error: browserType.launch: Chromium distribution 'msedge' is not found at /Applications/Microsoft Edge.app/Contents/MacOS/Microsoft Edge
    Run "npx playwright install msedge"
]]>
</failure>
</testcase>
<testcase name="Error Handling &amp; Resilience @smoke › should handle JavaScript errors" classname="smoke.spec.ts" time="0.001">
<failure message="smoke.spec.ts:204:7 should handle JavaScript errors" type="FAILURE">
<![CDATA[  [Microsoft Edge] › smoke.spec.ts:204:7 › Error Handling & Resilience @smoke › should handle JavaScript errors 

    Error: browserType.launch: Chromium distribution 'msedge' is not found at /Applications/Microsoft Edge.app/Contents/MacOS/Microsoft Edge
    Run "npx playwright install msedge"
]]>
</failure>
</testcase>
<testcase name="Accessibility &amp; Performance @smoke › should meet basic accessibility standards" classname="smoke.spec.ts" time="0.001">
<failure message="smoke.spec.ts:237:7 should meet basic accessibility standards" type="FAILURE">
<![CDATA[  [Microsoft Edge] › smoke.spec.ts:237:7 › Accessibility & Performance @smoke › should meet basic accessibility standards 

    Error: browserType.launch: Chromium distribution 'msedge' is not found at /Applications/Microsoft Edge.app/Contents/MacOS/Microsoft Edge
    Run "npx playwright install msedge"
]]>
</failure>
</testcase>
<testcase name="Accessibility &amp; Performance @smoke › should load within acceptable time limits" classname="smoke.spec.ts" time="0.001">
<failure message="smoke.spec.ts:272:7 should load within acceptable time limits" type="FAILURE">
<![CDATA[  [Microsoft Edge] › smoke.spec.ts:272:7 › Accessibility & Performance @smoke › should load within acceptable time limits 

    Error: browserType.launch: Chromium distribution 'msedge' is not found at /Applications/Microsoft Edge.app/Contents/MacOS/Microsoft Edge
    Run "npx playwright install msedge"
]]>
</failure>
</testcase>
<testcase name="Accessibility &amp; Performance @smoke › should be responsive on different screen sizes" classname="smoke.spec.ts" time="0.001">
<failure message="smoke.spec.ts:281:7 should be responsive on different screen sizes" type="FAILURE">
<![CDATA[  [Microsoft Edge] › smoke.spec.ts:281:7 › Accessibility & Performance @smoke › should be responsive on different screen sizes 

    Error: browserType.launch: Chromium distribution 'msedge' is not found at /Applications/Microsoft Edge.app/Contents/MacOS/Microsoft Edge
    Run "npx playwright install msedge"
]]>
</failure>
</testcase>
<testcase name="Data Persistence &amp; State Management @smoke › should maintain login state after page reload" classname="smoke.spec.ts" time="0.001">
<failure message="smoke.spec.ts:299:7 should maintain login state after page reload" type="FAILURE">
<![CDATA[  [Microsoft Edge] › smoke.spec.ts:299:7 › Data Persistence & State Management @smoke › should maintain login state after page reload 

    Error: browserType.launch: Chromium distribution 'msedge' is not found at /Applications/Microsoft Edge.app/Contents/MacOS/Microsoft Edge
    Run "npx playwright install msedge"
]]>
</failure>
</testcase>
<testcase name="Data Persistence &amp; State Management @smoke › should persist navigation state" classname="smoke.spec.ts" time="0.001">
<failure message="smoke.spec.ts:310:7 should persist navigation state" type="FAILURE">
<![CDATA[  [Microsoft Edge] › smoke.spec.ts:310:7 › Data Persistence & State Management @smoke › should persist navigation state 

    Error: browserType.launch: Chromium distribution 'msedge' is not found at /Applications/Microsoft Edge.app/Contents/MacOS/Microsoft Edge
    Run "npx playwright install msedge"
]]>
</failure>
</testcase>
<testcase name="Data Persistence &amp; State Management @smoke › should persist user activity data" classname="smoke.spec.ts" time="0.001">
<failure message="smoke.spec.ts:324:7 should persist user activity data" type="FAILURE">
<![CDATA[  [Microsoft Edge] › smoke.spec.ts:324:7 › Data Persistence & State Management @smoke › should persist user activity data 

    Error: browserType.launch: Chromium distribution 'msedge' is not found at /Applications/Microsoft Edge.app/Contents/MacOS/Microsoft Edge
    Run "npx playwright install msedge"
]]>
</failure>
</testcase>
<testcase name="Enhanced Components Integration @smoke › should render enhanced CortexButton components" classname="smoke.spec.ts" time="0.001">
<failure message="smoke.spec.ts:344:7 should render enhanced CortexButton components" type="FAILURE">
<![CDATA[  [Microsoft Edge] › smoke.spec.ts:344:7 › Enhanced Components Integration @smoke › should render enhanced CortexButton components 

    Error: browserType.launch: Chromium distribution 'msedge' is not found at /Applications/Microsoft Edge.app/Contents/MacOS/Microsoft Edge
    Run "npx playwright install msedge"
]]>
</failure>
</testcase>
<testcase name="Enhanced Components Integration @smoke › should load user activity service" classname="smoke.spec.ts" time="0.001">
<failure message="smoke.spec.ts:367:7 should load user activity service" type="FAILURE">
<![CDATA[  [Microsoft Edge] › smoke.spec.ts:367:7 › Enhanced Components Integration @smoke › should load user activity service 

    Error: browserType.launch: Chromium distribution 'msedge' is not found at /Applications/Microsoft Edge.app/Contents/MacOS/Microsoft Edge
    Run "npx playwright install msedge"
]]>
</failure>
</testcase>
<testcase name="Enhanced Components Integration @smoke › should support timeline component functionality" classname="smoke.spec.ts" time="0.001">
<failure message="smoke.spec.ts:400:7 should support timeline component functionality" type="FAILURE">
<![CDATA[  [Microsoft Edge] › smoke.spec.ts:400:7 › Enhanced Components Integration @smoke › should support timeline component functionality 

    Error: browserType.launch: Chromium distribution 'msedge' is not found at /Applications/Microsoft Edge.app/Contents/MacOS/Microsoft Edge
    Run "npx playwright install msedge"
]]>
</failure>
</testcase>
<testcase name="Enhanced Components Integration @smoke › should support content library functionality" classname="smoke.spec.ts" time="0.001">
<failure message="smoke.spec.ts:414:7 should support content library functionality" type="FAILURE">
<![CDATA[  [Microsoft Edge] › smoke.spec.ts:414:7 › Enhanced Components Integration @smoke › should support content library functionality 

    Error: browserType.launch: Chromium distribution 'msedge' is not found at /Applications/Microsoft Edge.app/Contents/MacOS/Microsoft Edge
    Run "npx playwright install msedge"
]]>
</failure>
</testcase>
<testcase name="Backend Integration &amp; API Connectivity @smoke › should handle XSIAM API integration" classname="smoke.spec.ts" time="0.001">
<failure message="smoke.spec.ts:448:7 should handle XSIAM API integration" type="FAILURE">
<![CDATA[  [Microsoft Edge] › smoke.spec.ts:448:7 › Backend Integration & API Connectivity @smoke › should handle XSIAM API integration 

    Error: browserType.launch: Chromium distribution 'msedge' is not found at /Applications/Microsoft Edge.app/Contents/MacOS/Microsoft Edge
    Run "npx playwright install msedge"
]]>
</failure>
</testcase>
<testcase name="Backend Integration &amp; API Connectivity @smoke › should handle terminal command execution" classname="smoke.spec.ts" time="0.001">
<failure message="smoke.spec.ts:470:7 should handle terminal command execution" type="FAILURE">
<![CDATA[  [Microsoft Edge] › smoke.spec.ts:470:7 › Backend Integration & API Connectivity @smoke › should handle terminal command execution 

    Error: browserType.launch: Chromium distribution 'msedge' is not found at /Applications/Microsoft Edge.app/Contents/MacOS/Microsoft Edge
    Run "npx playwright install msedge"
]]>
</failure>
</testcase>
<testcase name="Backend Integration &amp; API Connectivity @smoke › should handle user preferences and settings" classname="smoke.spec.ts" time="0.001">
<failure message="smoke.spec.ts:497:7 should handle user preferences and settings" type="FAILURE">
<![CDATA[  [Microsoft Edge] › smoke.spec.ts:497:7 › Backend Integration & API Connectivity @smoke › should handle user preferences and settings 

    Error: browserType.launch: Chromium distribution 'msedge' is not found at /Applications/Microsoft Edge.app/Contents/MacOS/Microsoft Edge
    Run "npx playwright install msedge"
]]>
</failure>
</testcase>
<testcase name="Backend Integration &amp; API Connectivity @smoke › should handle data export and import" classname="smoke.spec.ts" time="0.001">
<failure message="smoke.spec.ts:525:7 should handle data export and import" type="FAILURE">
<![CDATA[  [Microsoft Edge] › smoke.spec.ts:525:7 › Backend Integration & API Connectivity @smoke › should handle data export and import 

    Error: browserType.launch: Chromium distribution 'msedge' is not found at /Applications/Microsoft Edge.app/Contents/MacOS/Microsoft Edge
    Run "npx playwright install msedge"
]]>
</failure>
</testcase>
<testcase name="Modern UI/UX Features @smoke › should support modern button interactions" classname="smoke.spec.ts" time="0.001">
<failure message="smoke.spec.ts:556:7 should support modern button interactions" type="FAILURE">
<![CDATA[  [Microsoft Edge] › smoke.spec.ts:556:7 › Modern UI/UX Features @smoke › should support modern button interactions 

    Error: browserType.launch: Chromium distribution 'msedge' is not found at /Applications/Microsoft Edge.app/Contents/MacOS/Microsoft Edge
    Run "npx playwright install msedge"
]]>
</failure>
</testcase>
<testcase name="Modern UI/UX Features @smoke › should support theme and appearance customization" classname="smoke.spec.ts" time="0.001">
<failure message="smoke.spec.ts:581:7 should support theme and appearance customization" type="FAILURE">
<![CDATA[  [Microsoft Edge] › smoke.spec.ts:581:7 › Modern UI/UX Features @smoke › should support theme and appearance customization 

    Error: browserType.launch: Chromium distribution 'msedge' is not found at /Applications/Microsoft Edge.app/Contents/MacOS/Microsoft Edge
    Run "npx playwright install msedge"
]]>
</failure>
</testcase>
<testcase name="Modern UI/UX Features @smoke › should handle loading states properly" classname="smoke.spec.ts" time="0.001">
<failure message="smoke.spec.ts:596:7 should handle loading states properly" type="FAILURE">
<![CDATA[  [Microsoft Edge] › smoke.spec.ts:596:7 › Modern UI/UX Features @smoke › should handle loading states properly 

    Error: browserType.launch: Chromium distribution 'msedge' is not found at /Applications/Microsoft Edge.app/Contents/MacOS/Microsoft Edge
    Run "npx playwright install msedge"
]]>
</failure>
</testcase>
<testcase name="Modern UI/UX Features @smoke › should support keyboard navigation and shortcuts" classname="smoke.spec.ts" time="0">
<failure message="smoke.spec.ts:616:7 should support keyboard navigation and shortcuts" type="FAILURE">
<![CDATA[  [Microsoft Edge] › smoke.spec.ts:616:7 › Modern UI/UX Features @smoke › should support keyboard navigation and shortcuts 

    Error: browserType.launch: Chromium distribution 'msedge' is not found at /Applications/Microsoft Edge.app/Contents/MacOS/Microsoft Edge
    Run "npx playwright install msedge"
]]>
</failure>
</testcase>
</testsuite>
</testsuites>