<testsuites id="" name="" tests="170" failures="165" skipped="0" errors="0" time="709.552419">
<testsuite name="smoke.spec.ts" timestamp="2025-10-07T18:02:11.931Z" hostname="chromium" tests="34" failures="33" skipped="0" time="961.663" errors="0">
<testcase name="Authentication Flow @smoke › should login with valid credentials" classname="smoke.spec.ts" time="5.828">
<failure message="smoke.spec.ts:20:7 should login with valid credentials" type="FAILURE">
<![CDATA[  [chromium] › smoke.spec.ts:20:7 › Authentication Flow @smoke › should login with valid credentials 

    Error: expect(page).toHaveTitle(expected) failed

    Expected pattern: /Cortex Domain Consultant Platform/
    Received string:  ""
    Timeout: 5000ms

    Call log:
      - Expect "toHaveTitle" with timeout 5000ms
        9 × unexpected value ""


      23 |     
      24 |     // Check login page elements with better wait
    > 25 |     await expect(page).toHaveTitle(/Cortex Domain Consultant Platform/);
         |                        ^
      26 |     await expect(page.locator('text=Cortex Domain Consultant Platform')).toBeVisible({ timeout: 10000 });
      27 |     
      28 |     // Wait for form elements to be ready
        at /Users/henry/Github/Github_desktop/henryreed.ai/hosting/tests/e2e/smoke.spec.ts:25:24

    attachment #1: screenshot (image/png) ──────────────────────────────────────────────────────────
    ../../test-results/smoke-Authentication-Flow--bfc1a-ogin-with-valid-credentials-chromium/test-failed-1.png
    ────────────────────────────────────────────────────────────────────────────────────────────────

    attachment #2: video (video/webm) ──────────────────────────────────────────────────────────────
    ../../test-results/smoke-Authentication-Flow--bfc1a-ogin-with-valid-credentials-chromium/video.webm
    ────────────────────────────────────────────────────────────────────────────────────────────────

    Error Context: ../../test-results/smoke-Authentication-Flow--bfc1a-ogin-with-valid-credentials-chromium/error-context.md
]]>
</failure>
<system-out>
<![CDATA[
[[ATTACHMENT|smoke-Authentication-Flow--bfc1a-ogin-with-valid-credentials-chromium/test-failed-1.png]]

[[ATTACHMENT|smoke-Authentication-Flow--bfc1a-ogin-with-valid-credentials-chromium/video.webm]]

[[ATTACHMENT|smoke-Authentication-Flow--bfc1a-ogin-with-valid-credentials-chromium/error-context.md]]
]]>
</system-out>
</testcase>
<testcase name="Authentication Flow @smoke › should show error for invalid credentials" classname="smoke.spec.ts" time="10.85">
<failure message="smoke.spec.ts:43:7 should show error for invalid credentials" type="FAILURE">
<![CDATA[  [chromium] › smoke.spec.ts:43:7 › Authentication Flow @smoke › should show error for invalid credentials 

    TimeoutError: page.waitForSelector: Timeout 10000ms exceeded.
    Call log:
      - waiting for locator('#username') to be visible


      46 |     
      47 |     // Wait for form elements to be ready
    > 48 |     await page.waitForSelector('#username', { timeout: 10000 });
         |                ^
      49 |     await page.waitForSelector('#password', { timeout: 10000 });
      50 |     
      51 |     await page.fill('#username', 'invalid');
        at /Users/henry/Github/Github_desktop/henryreed.ai/hosting/tests/e2e/smoke.spec.ts:48:16

    attachment #1: screenshot (image/png) ──────────────────────────────────────────────────────────
    ../../test-results/smoke-Authentication-Flow--20297-ror-for-invalid-credentials-chromium/test-failed-1.png
    ────────────────────────────────────────────────────────────────────────────────────────────────

    attachment #2: video (video/webm) ──────────────────────────────────────────────────────────────
    ../../test-results/smoke-Authentication-Flow--20297-ror-for-invalid-credentials-chromium/video.webm
    ────────────────────────────────────────────────────────────────────────────────────────────────

    Error Context: ../../test-results/smoke-Authentication-Flow--20297-ror-for-invalid-credentials-chromium/error-context.md
]]>
</failure>
<system-out>
<![CDATA[
[[ATTACHMENT|smoke-Authentication-Flow--20297-ror-for-invalid-credentials-chromium/test-failed-1.png]]

[[ATTACHMENT|smoke-Authentication-Flow--20297-ror-for-invalid-credentials-chromium/video.webm]]

[[ATTACHMENT|smoke-Authentication-Flow--20297-ror-for-invalid-credentials-chromium/error-context.md]]
]]>
</system-out>
</testcase>
<testcase name="Authentication Flow @smoke › should logout successfully" classname="smoke.spec.ts" time="30.538">
<failure message="smoke.spec.ts:61:7 should logout successfully" type="FAILURE">
<![CDATA[  [chromium] › smoke.spec.ts:61:7 › Authentication Flow @smoke › should logout successfully ────────

    Test timeout of 30000ms exceeded.

    Error: page.fill: Test timeout of 30000ms exceeded.
    Call log:
      - waiting for locator('#username')


      11 |   await page.goto('/');
      12 |   await page.waitForLoadState('networkidle');
    > 13 |   await page.fill('#username', TEST_CREDENTIALS.username);
         |              ^
      14 |   await page.fill('#password', TEST_CREDENTIALS.password);
      15 |   await page.click('button[type="submit"]');
      16 |   await page.waitForURL('/gui');
        at login (/Users/henry/Github/Github_desktop/henryreed.ai/hosting/tests/e2e/smoke.spec.ts:13:14)
        at /Users/henry/Github/Github_desktop/henryreed.ai/hosting/tests/e2e/smoke.spec.ts:62:5

    attachment #1: screenshot (image/png) ──────────────────────────────────────────────────────────
    ../../test-results/smoke-Authentication-Flow-smoke-should-logout-successfully-chromium/test-failed-1.png
    ────────────────────────────────────────────────────────────────────────────────────────────────

    attachment #2: video (video/webm) ──────────────────────────────────────────────────────────────
    ../../test-results/smoke-Authentication-Flow-smoke-should-logout-successfully-chromium/video.webm
    ────────────────────────────────────────────────────────────────────────────────────────────────

    Error Context: ../../test-results/smoke-Authentication-Flow-smoke-should-logout-successfully-chromium/error-context.md
]]>
</failure>
<system-out>
<![CDATA[
[[ATTACHMENT|smoke-Authentication-Flow-smoke-should-logout-successfully-chromium/test-failed-1.png]]

[[ATTACHMENT|smoke-Authentication-Flow-smoke-should-logout-successfully-chromium/video.webm]]

[[ATTACHMENT|smoke-Authentication-Flow-smoke-should-logout-successfully-chromium/error-context.md]]
]]>
</system-out>
</testcase>
<testcase name="Navigation System @smoke › should navigate to all main sections" classname="smoke.spec.ts" time="30.481">
<failure message="smoke.spec.ts:78:7 should navigate to all main sections" type="FAILURE">
<![CDATA[  [chromium] › smoke.spec.ts:78:7 › Navigation System @smoke › should navigate to all main sections 

    Test timeout of 30000ms exceeded while running "beforeEach" hook.

      72 |
      73 | test.describe('Navigation System @smoke', () => {
    > 74 |   test.beforeEach(async ({ page }) => {
         |        ^
      75 |     await login(page);
      76 |   });
      77 |
        at /Users/henry/Github/Github_desktop/henryreed.ai/hosting/tests/e2e/smoke.spec.ts:74:8

    Error: page.fill: Test timeout of 30000ms exceeded.
    Call log:
      - waiting for locator('#username')


      11 |   await page.goto('/');
      12 |   await page.waitForLoadState('networkidle');
    > 13 |   await page.fill('#username', TEST_CREDENTIALS.username);
         |              ^
      14 |   await page.fill('#password', TEST_CREDENTIALS.password);
      15 |   await page.click('button[type="submit"]');
      16 |   await page.waitForURL('/gui');
        at login (/Users/henry/Github/Github_desktop/henryreed.ai/hosting/tests/e2e/smoke.spec.ts:13:14)
        at /Users/henry/Github/Github_desktop/henryreed.ai/hosting/tests/e2e/smoke.spec.ts:75:5

    attachment #1: screenshot (image/png) ──────────────────────────────────────────────────────────
    ../../test-results/smoke-Navigation-System-sm-38059-vigate-to-all-main-sections-chromium/test-failed-1.png
    ────────────────────────────────────────────────────────────────────────────────────────────────

    attachment #2: video (video/webm) ──────────────────────────────────────────────────────────────
    ../../test-results/smoke-Navigation-System-sm-38059-vigate-to-all-main-sections-chromium/video.webm
    ────────────────────────────────────────────────────────────────────────────────────────────────

    Error Context: ../../test-results/smoke-Navigation-System-sm-38059-vigate-to-all-main-sections-chromium/error-context.md
]]>
</failure>
<system-out>
<![CDATA[
[[ATTACHMENT|smoke-Navigation-System-sm-38059-vigate-to-all-main-sections-chromium/test-failed-1.png]]

[[ATTACHMENT|smoke-Navigation-System-sm-38059-vigate-to-all-main-sections-chromium/video.webm]]

[[ATTACHMENT|smoke-Navigation-System-sm-38059-vigate-to-all-main-sections-chromium/error-context.md]]
]]>
</system-out>
</testcase>
<testcase name="Navigation System @smoke › should show correct breadcrumbs" classname="smoke.spec.ts" time="30.547">
<failure message="smoke.spec.ts:92:7 should show correct breadcrumbs" type="FAILURE">
<![CDATA[  [chromium] › smoke.spec.ts:92:7 › Navigation System @smoke › should show correct breadcrumbs ─────

    Test timeout of 30000ms exceeded while running "beforeEach" hook.

      72 |
      73 | test.describe('Navigation System @smoke', () => {
    > 74 |   test.beforeEach(async ({ page }) => {
         |        ^
      75 |     await login(page);
      76 |   });
      77 |
        at /Users/henry/Github/Github_desktop/henryreed.ai/hosting/tests/e2e/smoke.spec.ts:74:8

    Error: page.fill: Test timeout of 30000ms exceeded.
    Call log:
      - waiting for locator('#username')


      11 |   await page.goto('/');
      12 |   await page.waitForLoadState('networkidle');
    > 13 |   await page.fill('#username', TEST_CREDENTIALS.username);
         |              ^
      14 |   await page.fill('#password', TEST_CREDENTIALS.password);
      15 |   await page.click('button[type="submit"]');
      16 |   await page.waitForURL('/gui');
        at login (/Users/henry/Github/Github_desktop/henryreed.ai/hosting/tests/e2e/smoke.spec.ts:13:14)
        at /Users/henry/Github/Github_desktop/henryreed.ai/hosting/tests/e2e/smoke.spec.ts:75:5

    attachment #1: screenshot (image/png) ──────────────────────────────────────────────────────────
    ../../test-results/smoke-Navigation-System-sm-d6822-ld-show-correct-breadcrumbs-chromium/test-failed-1.png
    ────────────────────────────────────────────────────────────────────────────────────────────────

    attachment #2: video (video/webm) ──────────────────────────────────────────────────────────────
    ../../test-results/smoke-Navigation-System-sm-d6822-ld-show-correct-breadcrumbs-chromium/video.webm
    ────────────────────────────────────────────────────────────────────────────────────────────────

    Error Context: ../../test-results/smoke-Navigation-System-sm-d6822-ld-show-correct-breadcrumbs-chromium/error-context.md
]]>
</failure>
<system-out>
<![CDATA[
[[ATTACHMENT|smoke-Navigation-System-sm-d6822-ld-show-correct-breadcrumbs-chromium/test-failed-1.png]]

[[ATTACHMENT|smoke-Navigation-System-sm-d6822-ld-show-correct-breadcrumbs-chromium/video.webm]]

[[ATTACHMENT|smoke-Navigation-System-sm-d6822-ld-show-correct-breadcrumbs-chromium/error-context.md]]
]]>
</system-out>
</testcase>
<testcase name="Navigation System @smoke › should handle mobile navigation" classname="smoke.spec.ts" time="30.529">
<failure message="smoke.spec.ts:100:7 should handle mobile navigation" type="FAILURE">
<![CDATA[  [chromium] › smoke.spec.ts:100:7 › Navigation System @smoke › should handle mobile navigation ────

    Test timeout of 30000ms exceeded while running "beforeEach" hook.

      72 |
      73 | test.describe('Navigation System @smoke', () => {
    > 74 |   test.beforeEach(async ({ page }) => {
         |        ^
      75 |     await login(page);
      76 |   });
      77 |
        at /Users/henry/Github/Github_desktop/henryreed.ai/hosting/tests/e2e/smoke.spec.ts:74:8

    Error: page.fill: Test timeout of 30000ms exceeded.
    Call log:
      - waiting for locator('#username')


      11 |   await page.goto('/');
      12 |   await page.waitForLoadState('networkidle');
    > 13 |   await page.fill('#username', TEST_CREDENTIALS.username);
         |              ^
      14 |   await page.fill('#password', TEST_CREDENTIALS.password);
      15 |   await page.click('button[type="submit"]');
      16 |   await page.waitForURL('/gui');
        at login (/Users/henry/Github/Github_desktop/henryreed.ai/hosting/tests/e2e/smoke.spec.ts:13:14)
        at /Users/henry/Github/Github_desktop/henryreed.ai/hosting/tests/e2e/smoke.spec.ts:75:5

    attachment #1: screenshot (image/png) ──────────────────────────────────────────────────────────
    ../../test-results/smoke-Navigation-System-sm-12206-ld-handle-mobile-navigation-chromium/test-failed-1.png
    ────────────────────────────────────────────────────────────────────────────────────────────────

    attachment #2: video (video/webm) ──────────────────────────────────────────────────────────────
    ../../test-results/smoke-Navigation-System-sm-12206-ld-handle-mobile-navigation-chromium/video.webm
    ────────────────────────────────────────────────────────────────────────────────────────────────

    Error Context: ../../test-results/smoke-Navigation-System-sm-12206-ld-handle-mobile-navigation-chromium/error-context.md
]]>
</failure>
<system-out>
<![CDATA[
[[ATTACHMENT|smoke-Navigation-System-sm-12206-ld-handle-mobile-navigation-chromium/test-failed-1.png]]

[[ATTACHMENT|smoke-Navigation-System-sm-12206-ld-handle-mobile-navigation-chromium/video.webm]]

[[ATTACHMENT|smoke-Navigation-System-sm-12206-ld-handle-mobile-navigation-chromium/error-context.md]]
]]>
</system-out>
</testcase>
<testcase name="GUI Dashboard Functionality @smoke › should display all dashboard tabs" classname="smoke.spec.ts" time="30.55">
<failure message="smoke.spec.ts:118:7 should display all dashboard tabs" type="FAILURE">
<![CDATA[  [chromium] › smoke.spec.ts:118:7 › GUI Dashboard Functionality @smoke › should display all dashboard tabs 

    Test timeout of 30000ms exceeded while running "beforeEach" hook.

      112 |
      113 | test.describe('GUI Dashboard Functionality @smoke', () => {
    > 114 |   test.beforeEach(async ({ page }) => {
          |        ^
      115 |     await login(page);
      116 |   });
      117 |
        at /Users/henry/Github/Github_desktop/henryreed.ai/hosting/tests/e2e/smoke.spec.ts:114:8

    Error: page.fill: Test timeout of 30000ms exceeded.
    Call log:
      - waiting for locator('#username')


      11 |   await page.goto('/');
      12 |   await page.waitForLoadState('networkidle');
    > 13 |   await page.fill('#username', TEST_CREDENTIALS.username);
         |              ^
      14 |   await page.fill('#password', TEST_CREDENTIALS.password);
      15 |   await page.click('button[type="submit"]');
      16 |   await page.waitForURL('/gui');
        at login (/Users/henry/Github/Github_desktop/henryreed.ai/hosting/tests/e2e/smoke.spec.ts:13:14)
        at /Users/henry/Github/Github_desktop/henryreed.ai/hosting/tests/e2e/smoke.spec.ts:115:5

    attachment #1: screenshot (image/png) ──────────────────────────────────────────────────────────
    ../../test-results/smoke-GUI-Dashboard-Functi-5631f--display-all-dashboard-tabs-chromium/test-failed-1.png
    ────────────────────────────────────────────────────────────────────────────────────────────────

    attachment #2: video (video/webm) ──────────────────────────────────────────────────────────────
    ../../test-results/smoke-GUI-Dashboard-Functi-5631f--display-all-dashboard-tabs-chromium/video.webm
    ────────────────────────────────────────────────────────────────────────────────────────────────

    Error Context: ../../test-results/smoke-GUI-Dashboard-Functi-5631f--display-all-dashboard-tabs-chromium/error-context.md
]]>
</failure>
<system-out>
<![CDATA[
[[ATTACHMENT|smoke-GUI-Dashboard-Functi-5631f--display-all-dashboard-tabs-chromium/test-failed-1.png]]

[[ATTACHMENT|smoke-GUI-Dashboard-Functi-5631f--display-all-dashboard-tabs-chromium/video.webm]]

[[ATTACHMENT|smoke-GUI-Dashboard-Functi-5631f--display-all-dashboard-tabs-chromium/error-context.md]]
]]>
</system-out>
</testcase>
<testcase name="GUI Dashboard Functionality @smoke › should switch between dashboard tabs" classname="smoke.spec.ts" time="30.1">
<failure message="smoke.spec.ts:131:7 should switch between dashboard tabs" type="FAILURE">
<![CDATA[  [chromium] › smoke.spec.ts:131:7 › GUI Dashboard Functionality @smoke › should switch between dashboard tabs 

    Test timeout of 30000ms exceeded while running "beforeEach" hook.

      112 |
      113 | test.describe('GUI Dashboard Functionality @smoke', () => {
    > 114 |   test.beforeEach(async ({ page }) => {
          |        ^
      115 |     await login(page);
      116 |   });
      117 |
        at /Users/henry/Github/Github_desktop/henryreed.ai/hosting/tests/e2e/smoke.spec.ts:114:8

    Error: page.fill: Test timeout of 30000ms exceeded.
    Call log:
      - waiting for locator('#username')


      11 |   await page.goto('/');
      12 |   await page.waitForLoadState('networkidle');
    > 13 |   await page.fill('#username', TEST_CREDENTIALS.username);
         |              ^
      14 |   await page.fill('#password', TEST_CREDENTIALS.password);
      15 |   await page.click('button[type="submit"]');
      16 |   await page.waitForURL('/gui');
        at login (/Users/henry/Github/Github_desktop/henryreed.ai/hosting/tests/e2e/smoke.spec.ts:13:14)
        at /Users/henry/Github/Github_desktop/henryreed.ai/hosting/tests/e2e/smoke.spec.ts:115:5

    attachment #1: screenshot (image/png) ──────────────────────────────────────────────────────────
    ../../test-results/smoke-GUI-Dashboard-Functi-dddc0-itch-between-dashboard-tabs-chromium/test-failed-1.png
    ────────────────────────────────────────────────────────────────────────────────────────────────

    attachment #2: video (video/webm) ──────────────────────────────────────────────────────────────
    ../../test-results/smoke-GUI-Dashboard-Functi-dddc0-itch-between-dashboard-tabs-chromium/video.webm
    ────────────────────────────────────────────────────────────────────────────────────────────────

    Error Context: ../../test-results/smoke-GUI-Dashboard-Functi-dddc0-itch-between-dashboard-tabs-chromium/error-context.md
]]>
</failure>
<system-out>
<![CDATA[
[[ATTACHMENT|smoke-GUI-Dashboard-Functi-dddc0-itch-between-dashboard-tabs-chromium/test-failed-1.png]]

[[ATTACHMENT|smoke-GUI-Dashboard-Functi-dddc0-itch-between-dashboard-tabs-chromium/video.webm]]

[[ATTACHMENT|smoke-GUI-Dashboard-Functi-dddc0-itch-between-dashboard-tabs-chromium/error-context.md]]
]]>
</system-out>
</testcase>
<testcase name="GUI Dashboard Functionality @smoke › should show user context and role information" classname="smoke.spec.ts" time="30.233">
<failure message="smoke.spec.ts:144:7 should show user context and role information" type="FAILURE">
<![CDATA[  [chromium] › smoke.spec.ts:144:7 › GUI Dashboard Functionality @smoke › should show user context and role information 

    Test timeout of 30000ms exceeded while running "beforeEach" hook.

      112 |
      113 | test.describe('GUI Dashboard Functionality @smoke', () => {
    > 114 |   test.beforeEach(async ({ page }) => {
          |        ^
      115 |     await login(page);
      116 |   });
      117 |
        at /Users/henry/Github/Github_desktop/henryreed.ai/hosting/tests/e2e/smoke.spec.ts:114:8

    Error: page.fill: Test timeout of 30000ms exceeded.
    Call log:
      - waiting for locator('#username')


      11 |   await page.goto('/');
      12 |   await page.waitForLoadState('networkidle');
    > 13 |   await page.fill('#username', TEST_CREDENTIALS.username);
         |              ^
      14 |   await page.fill('#password', TEST_CREDENTIALS.password);
      15 |   await page.click('button[type="submit"]');
      16 |   await page.waitForURL('/gui');
        at login (/Users/henry/Github/Github_desktop/henryreed.ai/hosting/tests/e2e/smoke.spec.ts:13:14)
        at /Users/henry/Github/Github_desktop/henryreed.ai/hosting/tests/e2e/smoke.spec.ts:115:5

    attachment #1: screenshot (image/png) ──────────────────────────────────────────────────────────
    ../../test-results/smoke-GUI-Dashboard-Functi-b4fca-ontext-and-role-information-chromium/test-failed-1.png
    ────────────────────────────────────────────────────────────────────────────────────────────────

    attachment #2: video (video/webm) ──────────────────────────────────────────────────────────────
    ../../test-results/smoke-GUI-Dashboard-Functi-b4fca-ontext-and-role-information-chromium/video.webm
    ────────────────────────────────────────────────────────────────────────────────────────────────

    Error Context: ../../test-results/smoke-GUI-Dashboard-Functi-b4fca-ontext-and-role-information-chromium/error-context.md
]]>
</failure>
<system-out>
<![CDATA[
[[ATTACHMENT|smoke-GUI-Dashboard-Functi-b4fca-ontext-and-role-information-chromium/test-failed-1.png]]

[[ATTACHMENT|smoke-GUI-Dashboard-Functi-b4fca-ontext-and-role-information-chromium/video.webm]]

[[ATTACHMENT|smoke-GUI-Dashboard-Functi-b4fca-ontext-and-role-information-chromium/error-context.md]]
]]>
</system-out>
</testcase>
<testcase name="GUI Dashboard Functionality @smoke › should filter tabs based on user role" classname="smoke.spec.ts" time="30.549">
<failure message="smoke.spec.ts:153:7 should filter tabs based on user role" type="FAILURE">
<![CDATA[  [chromium] › smoke.spec.ts:153:7 › GUI Dashboard Functionality @smoke › should filter tabs based on user role 

    Test timeout of 30000ms exceeded while running "beforeEach" hook.

      112 |
      113 | test.describe('GUI Dashboard Functionality @smoke', () => {
    > 114 |   test.beforeEach(async ({ page }) => {
          |        ^
      115 |     await login(page);
      116 |   });
      117 |
        at /Users/henry/Github/Github_desktop/henryreed.ai/hosting/tests/e2e/smoke.spec.ts:114:8

    Error: page.fill: Test timeout of 30000ms exceeded.
    Call log:
      - waiting for locator('#username')


      11 |   await page.goto('/');
      12 |   await page.waitForLoadState('networkidle');
    > 13 |   await page.fill('#username', TEST_CREDENTIALS.username);
         |              ^
      14 |   await page.fill('#password', TEST_CREDENTIALS.password);
      15 |   await page.click('button[type="submit"]');
      16 |   await page.waitForURL('/gui');
        at login (/Users/henry/Github/Github_desktop/henryreed.ai/hosting/tests/e2e/smoke.spec.ts:13:14)
        at /Users/henry/Github/Github_desktop/henryreed.ai/hosting/tests/e2e/smoke.spec.ts:115:5

    attachment #1: screenshot (image/png) ──────────────────────────────────────────────────────────
    ../../test-results/smoke-GUI-Dashboard-Functi-f08b1-ter-tabs-based-on-user-role-chromium/test-failed-1.png
    ────────────────────────────────────────────────────────────────────────────────────────────────

    attachment #2: video (video/webm) ──────────────────────────────────────────────────────────────
    ../../test-results/smoke-GUI-Dashboard-Functi-f08b1-ter-tabs-based-on-user-role-chromium/video.webm
    ────────────────────────────────────────────────────────────────────────────────────────────────

    Error Context: ../../test-results/smoke-GUI-Dashboard-Functi-f08b1-ter-tabs-based-on-user-role-chromium/error-context.md
]]>
</failure>
<system-out>
<![CDATA[
[[ATTACHMENT|smoke-GUI-Dashboard-Functi-f08b1-ter-tabs-based-on-user-role-chromium/test-failed-1.png]]

[[ATTACHMENT|smoke-GUI-Dashboard-Functi-f08b1-ter-tabs-based-on-user-role-chromium/video.webm]]

[[ATTACHMENT|smoke-GUI-Dashboard-Functi-f08b1-ter-tabs-based-on-user-role-chromium/error-context.md]]
]]>
</system-out>
</testcase>
<testcase name="TRR Management @smoke › should navigate to TRR section" classname="smoke.spec.ts" time="30.552">
<failure message="smoke.spec.ts:169:7 should navigate to TRR section" type="FAILURE">
<![CDATA[  [chromium] › smoke.spec.ts:169:7 › TRR Management @smoke › should navigate to TRR section ────────

    Test timeout of 30000ms exceeded while running "beforeEach" hook.

      163 |
      164 | test.describe('TRR Management @smoke', () => {
    > 165 |   test.beforeEach(async ({ page }) => {
          |        ^
      166 |     await login(page);
      167 |   });
      168 |
        at /Users/henry/Github/Github_desktop/henryreed.ai/hosting/tests/e2e/smoke.spec.ts:165:8

    Error: page.fill: Test timeout of 30000ms exceeded.
    Call log:
      - waiting for locator('#username')


      11 |   await page.goto('/');
      12 |   await page.waitForLoadState('networkidle');
    > 13 |   await page.fill('#username', TEST_CREDENTIALS.username);
         |              ^
      14 |   await page.fill('#password', TEST_CREDENTIALS.password);
      15 |   await page.click('button[type="submit"]');
      16 |   await page.waitForURL('/gui');
        at login (/Users/henry/Github/Github_desktop/henryreed.ai/hosting/tests/e2e/smoke.spec.ts:13:14)
        at /Users/henry/Github/Github_desktop/henryreed.ai/hosting/tests/e2e/smoke.spec.ts:166:5

    attachment #1: screenshot (image/png) ──────────────────────────────────────────────────────────
    ../../test-results/smoke-TRR-Management-smoke-should-navigate-to-TRR-section-chromium/test-failed-1.png
    ────────────────────────────────────────────────────────────────────────────────────────────────

    attachment #2: video (video/webm) ──────────────────────────────────────────────────────────────
    ../../test-results/smoke-TRR-Management-smoke-should-navigate-to-TRR-section-chromium/video.webm
    ────────────────────────────────────────────────────────────────────────────────────────────────

    Error Context: ../../test-results/smoke-TRR-Management-smoke-should-navigate-to-TRR-section-chromium/error-context.md
]]>
</failure>
<system-out>
<![CDATA[
[[ATTACHMENT|smoke-TRR-Management-smoke-should-navigate-to-TRR-section-chromium/test-failed-1.png]]

[[ATTACHMENT|smoke-TRR-Management-smoke-should-navigate-to-TRR-section-chromium/video.webm]]

[[ATTACHMENT|smoke-TRR-Management-smoke-should-navigate-to-TRR-section-chromium/error-context.md]]
]]>
</system-out>
</testcase>
<testcase name="TRR Management @smoke › should show TRR creation functionality" classname="smoke.spec.ts" time="30.554">
<failure message="smoke.spec.ts:178:7 should show TRR creation functionality" type="FAILURE">
<![CDATA[  [chromium] › smoke.spec.ts:178:7 › TRR Management @smoke › should show TRR creation functionality 

    Test timeout of 30000ms exceeded while running "beforeEach" hook.

      163 |
      164 | test.describe('TRR Management @smoke', () => {
    > 165 |   test.beforeEach(async ({ page }) => {
          |        ^
      166 |     await login(page);
      167 |   });
      168 |
        at /Users/henry/Github/Github_desktop/henryreed.ai/hosting/tests/e2e/smoke.spec.ts:165:8

    Error: page.fill: Test timeout of 30000ms exceeded.
    Call log:
      - waiting for locator('#username')


      11 |   await page.goto('/');
      12 |   await page.waitForLoadState('networkidle');
    > 13 |   await page.fill('#username', TEST_CREDENTIALS.username);
         |              ^
      14 |   await page.fill('#password', TEST_CREDENTIALS.password);
      15 |   await page.click('button[type="submit"]');
      16 |   await page.waitForURL('/gui');
        at login (/Users/henry/Github/Github_desktop/henryreed.ai/hosting/tests/e2e/smoke.spec.ts:13:14)
        at /Users/henry/Github/Github_desktop/henryreed.ai/hosting/tests/e2e/smoke.spec.ts:166:5

    attachment #1: screenshot (image/png) ──────────────────────────────────────────────────────────
    ../../test-results/smoke-TRR-Management-smoke-609bb--TRR-creation-functionality-chromium/test-failed-1.png
    ────────────────────────────────────────────────────────────────────────────────────────────────

    attachment #2: video (video/webm) ──────────────────────────────────────────────────────────────
    ../../test-results/smoke-TRR-Management-smoke-609bb--TRR-creation-functionality-chromium/video.webm
    ────────────────────────────────────────────────────────────────────────────────────────────────

    Error Context: ../../test-results/smoke-TRR-Management-smoke-609bb--TRR-creation-functionality-chromium/error-context.md
]]>
</failure>
<system-out>
<![CDATA[
[[ATTACHMENT|smoke-TRR-Management-smoke-609bb--TRR-creation-functionality-chromium/test-failed-1.png]]

[[ATTACHMENT|smoke-TRR-Management-smoke-609bb--TRR-creation-functionality-chromium/video.webm]]

[[ATTACHMENT|smoke-TRR-Management-smoke-609bb--TRR-creation-functionality-chromium/error-context.md]]
]]>
</system-out>
</testcase>
<testcase name="TRR Management @smoke › should show SDW (Solution Design Workbook) integration" classname="smoke.spec.ts" time="30.556">
<failure message="smoke.spec.ts:186:7 should show SDW (Solution Design Workbook) integration" type="FAILURE">
<![CDATA[  [chromium] › smoke.spec.ts:186:7 › TRR Management @smoke › should show SDW (Solution Design Workbook) integration 

    Test timeout of 30000ms exceeded while running "beforeEach" hook.

      163 |
      164 | test.describe('TRR Management @smoke', () => {
    > 165 |   test.beforeEach(async ({ page }) => {
          |        ^
      166 |     await login(page);
      167 |   });
      168 |
        at /Users/henry/Github/Github_desktop/henryreed.ai/hosting/tests/e2e/smoke.spec.ts:165:8

    Error: page.fill: Test timeout of 30000ms exceeded.
    Call log:
      - waiting for locator('#username')


      11 |   await page.goto('/');
      12 |   await page.waitForLoadState('networkidle');
    > 13 |   await page.fill('#username', TEST_CREDENTIALS.username);
         |              ^
      14 |   await page.fill('#password', TEST_CREDENTIALS.password);
      15 |   await page.click('button[type="submit"]');
      16 |   await page.waitForURL('/gui');
        at login (/Users/henry/Github/Github_desktop/henryreed.ai/hosting/tests/e2e/smoke.spec.ts:13:14)
        at /Users/henry/Github/Github_desktop/henryreed.ai/hosting/tests/e2e/smoke.spec.ts:166:5

    attachment #1: screenshot (image/png) ──────────────────────────────────────────────────────────
    ../../test-results/smoke-TRR-Management-smoke-514c9-Design-Workbook-integration-chromium/test-failed-1.png
    ────────────────────────────────────────────────────────────────────────────────────────────────

    attachment #2: video (video/webm) ──────────────────────────────────────────────────────────────
    ../../test-results/smoke-TRR-Management-smoke-514c9-Design-Workbook-integration-chromium/video.webm
    ────────────────────────────────────────────────────────────────────────────────────────────────

    Error Context: ../../test-results/smoke-TRR-Management-smoke-514c9-Design-Workbook-integration-chromium/error-context.md
]]>
</failure>
<system-out>
<![CDATA[
[[ATTACHMENT|smoke-TRR-Management-smoke-514c9-Design-Workbook-integration-chromium/test-failed-1.png]]

[[ATTACHMENT|smoke-TRR-Management-smoke-514c9-Design-Workbook-integration-chromium/video.webm]]

[[ATTACHMENT|smoke-TRR-Management-smoke-514c9-Design-Workbook-integration-chromium/error-context.md]]
]]>
</system-out>
</testcase>
<testcase name="Error Handling &amp; Resilience @smoke › should handle network errors gracefully" classname="smoke.spec.ts" time="30.552">
<failure message="smoke.spec.ts:196:7 should handle network errors gracefully" type="FAILURE">
<![CDATA[  [chromium] › smoke.spec.ts:196:7 › Error Handling & Resilience @smoke › should handle network errors gracefully 

    Test timeout of 30000ms exceeded.

    Error: page.fill: Test timeout of 30000ms exceeded.
    Call log:
      - waiting for locator('#username')


      11 |   await page.goto('/');
      12 |   await page.waitForLoadState('networkidle');
    > 13 |   await page.fill('#username', TEST_CREDENTIALS.username);
         |              ^
      14 |   await page.fill('#password', TEST_CREDENTIALS.password);
      15 |   await page.click('button[type="submit"]');
      16 |   await page.waitForURL('/gui');
        at login (/Users/henry/Github/Github_desktop/henryreed.ai/hosting/tests/e2e/smoke.spec.ts:13:14)
        at /Users/henry/Github/Github_desktop/henryreed.ai/hosting/tests/e2e/smoke.spec.ts:197:5

    attachment #1: screenshot (image/png) ──────────────────────────────────────────────────────────
    ../../test-results/smoke-Error-Handling-Resil-f546e-e-network-errors-gracefully-chromium/test-failed-1.png
    ────────────────────────────────────────────────────────────────────────────────────────────────

    attachment #2: video (video/webm) ──────────────────────────────────────────────────────────────
    ../../test-results/smoke-Error-Handling-Resil-f546e-e-network-errors-gracefully-chromium/video.webm
    ────────────────────────────────────────────────────────────────────────────────────────────────

    Error Context: ../../test-results/smoke-Error-Handling-Resil-f546e-e-network-errors-gracefully-chromium/error-context.md
]]>
</failure>
<system-out>
<![CDATA[
[[ATTACHMENT|smoke-Error-Handling-Resil-f546e-e-network-errors-gracefully-chromium/test-failed-1.png]]

[[ATTACHMENT|smoke-Error-Handling-Resil-f546e-e-network-errors-gracefully-chromium/video.webm]]

[[ATTACHMENT|smoke-Error-Handling-Resil-f546e-e-network-errors-gracefully-chromium/error-context.md]]
]]>
</system-out>
</testcase>
<testcase name="Error Handling &amp; Resilience @smoke › should show loading states" classname="smoke.spec.ts" time="30.044">
<failure message="smoke.spec.ts:209:7 should show loading states" type="FAILURE">
<![CDATA[  [chromium] › smoke.spec.ts:209:7 › Error Handling & Resilience @smoke › should show loading states 

    Test timeout of 30000ms exceeded.

    Error: page.fill: Test timeout of 30000ms exceeded.
    Call log:
      - waiting for locator('#username')


      11 |   await page.goto('/');
      12 |   await page.waitForLoadState('networkidle');
    > 13 |   await page.fill('#username', TEST_CREDENTIALS.username);
         |              ^
      14 |   await page.fill('#password', TEST_CREDENTIALS.password);
      15 |   await page.click('button[type="submit"]');
      16 |   await page.waitForURL('/gui');
        at login (/Users/henry/Github/Github_desktop/henryreed.ai/hosting/tests/e2e/smoke.spec.ts:13:14)
        at /Users/henry/Github/Github_desktop/henryreed.ai/hosting/tests/e2e/smoke.spec.ts:210:5

    attachment #1: screenshot (image/png) ──────────────────────────────────────────────────────────
    ../../test-results/smoke-Error-Handling-Resil-8dfcc--should-show-loading-states-chromium/test-failed-1.png
    ────────────────────────────────────────────────────────────────────────────────────────────────

    attachment #2: video (video/webm) ──────────────────────────────────────────────────────────────
    ../../test-results/smoke-Error-Handling-Resil-8dfcc--should-show-loading-states-chromium/video.webm
    ────────────────────────────────────────────────────────────────────────────────────────────────

    Error Context: ../../test-results/smoke-Error-Handling-Resil-8dfcc--should-show-loading-states-chromium/error-context.md
]]>
</failure>
<system-out>
<![CDATA[
[[ATTACHMENT|smoke-Error-Handling-Resil-8dfcc--should-show-loading-states-chromium/test-failed-1.png]]

[[ATTACHMENT|smoke-Error-Handling-Resil-8dfcc--should-show-loading-states-chromium/video.webm]]

[[ATTACHMENT|smoke-Error-Handling-Resil-8dfcc--should-show-loading-states-chromium/error-context.md]]
]]>
</system-out>
</testcase>
<testcase name="Error Handling &amp; Resilience @smoke › should handle JavaScript errors" classname="smoke.spec.ts" time="30.108">
<failure message="smoke.spec.ts:219:7 should handle JavaScript errors" type="FAILURE">
<![CDATA[  [chromium] › smoke.spec.ts:219:7 › Error Handling & Resilience @smoke › should handle JavaScript errors 

    Test timeout of 30000ms exceeded.

    Error: page.fill: Test timeout of 30000ms exceeded.
    Call log:
      - waiting for locator('#username')


      11 |   await page.goto('/');
      12 |   await page.waitForLoadState('networkidle');
    > 13 |   await page.fill('#username', TEST_CREDENTIALS.username);
         |              ^
      14 |   await page.fill('#password', TEST_CREDENTIALS.password);
      15 |   await page.click('button[type="submit"]');
      16 |   await page.waitForURL('/gui');
        at login (/Users/henry/Github/Github_desktop/henryreed.ai/hosting/tests/e2e/smoke.spec.ts:13:14)
        at /Users/henry/Github/Github_desktop/henryreed.ai/hosting/tests/e2e/smoke.spec.ts:228:5

    attachment #1: screenshot (image/png) ──────────────────────────────────────────────────────────
    ../../test-results/smoke-Error-Handling-Resil-d2448-ld-handle-JavaScript-errors-chromium/test-failed-1.png
    ────────────────────────────────────────────────────────────────────────────────────────────────

    attachment #2: video (video/webm) ──────────────────────────────────────────────────────────────
    ../../test-results/smoke-Error-Handling-Resil-d2448-ld-handle-JavaScript-errors-chromium/video.webm
    ────────────────────────────────────────────────────────────────────────────────────────────────

    Error Context: ../../test-results/smoke-Error-Handling-Resil-d2448-ld-handle-JavaScript-errors-chromium/error-context.md
]]>
</failure>
<system-out>
<![CDATA[
[[ATTACHMENT|smoke-Error-Handling-Resil-d2448-ld-handle-JavaScript-errors-chromium/test-failed-1.png]]

[[ATTACHMENT|smoke-Error-Handling-Resil-d2448-ld-handle-JavaScript-errors-chromium/video.webm]]

[[ATTACHMENT|smoke-Error-Handling-Resil-d2448-ld-handle-JavaScript-errors-chromium/error-context.md]]
]]>
</system-out>
</testcase>
<testcase name="Accessibility &amp; Performance @smoke › should meet basic accessibility standards" classname="smoke.spec.ts" time="30.466">
<failure message="smoke.spec.ts:252:7 should meet basic accessibility standards" type="FAILURE">
<![CDATA[  [chromium] › smoke.spec.ts:252:7 › Accessibility & Performance @smoke › should meet basic accessibility standards 

    Test timeout of 30000ms exceeded.

    Error: page.fill: Test timeout of 30000ms exceeded.
    Call log:
      - waiting for locator('#username')


      11 |   await page.goto('/');
      12 |   await page.waitForLoadState('networkidle');
    > 13 |   await page.fill('#username', TEST_CREDENTIALS.username);
         |              ^
      14 |   await page.fill('#password', TEST_CREDENTIALS.password);
      15 |   await page.click('button[type="submit"]');
      16 |   await page.waitForURL('/gui');
        at login (/Users/henry/Github/Github_desktop/henryreed.ai/hosting/tests/e2e/smoke.spec.ts:13:14)
        at /Users/henry/Github/Github_desktop/henryreed.ai/hosting/tests/e2e/smoke.spec.ts:253:5

    attachment #1: screenshot (image/png) ──────────────────────────────────────────────────────────
    ../../test-results/smoke-Accessibility-Perfor-ec447-sic-accessibility-standards-chromium/test-failed-1.png
    ────────────────────────────────────────────────────────────────────────────────────────────────

    attachment #2: video (video/webm) ──────────────────────────────────────────────────────────────
    ../../test-results/smoke-Accessibility-Perfor-ec447-sic-accessibility-standards-chromium/video.webm
    ────────────────────────────────────────────────────────────────────────────────────────────────

    Error Context: ../../test-results/smoke-Accessibility-Perfor-ec447-sic-accessibility-standards-chromium/error-context.md
]]>
</failure>
<system-out>
<![CDATA[
[[ATTACHMENT|smoke-Accessibility-Perfor-ec447-sic-accessibility-standards-chromium/test-failed-1.png]]

[[ATTACHMENT|smoke-Accessibility-Perfor-ec447-sic-accessibility-standards-chromium/video.webm]]

[[ATTACHMENT|smoke-Accessibility-Perfor-ec447-sic-accessibility-standards-chromium/error-context.md]]
]]>
</system-out>
</testcase>
<testcase name="Accessibility &amp; Performance @smoke › should load within acceptable time limits" classname="smoke.spec.ts" time="0.141">
</testcase>
<testcase name="Accessibility &amp; Performance @smoke › should be responsive on different screen sizes" classname="smoke.spec.ts" time="30.471">
<failure message="smoke.spec.ts:296:7 should be responsive on different screen sizes" type="FAILURE">
<![CDATA[  [chromium] › smoke.spec.ts:296:7 › Accessibility & Performance @smoke › should be responsive on different screen sizes 

    Test timeout of 30000ms exceeded.

    Error: page.fill: Test timeout of 30000ms exceeded.
    Call log:
      - waiting for locator('#username')


      11 |   await page.goto('/');
      12 |   await page.waitForLoadState('networkidle');
    > 13 |   await page.fill('#username', TEST_CREDENTIALS.username);
         |              ^
      14 |   await page.fill('#password', TEST_CREDENTIALS.password);
      15 |   await page.click('button[type="submit"]');
      16 |   await page.waitForURL('/gui');
        at login (/Users/henry/Github/Github_desktop/henryreed.ai/hosting/tests/e2e/smoke.spec.ts:13:14)
        at /Users/henry/Github/Github_desktop/henryreed.ai/hosting/tests/e2e/smoke.spec.ts:297:5

    attachment #1: screenshot (image/png) ──────────────────────────────────────────────────────────
    ../../test-results/smoke-Accessibility-Perfor-b8963-e-on-different-screen-sizes-chromium/test-failed-1.png
    ────────────────────────────────────────────────────────────────────────────────────────────────

    attachment #2: video (video/webm) ──────────────────────────────────────────────────────────────
    ../../test-results/smoke-Accessibility-Perfor-b8963-e-on-different-screen-sizes-chromium/video.webm
    ────────────────────────────────────────────────────────────────────────────────────────────────

    Error Context: ../../test-results/smoke-Accessibility-Perfor-b8963-e-on-different-screen-sizes-chromium/error-context.md
]]>
</failure>
<system-out>
<![CDATA[
[[ATTACHMENT|smoke-Accessibility-Perfor-b8963-e-on-different-screen-sizes-chromium/test-failed-1.png]]

[[ATTACHMENT|smoke-Accessibility-Perfor-b8963-e-on-different-screen-sizes-chromium/video.webm]]

[[ATTACHMENT|smoke-Accessibility-Perfor-b8963-e-on-different-screen-sizes-chromium/error-context.md]]
]]>
</system-out>
</testcase>
<testcase name="Data Persistence &amp; State Management @smoke › should maintain login state after page reload" classname="smoke.spec.ts" time="30.466">
<failure message="smoke.spec.ts:314:7 should maintain login state after page reload" type="FAILURE">
<![CDATA[  [chromium] › smoke.spec.ts:314:7 › Data Persistence & State Management @smoke › should maintain login state after page reload 

    Test timeout of 30000ms exceeded.

    Error: page.fill: Test timeout of 30000ms exceeded.
    Call log:
      - waiting for locator('#username')


      11 |   await page.goto('/');
      12 |   await page.waitForLoadState('networkidle');
    > 13 |   await page.fill('#username', TEST_CREDENTIALS.username);
         |              ^
      14 |   await page.fill('#password', TEST_CREDENTIALS.password);
      15 |   await page.click('button[type="submit"]');
      16 |   await page.waitForURL('/gui');
        at login (/Users/henry/Github/Github_desktop/henryreed.ai/hosting/tests/e2e/smoke.spec.ts:13:14)
        at /Users/henry/Github/Github_desktop/henryreed.ai/hosting/tests/e2e/smoke.spec.ts:315:5

    attachment #1: screenshot (image/png) ──────────────────────────────────────────────────────────
    ../../test-results/smoke-Data-Persistence-Sta-3bab3-gin-state-after-page-reload-chromium/test-failed-1.png
    ────────────────────────────────────────────────────────────────────────────────────────────────

    attachment #2: video (video/webm) ──────────────────────────────────────────────────────────────
    ../../test-results/smoke-Data-Persistence-Sta-3bab3-gin-state-after-page-reload-chromium/video.webm
    ────────────────────────────────────────────────────────────────────────────────────────────────

    Error Context: ../../test-results/smoke-Data-Persistence-Sta-3bab3-gin-state-after-page-reload-chromium/error-context.md
]]>
</failure>
<system-out>
<![CDATA[
[[ATTACHMENT|smoke-Data-Persistence-Sta-3bab3-gin-state-after-page-reload-chromium/test-failed-1.png]]

[[ATTACHMENT|smoke-Data-Persistence-Sta-3bab3-gin-state-after-page-reload-chromium/video.webm]]

[[ATTACHMENT|smoke-Data-Persistence-Sta-3bab3-gin-state-after-page-reload-chromium/error-context.md]]
]]>
</system-out>
</testcase>
<testcase name="Data Persistence &amp; State Management @smoke › should persist navigation state" classname="smoke.spec.ts" time="30.471">
<failure message="smoke.spec.ts:325:7 should persist navigation state" type="FAILURE">
<![CDATA[  [chromium] › smoke.spec.ts:325:7 › Data Persistence & State Management @smoke › should persist navigation state 

    Test timeout of 30000ms exceeded.

    Error: page.fill: Test timeout of 30000ms exceeded.
    Call log:
      - waiting for locator('#username')


      11 |   await page.goto('/');
      12 |   await page.waitForLoadState('networkidle');
    > 13 |   await page.fill('#username', TEST_CREDENTIALS.username);
         |              ^
      14 |   await page.fill('#password', TEST_CREDENTIALS.password);
      15 |   await page.click('button[type="submit"]');
      16 |   await page.waitForURL('/gui');
        at login (/Users/henry/Github/Github_desktop/henryreed.ai/hosting/tests/e2e/smoke.spec.ts:13:14)
        at /Users/henry/Github/Github_desktop/henryreed.ai/hosting/tests/e2e/smoke.spec.ts:326:5

    attachment #1: screenshot (image/png) ──────────────────────────────────────────────────────────
    ../../test-results/smoke-Data-Persistence-Sta-4708b-ld-persist-navigation-state-chromium/test-failed-1.png
    ────────────────────────────────────────────────────────────────────────────────────────────────

    attachment #2: video (video/webm) ──────────────────────────────────────────────────────────────
    ../../test-results/smoke-Data-Persistence-Sta-4708b-ld-persist-navigation-state-chromium/video.webm
    ────────────────────────────────────────────────────────────────────────────────────────────────

    Error Context: ../../test-results/smoke-Data-Persistence-Sta-4708b-ld-persist-navigation-state-chromium/error-context.md
]]>
</failure>
<system-out>
<![CDATA[
[[ATTACHMENT|smoke-Data-Persistence-Sta-4708b-ld-persist-navigation-state-chromium/test-failed-1.png]]

[[ATTACHMENT|smoke-Data-Persistence-Sta-4708b-ld-persist-navigation-state-chromium/video.webm]]

[[ATTACHMENT|smoke-Data-Persistence-Sta-4708b-ld-persist-navigation-state-chromium/error-context.md]]
]]>
</system-out>
</testcase>
<testcase name="Data Persistence &amp; State Management @smoke › should persist user activity data" classname="smoke.spec.ts" time="30.502">
<failure message="smoke.spec.ts:339:7 should persist user activity data" type="FAILURE">
<![CDATA[  [chromium] › smoke.spec.ts:339:7 › Data Persistence & State Management @smoke › should persist user activity data 

    Test timeout of 30000ms exceeded.

    Error: page.fill: Test timeout of 30000ms exceeded.
    Call log:
      - waiting for locator('#username')


      11 |   await page.goto('/');
      12 |   await page.waitForLoadState('networkidle');
    > 13 |   await page.fill('#username', TEST_CREDENTIALS.username);
         |              ^
      14 |   await page.fill('#password', TEST_CREDENTIALS.password);
      15 |   await page.click('button[type="submit"]');
      16 |   await page.waitForURL('/gui');
        at login (/Users/henry/Github/Github_desktop/henryreed.ai/hosting/tests/e2e/smoke.spec.ts:13:14)
        at /Users/henry/Github/Github_desktop/henryreed.ai/hosting/tests/e2e/smoke.spec.ts:340:5

    attachment #1: screenshot (image/png) ──────────────────────────────────────────────────────────
    ../../test-results/smoke-Data-Persistence-Sta-82e10--persist-user-activity-data-chromium/test-failed-1.png
    ────────────────────────────────────────────────────────────────────────────────────────────────

    attachment #2: video (video/webm) ──────────────────────────────────────────────────────────────
    ../../test-results/smoke-Data-Persistence-Sta-82e10--persist-user-activity-data-chromium/video.webm
    ────────────────────────────────────────────────────────────────────────────────────────────────

    Error Context: ../../test-results/smoke-Data-Persistence-Sta-82e10--persist-user-activity-data-chromium/error-context.md
]]>
</failure>
<system-out>
<![CDATA[
[[ATTACHMENT|smoke-Data-Persistence-Sta-82e10--persist-user-activity-data-chromium/test-failed-1.png]]

[[ATTACHMENT|smoke-Data-Persistence-Sta-82e10--persist-user-activity-data-chromium/video.webm]]

[[ATTACHMENT|smoke-Data-Persistence-Sta-82e10--persist-user-activity-data-chromium/error-context.md]]
]]>
</system-out>
</testcase>
<testcase name="Enhanced Components Integration @smoke › should render enhanced CortexButton components" classname="smoke.spec.ts" time="30.525">
<failure message="smoke.spec.ts:359:7 should render enhanced CortexButton components" type="FAILURE">
<![CDATA[  [chromium] › smoke.spec.ts:359:7 › Enhanced Components Integration @smoke › should render enhanced CortexButton components 

    Test timeout of 30000ms exceeded while running "beforeEach" hook.

      352 |
      353 | test.describe('Enhanced Components Integration @smoke', () => {
    > 354 |   test.beforeEach(async ({ page }) => {
          |        ^
      355 |     await login(page);
      356 |     await page.waitForTimeout(3000); // Allow components to load
      357 |   });
        at /Users/henry/Github/Github_desktop/henryreed.ai/hosting/tests/e2e/smoke.spec.ts:354:8

    Error: page.fill: Test timeout of 30000ms exceeded.
    Call log:
      - waiting for locator('#username')


      11 |   await page.goto('/');
      12 |   await page.waitForLoadState('networkidle');
    > 13 |   await page.fill('#username', TEST_CREDENTIALS.username);
         |              ^
      14 |   await page.fill('#password', TEST_CREDENTIALS.password);
      15 |   await page.click('button[type="submit"]');
      16 |   await page.waitForURL('/gui');
        at login (/Users/henry/Github/Github_desktop/henryreed.ai/hosting/tests/e2e/smoke.spec.ts:13:14)
        at /Users/henry/Github/Github_desktop/henryreed.ai/hosting/tests/e2e/smoke.spec.ts:355:5

    attachment #1: screenshot (image/png) ──────────────────────────────────────────────────────────
    ../../test-results/smoke-Enhanced-Components--19212-ced-CortexButton-components-chromium/test-failed-1.png
    ────────────────────────────────────────────────────────────────────────────────────────────────

    attachment #2: video (video/webm) ──────────────────────────────────────────────────────────────
    ../../test-results/smoke-Enhanced-Components--19212-ced-CortexButton-components-chromium/video.webm
    ────────────────────────────────────────────────────────────────────────────────────────────────

    Error Context: ../../test-results/smoke-Enhanced-Components--19212-ced-CortexButton-components-chromium/error-context.md
]]>
</failure>
<system-out>
<![CDATA[
[[ATTACHMENT|smoke-Enhanced-Components--19212-ced-CortexButton-components-chromium/test-failed-1.png]]

[[ATTACHMENT|smoke-Enhanced-Components--19212-ced-CortexButton-components-chromium/video.webm]]

[[ATTACHMENT|smoke-Enhanced-Components--19212-ced-CortexButton-components-chromium/error-context.md]]
]]>
</system-out>
</testcase>
<testcase name="Enhanced Components Integration @smoke › should load user activity service" classname="smoke.spec.ts" time="30.517">
<failure message="smoke.spec.ts:382:7 should load user activity service" type="FAILURE">
<![CDATA[  [chromium] › smoke.spec.ts:382:7 › Enhanced Components Integration @smoke › should load user activity service 

    Test timeout of 30000ms exceeded while running "beforeEach" hook.

      352 |
      353 | test.describe('Enhanced Components Integration @smoke', () => {
    > 354 |   test.beforeEach(async ({ page }) => {
          |        ^
      355 |     await login(page);
      356 |     await page.waitForTimeout(3000); // Allow components to load
      357 |   });
        at /Users/henry/Github/Github_desktop/henryreed.ai/hosting/tests/e2e/smoke.spec.ts:354:8

    Error: page.fill: Test timeout of 30000ms exceeded.
    Call log:
      - waiting for locator('#username')


      11 |   await page.goto('/');
      12 |   await page.waitForLoadState('networkidle');
    > 13 |   await page.fill('#username', TEST_CREDENTIALS.username);
         |              ^
      14 |   await page.fill('#password', TEST_CREDENTIALS.password);
      15 |   await page.click('button[type="submit"]');
      16 |   await page.waitForURL('/gui');
        at login (/Users/henry/Github/Github_desktop/henryreed.ai/hosting/tests/e2e/smoke.spec.ts:13:14)
        at /Users/henry/Github/Github_desktop/henryreed.ai/hosting/tests/e2e/smoke.spec.ts:355:5

    attachment #1: screenshot (image/png) ──────────────────────────────────────────────────────────
    ../../test-results/smoke-Enhanced-Components--accca--load-user-activity-service-chromium/test-failed-1.png
    ────────────────────────────────────────────────────────────────────────────────────────────────

    attachment #2: video (video/webm) ──────────────────────────────────────────────────────────────
    ../../test-results/smoke-Enhanced-Components--accca--load-user-activity-service-chromium/video.webm
    ────────────────────────────────────────────────────────────────────────────────────────────────

    Error Context: ../../test-results/smoke-Enhanced-Components--accca--load-user-activity-service-chromium/error-context.md
]]>
</failure>
<system-out>
<![CDATA[
[[ATTACHMENT|smoke-Enhanced-Components--accca--load-user-activity-service-chromium/test-failed-1.png]]

[[ATTACHMENT|smoke-Enhanced-Components--accca--load-user-activity-service-chromium/video.webm]]

[[ATTACHMENT|smoke-Enhanced-Components--accca--load-user-activity-service-chromium/error-context.md]]
]]>
</system-out>
</testcase>
<testcase name="Enhanced Components Integration @smoke › should support timeline component functionality" classname="smoke.spec.ts" time="30.561">
<failure message="smoke.spec.ts:415:7 should support timeline component functionality" type="FAILURE">
<![CDATA[  [chromium] › smoke.spec.ts:415:7 › Enhanced Components Integration @smoke › should support timeline component functionality 

    Test timeout of 30000ms exceeded while running "beforeEach" hook.

      352 |
      353 | test.describe('Enhanced Components Integration @smoke', () => {
    > 354 |   test.beforeEach(async ({ page }) => {
          |        ^
      355 |     await login(page);
      356 |     await page.waitForTimeout(3000); // Allow components to load
      357 |   });
        at /Users/henry/Github/Github_desktop/henryreed.ai/hosting/tests/e2e/smoke.spec.ts:354:8

    Error: page.fill: Test timeout of 30000ms exceeded.
    Call log:
      - waiting for locator('#username')


      11 |   await page.goto('/');
      12 |   await page.waitForLoadState('networkidle');
    > 13 |   await page.fill('#username', TEST_CREDENTIALS.username);
         |              ^
      14 |   await page.fill('#password', TEST_CREDENTIALS.password);
      15 |   await page.click('button[type="submit"]');
      16 |   await page.waitForURL('/gui');
        at login (/Users/henry/Github/Github_desktop/henryreed.ai/hosting/tests/e2e/smoke.spec.ts:13:14)
        at /Users/henry/Github/Github_desktop/henryreed.ai/hosting/tests/e2e/smoke.spec.ts:355:5

    attachment #1: screenshot (image/png) ──────────────────────────────────────────────────────────
    ../../test-results/smoke-Enhanced-Components--589bc-ine-component-functionality-chromium/test-failed-1.png
    ────────────────────────────────────────────────────────────────────────────────────────────────

    attachment #2: video (video/webm) ──────────────────────────────────────────────────────────────
    ../../test-results/smoke-Enhanced-Components--589bc-ine-component-functionality-chromium/video.webm
    ────────────────────────────────────────────────────────────────────────────────────────────────

    Error Context: ../../test-results/smoke-Enhanced-Components--589bc-ine-component-functionality-chromium/error-context.md
]]>
</failure>
<system-out>
<![CDATA[
[[ATTACHMENT|smoke-Enhanced-Components--589bc-ine-component-functionality-chromium/test-failed-1.png]]

[[ATTACHMENT|smoke-Enhanced-Components--589bc-ine-component-functionality-chromium/video.webm]]

[[ATTACHMENT|smoke-Enhanced-Components--589bc-ine-component-functionality-chromium/error-context.md]]
]]>
</system-out>
</testcase>
<testcase name="Enhanced Components Integration @smoke › should support content library functionality" classname="smoke.spec.ts" time="30.559">
<failure message="smoke.spec.ts:429:7 should support content library functionality" type="FAILURE">
<![CDATA[  [chromium] › smoke.spec.ts:429:7 › Enhanced Components Integration @smoke › should support content library functionality 

    Test timeout of 30000ms exceeded while running "beforeEach" hook.

      352 |
      353 | test.describe('Enhanced Components Integration @smoke', () => {
    > 354 |   test.beforeEach(async ({ page }) => {
          |        ^
      355 |     await login(page);
      356 |     await page.waitForTimeout(3000); // Allow components to load
      357 |   });
        at /Users/henry/Github/Github_desktop/henryreed.ai/hosting/tests/e2e/smoke.spec.ts:354:8

    Error: page.fill: Test timeout of 30000ms exceeded.
    Call log:
      - waiting for locator('#username')


      11 |   await page.goto('/');
      12 |   await page.waitForLoadState('networkidle');
    > 13 |   await page.fill('#username', TEST_CREDENTIALS.username);
         |              ^
      14 |   await page.fill('#password', TEST_CREDENTIALS.password);
      15 |   await page.click('button[type="submit"]');
      16 |   await page.waitForURL('/gui');
        at login (/Users/henry/Github/Github_desktop/henryreed.ai/hosting/tests/e2e/smoke.spec.ts:13:14)
        at /Users/henry/Github/Github_desktop/henryreed.ai/hosting/tests/e2e/smoke.spec.ts:355:5

    attachment #1: screenshot (image/png) ──────────────────────────────────────────────────────────
    ../../test-results/smoke-Enhanced-Components--e7a0a-ntent-library-functionality-chromium/test-failed-1.png
    ────────────────────────────────────────────────────────────────────────────────────────────────

    attachment #2: video (video/webm) ──────────────────────────────────────────────────────────────
    ../../test-results/smoke-Enhanced-Components--e7a0a-ntent-library-functionality-chromium/video.webm
    ────────────────────────────────────────────────────────────────────────────────────────────────

    Error Context: ../../test-results/smoke-Enhanced-Components--e7a0a-ntent-library-functionality-chromium/error-context.md
]]>
</failure>
<system-out>
<![CDATA[
[[ATTACHMENT|smoke-Enhanced-Components--e7a0a-ntent-library-functionality-chromium/test-failed-1.png]]

[[ATTACHMENT|smoke-Enhanced-Components--e7a0a-ntent-library-functionality-chromium/video.webm]]

[[ATTACHMENT|smoke-Enhanced-Components--e7a0a-ntent-library-functionality-chromium/error-context.md]]
]]>
</system-out>
</testcase>
<testcase name="Backend Integration &amp; API Connectivity @smoke › should handle XSIAM API integration" classname="smoke.spec.ts" time="30.561">
<failure message="smoke.spec.ts:463:7 should handle XSIAM API integration" type="FAILURE">
<![CDATA[  [chromium] › smoke.spec.ts:463:7 › Backend Integration & API Connectivity @smoke › should handle XSIAM API integration 

    Test timeout of 30000ms exceeded while running "beforeEach" hook.

      457 |
      458 | test.describe('Backend Integration & API Connectivity @smoke', () => {
    > 459 |   test.beforeEach(async ({ page }) => {
          |        ^
      460 |     await login(page);
      461 |   });
      462 |
        at /Users/henry/Github/Github_desktop/henryreed.ai/hosting/tests/e2e/smoke.spec.ts:459:8

    Error: page.fill: Test timeout of 30000ms exceeded.
    Call log:
      - waiting for locator('#username')


      11 |   await page.goto('/');
      12 |   await page.waitForLoadState('networkidle');
    > 13 |   await page.fill('#username', TEST_CREDENTIALS.username);
         |              ^
      14 |   await page.fill('#password', TEST_CREDENTIALS.password);
      15 |   await page.click('button[type="submit"]');
      16 |   await page.waitForURL('/gui');
        at login (/Users/henry/Github/Github_desktop/henryreed.ai/hosting/tests/e2e/smoke.spec.ts:13:14)
        at /Users/henry/Github/Github_desktop/henryreed.ai/hosting/tests/e2e/smoke.spec.ts:460:5

    attachment #1: screenshot (image/png) ──────────────────────────────────────────────────────────
    ../../test-results/smoke-Backend-Integration--d7023-andle-XSIAM-API-integration-chromium/test-failed-1.png
    ────────────────────────────────────────────────────────────────────────────────────────────────

    attachment #2: video (video/webm) ──────────────────────────────────────────────────────────────
    ../../test-results/smoke-Backend-Integration--d7023-andle-XSIAM-API-integration-chromium/video.webm
    ────────────────────────────────────────────────────────────────────────────────────────────────

    Error Context: ../../test-results/smoke-Backend-Integration--d7023-andle-XSIAM-API-integration-chromium/error-context.md
]]>
</failure>
<system-out>
<![CDATA[
[[ATTACHMENT|smoke-Backend-Integration--d7023-andle-XSIAM-API-integration-chromium/test-failed-1.png]]

[[ATTACHMENT|smoke-Backend-Integration--d7023-andle-XSIAM-API-integration-chromium/video.webm]]

[[ATTACHMENT|smoke-Backend-Integration--d7023-andle-XSIAM-API-integration-chromium/error-context.md]]
]]>
</system-out>
</testcase>
<testcase name="Backend Integration &amp; API Connectivity @smoke › should handle terminal command execution" classname="smoke.spec.ts" time="30.552">
<failure message="smoke.spec.ts:485:7 should handle terminal command execution" type="FAILURE">
<![CDATA[  [chromium] › smoke.spec.ts:485:7 › Backend Integration & API Connectivity @smoke › should handle terminal command execution 

    Test timeout of 30000ms exceeded while running "beforeEach" hook.

      457 |
      458 | test.describe('Backend Integration & API Connectivity @smoke', () => {
    > 459 |   test.beforeEach(async ({ page }) => {
          |        ^
      460 |     await login(page);
      461 |   });
      462 |
        at /Users/henry/Github/Github_desktop/henryreed.ai/hosting/tests/e2e/smoke.spec.ts:459:8

    Error: page.fill: Test timeout of 30000ms exceeded.
    Call log:
      - waiting for locator('#username')


      11 |   await page.goto('/');
      12 |   await page.waitForLoadState('networkidle');
    > 13 |   await page.fill('#username', TEST_CREDENTIALS.username);
         |              ^
      14 |   await page.fill('#password', TEST_CREDENTIALS.password);
      15 |   await page.click('button[type="submit"]');
      16 |   await page.waitForURL('/gui');
        at login (/Users/henry/Github/Github_desktop/henryreed.ai/hosting/tests/e2e/smoke.spec.ts:13:14)
        at /Users/henry/Github/Github_desktop/henryreed.ai/hosting/tests/e2e/smoke.spec.ts:460:5

    attachment #1: screenshot (image/png) ──────────────────────────────────────────────────────────
    ../../test-results/smoke-Backend-Integration--17fe8--terminal-command-execution-chromium/test-failed-1.png
    ────────────────────────────────────────────────────────────────────────────────────────────────

    attachment #2: video (video/webm) ──────────────────────────────────────────────────────────────
    ../../test-results/smoke-Backend-Integration--17fe8--terminal-command-execution-chromium/video.webm
    ────────────────────────────────────────────────────────────────────────────────────────────────

    Error Context: ../../test-results/smoke-Backend-Integration--17fe8--terminal-command-execution-chromium/error-context.md
]]>
</failure>
<system-out>
<![CDATA[
[[ATTACHMENT|smoke-Backend-Integration--17fe8--terminal-command-execution-chromium/test-failed-1.png]]

[[ATTACHMENT|smoke-Backend-Integration--17fe8--terminal-command-execution-chromium/video.webm]]

[[ATTACHMENT|smoke-Backend-Integration--17fe8--terminal-command-execution-chromium/error-context.md]]
]]>
</system-out>
</testcase>
<testcase name="Backend Integration &amp; API Connectivity @smoke › should handle user preferences and settings" classname="smoke.spec.ts" time="30.61">
<failure message="smoke.spec.ts:512:7 should handle user preferences and settings" type="FAILURE">
<![CDATA[  [chromium] › smoke.spec.ts:512:7 › Backend Integration & API Connectivity @smoke › should handle user preferences and settings 

    Test timeout of 30000ms exceeded while running "beforeEach" hook.

      457 |
      458 | test.describe('Backend Integration & API Connectivity @smoke', () => {
    > 459 |   test.beforeEach(async ({ page }) => {
          |        ^
      460 |     await login(page);
      461 |   });
      462 |
        at /Users/henry/Github/Github_desktop/henryreed.ai/hosting/tests/e2e/smoke.spec.ts:459:8

    Error: page.fill: Test timeout of 30000ms exceeded.
    Call log:
      - waiting for locator('#username')


      11 |   await page.goto('/');
      12 |   await page.waitForLoadState('networkidle');
    > 13 |   await page.fill('#username', TEST_CREDENTIALS.username);
         |              ^
      14 |   await page.fill('#password', TEST_CREDENTIALS.password);
      15 |   await page.click('button[type="submit"]');
      16 |   await page.waitForURL('/gui');
        at login (/Users/henry/Github/Github_desktop/henryreed.ai/hosting/tests/e2e/smoke.spec.ts:13:14)
        at /Users/henry/Github/Github_desktop/henryreed.ai/hosting/tests/e2e/smoke.spec.ts:460:5

    attachment #1: screenshot (image/png) ──────────────────────────────────────────────────────────
    ../../test-results/smoke-Backend-Integration--b20dd-er-preferences-and-settings-chromium/test-failed-1.png
    ────────────────────────────────────────────────────────────────────────────────────────────────

    attachment #2: video (video/webm) ──────────────────────────────────────────────────────────────
    ../../test-results/smoke-Backend-Integration--b20dd-er-preferences-and-settings-chromium/video.webm
    ────────────────────────────────────────────────────────────────────────────────────────────────

    Error Context: ../../test-results/smoke-Backend-Integration--b20dd-er-preferences-and-settings-chromium/error-context.md
]]>
</failure>
<system-out>
<![CDATA[
[[ATTACHMENT|smoke-Backend-Integration--b20dd-er-preferences-and-settings-chromium/test-failed-1.png]]

[[ATTACHMENT|smoke-Backend-Integration--b20dd-er-preferences-and-settings-chromium/video.webm]]

[[ATTACHMENT|smoke-Backend-Integration--b20dd-er-preferences-and-settings-chromium/error-context.md]]
]]>
</system-out>
</testcase>
<testcase name="Backend Integration &amp; API Connectivity @smoke › should handle data export and import" classname="smoke.spec.ts" time="30.52">
<failure message="smoke.spec.ts:540:7 should handle data export and import" type="FAILURE">
<![CDATA[  [chromium] › smoke.spec.ts:540:7 › Backend Integration & API Connectivity @smoke › should handle data export and import 

    Test timeout of 30000ms exceeded while running "beforeEach" hook.

      457 |
      458 | test.describe('Backend Integration & API Connectivity @smoke', () => {
    > 459 |   test.beforeEach(async ({ page }) => {
          |        ^
      460 |     await login(page);
      461 |   });
      462 |
        at /Users/henry/Github/Github_desktop/henryreed.ai/hosting/tests/e2e/smoke.spec.ts:459:8

    Error: page.fill: Test timeout of 30000ms exceeded.
    Call log:
      - waiting for locator('#username')


      11 |   await page.goto('/');
      12 |   await page.waitForLoadState('networkidle');
    > 13 |   await page.fill('#username', TEST_CREDENTIALS.username);
         |              ^
      14 |   await page.fill('#password', TEST_CREDENTIALS.password);
      15 |   await page.click('button[type="submit"]');
      16 |   await page.waitForURL('/gui');
        at login (/Users/henry/Github/Github_desktop/henryreed.ai/hosting/tests/e2e/smoke.spec.ts:13:14)
        at /Users/henry/Github/Github_desktop/henryreed.ai/hosting/tests/e2e/smoke.spec.ts:460:5

    attachment #1: screenshot (image/png) ──────────────────────────────────────────────────────────
    ../../test-results/smoke-Backend-Integration--d0ad7-ndle-data-export-and-import-chromium/test-failed-1.png
    ────────────────────────────────────────────────────────────────────────────────────────────────

    attachment #2: video (video/webm) ──────────────────────────────────────────────────────────────
    ../../test-results/smoke-Backend-Integration--d0ad7-ndle-data-export-and-import-chromium/video.webm
    ────────────────────────────────────────────────────────────────────────────────────────────────

    Error Context: ../../test-results/smoke-Backend-Integration--d0ad7-ndle-data-export-and-import-chromium/error-context.md
]]>
</failure>
<system-out>
<![CDATA[
[[ATTACHMENT|smoke-Backend-Integration--d0ad7-ndle-data-export-and-import-chromium/test-failed-1.png]]

[[ATTACHMENT|smoke-Backend-Integration--d0ad7-ndle-data-export-and-import-chromium/video.webm]]

[[ATTACHMENT|smoke-Backend-Integration--d0ad7-ndle-data-export-and-import-chromium/error-context.md]]
]]>
</system-out>
</testcase>
<testcase name="Modern UI/UX Features @smoke › should support modern button interactions" classname="smoke.spec.ts" time="30.515">
<failure message="smoke.spec.ts:571:7 should support modern button interactions" type="FAILURE">
<![CDATA[  [chromium] › smoke.spec.ts:571:7 › Modern UI/UX Features @smoke › should support modern button interactions 

    Test timeout of 30000ms exceeded while running "beforeEach" hook.

      565 |
      566 | test.describe('Modern UI/UX Features @smoke', () => {
    > 567 |   test.beforeEach(async ({ page }) => {
          |        ^
      568 |     await login(page);
      569 |   });
      570 |
        at /Users/henry/Github/Github_desktop/henryreed.ai/hosting/tests/e2e/smoke.spec.ts:567:8

    Error: page.fill: Test timeout of 30000ms exceeded.
    Call log:
      - waiting for locator('#username')


      11 |   await page.goto('/');
      12 |   await page.waitForLoadState('networkidle');
    > 13 |   await page.fill('#username', TEST_CREDENTIALS.username);
         |              ^
      14 |   await page.fill('#password', TEST_CREDENTIALS.password);
      15 |   await page.click('button[type="submit"]');
      16 |   await page.waitForURL('/gui');
        at login (/Users/henry/Github/Github_desktop/henryreed.ai/hosting/tests/e2e/smoke.spec.ts:13:14)
        at /Users/henry/Github/Github_desktop/henryreed.ai/hosting/tests/e2e/smoke.spec.ts:568:5

    attachment #1: screenshot (image/png) ──────────────────────────────────────────────────────────
    ../../test-results/smoke-Modern-UI-UX-Feature-48456--modern-button-interactions-chromium/test-failed-1.png
    ────────────────────────────────────────────────────────────────────────────────────────────────

    attachment #2: video (video/webm) ──────────────────────────────────────────────────────────────
    ../../test-results/smoke-Modern-UI-UX-Feature-48456--modern-button-interactions-chromium/video.webm
    ────────────────────────────────────────────────────────────────────────────────────────────────

    Error Context: ../../test-results/smoke-Modern-UI-UX-Feature-48456--modern-button-interactions-chromium/error-context.md
]]>
</failure>
<system-out>
<![CDATA[
[[ATTACHMENT|smoke-Modern-UI-UX-Feature-48456--modern-button-interactions-chromium/test-failed-1.png]]

[[ATTACHMENT|smoke-Modern-UI-UX-Feature-48456--modern-button-interactions-chromium/video.webm]]

[[ATTACHMENT|smoke-Modern-UI-UX-Feature-48456--modern-button-interactions-chromium/error-context.md]]
]]>
</system-out>
</testcase>
<testcase name="Modern UI/UX Features @smoke › should support theme and appearance customization" classname="smoke.spec.ts" time="30.57">
<failure message="smoke.spec.ts:596:7 should support theme and appearance customization" type="FAILURE">
<![CDATA[  [chromium] › smoke.spec.ts:596:7 › Modern UI/UX Features @smoke › should support theme and appearance customization 

    Test timeout of 30000ms exceeded while running "beforeEach" hook.

      565 |
      566 | test.describe('Modern UI/UX Features @smoke', () => {
    > 567 |   test.beforeEach(async ({ page }) => {
          |        ^
      568 |     await login(page);
      569 |   });
      570 |
        at /Users/henry/Github/Github_desktop/henryreed.ai/hosting/tests/e2e/smoke.spec.ts:567:8

    Error: page.fill: Test timeout of 30000ms exceeded.
    Call log:
      - waiting for locator('#username')


      11 |   await page.goto('/');
      12 |   await page.waitForLoadState('networkidle');
    > 13 |   await page.fill('#username', TEST_CREDENTIALS.username);
         |              ^
      14 |   await page.fill('#password', TEST_CREDENTIALS.password);
      15 |   await page.click('button[type="submit"]');
      16 |   await page.waitForURL('/gui');
        at login (/Users/henry/Github/Github_desktop/henryreed.ai/hosting/tests/e2e/smoke.spec.ts:13:14)
        at /Users/henry/Github/Github_desktop/henryreed.ai/hosting/tests/e2e/smoke.spec.ts:568:5

    attachment #1: screenshot (image/png) ──────────────────────────────────────────────────────────
    ../../test-results/smoke-Modern-UI-UX-Feature-884e0-nd-appearance-customization-chromium/test-failed-1.png
    ────────────────────────────────────────────────────────────────────────────────────────────────

    attachment #2: video (video/webm) ──────────────────────────────────────────────────────────────
    ../../test-results/smoke-Modern-UI-UX-Feature-884e0-nd-appearance-customization-chromium/video.webm
    ────────────────────────────────────────────────────────────────────────────────────────────────

    Error Context: ../../test-results/smoke-Modern-UI-UX-Feature-884e0-nd-appearance-customization-chromium/error-context.md
]]>
</failure>
<system-out>
<![CDATA[
[[ATTACHMENT|smoke-Modern-UI-UX-Feature-884e0-nd-appearance-customization-chromium/test-failed-1.png]]

[[ATTACHMENT|smoke-Modern-UI-UX-Feature-884e0-nd-appearance-customization-chromium/video.webm]]

[[ATTACHMENT|smoke-Modern-UI-UX-Feature-884e0-nd-appearance-customization-chromium/error-context.md]]
]]>
</system-out>
</testcase>
<testcase name="Modern UI/UX Features @smoke › should handle loading states properly" classname="smoke.spec.ts" time="30.557">
<failure message="smoke.spec.ts:611:7 should handle loading states properly" type="FAILURE">
<![CDATA[  [chromium] › smoke.spec.ts:611:7 › Modern UI/UX Features @smoke › should handle loading states properly 

    Test timeout of 30000ms exceeded while running "beforeEach" hook.

      565 |
      566 | test.describe('Modern UI/UX Features @smoke', () => {
    > 567 |   test.beforeEach(async ({ page }) => {
          |        ^
      568 |     await login(page);
      569 |   });
      570 |
        at /Users/henry/Github/Github_desktop/henryreed.ai/hosting/tests/e2e/smoke.spec.ts:567:8

    Error: page.fill: Test timeout of 30000ms exceeded.
    Call log:
      - waiting for locator('#username')


      11 |   await page.goto('/');
      12 |   await page.waitForLoadState('networkidle');
    > 13 |   await page.fill('#username', TEST_CREDENTIALS.username);
         |              ^
      14 |   await page.fill('#password', TEST_CREDENTIALS.password);
      15 |   await page.click('button[type="submit"]');
      16 |   await page.waitForURL('/gui');
        at login (/Users/henry/Github/Github_desktop/henryreed.ai/hosting/tests/e2e/smoke.spec.ts:13:14)
        at /Users/henry/Github/Github_desktop/henryreed.ai/hosting/tests/e2e/smoke.spec.ts:568:5

    attachment #1: screenshot (image/png) ──────────────────────────────────────────────────────────
    ../../test-results/smoke-Modern-UI-UX-Feature-10fca-dle-loading-states-properly-chromium/test-failed-1.png
    ────────────────────────────────────────────────────────────────────────────────────────────────

    attachment #2: video (video/webm) ──────────────────────────────────────────────────────────────
    ../../test-results/smoke-Modern-UI-UX-Feature-10fca-dle-loading-states-properly-chromium/video.webm
    ────────────────────────────────────────────────────────────────────────────────────────────────

    Error Context: ../../test-results/smoke-Modern-UI-UX-Feature-10fca-dle-loading-states-properly-chromium/error-context.md
]]>
</failure>
<system-out>
<![CDATA[
[[ATTACHMENT|smoke-Modern-UI-UX-Feature-10fca-dle-loading-states-properly-chromium/test-failed-1.png]]

[[ATTACHMENT|smoke-Modern-UI-UX-Feature-10fca-dle-loading-states-properly-chromium/video.webm]]

[[ATTACHMENT|smoke-Modern-UI-UX-Feature-10fca-dle-loading-states-properly-chromium/error-context.md]]
]]>
</system-out>
</testcase>
<testcase name="Modern UI/UX Features @smoke › should support keyboard navigation and shortcuts" classname="smoke.spec.ts" time="30.528">
<failure message="smoke.spec.ts:631:7 should support keyboard navigation and shortcuts" type="FAILURE">
<![CDATA[  [chromium] › smoke.spec.ts:631:7 › Modern UI/UX Features @smoke › should support keyboard navigation and shortcuts 

    Test timeout of 30000ms exceeded while running "beforeEach" hook.

      565 |
      566 | test.describe('Modern UI/UX Features @smoke', () => {
    > 567 |   test.beforeEach(async ({ page }) => {
          |        ^
      568 |     await login(page);
      569 |   });
      570 |
        at /Users/henry/Github/Github_desktop/henryreed.ai/hosting/tests/e2e/smoke.spec.ts:567:8

    Error: page.fill: Test timeout of 30000ms exceeded.
    Call log:
      - waiting for locator('#username')


      11 |   await page.goto('/');
      12 |   await page.waitForLoadState('networkidle');
    > 13 |   await page.fill('#username', TEST_CREDENTIALS.username);
         |              ^
      14 |   await page.fill('#password', TEST_CREDENTIALS.password);
      15 |   await page.click('button[type="submit"]');
      16 |   await page.waitForURL('/gui');
        at login (/Users/henry/Github/Github_desktop/henryreed.ai/hosting/tests/e2e/smoke.spec.ts:13:14)
        at /Users/henry/Github/Github_desktop/henryreed.ai/hosting/tests/e2e/smoke.spec.ts:568:5

    attachment #1: screenshot (image/png) ──────────────────────────────────────────────────────────
    ../../test-results/smoke-Modern-UI-UX-Feature-e1717-rd-navigation-and-shortcuts-chromium/test-failed-1.png
    ────────────────────────────────────────────────────────────────────────────────────────────────

    attachment #2: video (video/webm) ──────────────────────────────────────────────────────────────
    ../../test-results/smoke-Modern-UI-UX-Feature-e1717-rd-navigation-and-shortcuts-chromium/video.webm
    ────────────────────────────────────────────────────────────────────────────────────────────────

    Error Context: ../../test-results/smoke-Modern-UI-UX-Feature-e1717-rd-navigation-and-shortcuts-chromium/error-context.md
]]>
</failure>
<system-out>
<![CDATA[
[[ATTACHMENT|smoke-Modern-UI-UX-Feature-e1717-rd-navigation-and-shortcuts-chromium/test-failed-1.png]]

[...]

    Error: page.fill: Test timeout of 30000ms exceeded.
    Call log:
      - waiting for locator('#username')


      11 |   await page.goto('/');
      12 |   await page.waitForLoadState('networkidle');
    > 13 |   await page.fill('#username', TEST_CREDENTIALS.username);
         |              ^
      14 |   await page.fill('#password', TEST_CREDENTIALS.password);
      15 |   await page.click('button[type="submit"]');
      16 |   await page.waitForURL('/gui');
        at login (/Users/henry/Github/Github_desktop/henryreed.ai/hosting/tests/e2e/smoke.spec.ts:13:14)
        at /Users/henry/Github/Github_desktop/henryreed.ai/hosting/tests/e2e/smoke.spec.ts:460:5

    attachment #1: screenshot (image/png) ──────────────────────────────────────────────────────────
    ../../test-results/smoke-Backend-Integration--d7023-andle-XSIAM-API-integration-Mobile-Safari/test-failed-1.png
    ────────────────────────────────────────────────────────────────────────────────────────────────

    attachment #2: video (video/webm) ──────────────────────────────────────────────────────────────
    ../../test-results/smoke-Backend-Integration--d7023-andle-XSIAM-API-integration-Mobile-Safari/video.webm
    ────────────────────────────────────────────────────────────────────────────────────────────────

    Error Context: ../../test-results/smoke-Backend-Integration--d7023-andle-XSIAM-API-integration-Mobile-Safari/error-context.md
]]>
</failure>
<system-out>
<![CDATA[
[[ATTACHMENT|smoke-Backend-Integration--d7023-andle-XSIAM-API-integration-Mobile-Safari/test-failed-1.png]]

[[ATTACHMENT|smoke-Backend-Integration--d7023-andle-XSIAM-API-integration-Mobile-Safari/video.webm]]

[[ATTACHMENT|smoke-Backend-Integration--d7023-andle-XSIAM-API-integration-Mobile-Safari/error-context.md]]
]]>
</system-out>
</testcase>
<testcase name="Backend Integration &amp; API Connectivity @smoke › should handle terminal command execution" classname="smoke.spec.ts" time="30.039">
<failure message="smoke.spec.ts:485:7 should handle terminal command execution" type="FAILURE">
<![CDATA[  [Mobile Safari] › smoke.spec.ts:485:7 › Backend Integration & API Connectivity @smoke › should handle terminal command execution 

    Test timeout of 30000ms exceeded while running "beforeEach" hook.

      457 |
      458 | test.describe('Backend Integration & API Connectivity @smoke', () => {
    > 459 |   test.beforeEach(async ({ page }) => {
          |        ^
      460 |     await login(page);
      461 |   });
      462 |
        at /Users/henry/Github/Github_desktop/henryreed.ai/hosting/tests/e2e/smoke.spec.ts:459:8

    Error: page.fill: Test timeout of 30000ms exceeded.
    Call log:
      - waiting for locator('#username')


      11 |   await page.goto('/');
      12 |   await page.waitForLoadState('networkidle');
    > 13 |   await page.fill('#username', TEST_CREDENTIALS.username);
         |              ^
      14 |   await page.fill('#password', TEST_CREDENTIALS.password);
      15 |   await page.click('button[type="submit"]');
      16 |   await page.waitForURL('/gui');
        at login (/Users/henry/Github/Github_desktop/henryreed.ai/hosting/tests/e2e/smoke.spec.ts:13:14)
        at /Users/henry/Github/Github_desktop/henryreed.ai/hosting/tests/e2e/smoke.spec.ts:460:5

    attachment #1: screenshot (image/png) ──────────────────────────────────────────────────────────
    ../../test-results/smoke-Backend-Integration--17fe8--terminal-command-execution-Mobile-Safari/test-failed-1.png
    ────────────────────────────────────────────────────────────────────────────────────────────────

    attachment #2: video (video/webm) ──────────────────────────────────────────────────────────────
    ../../test-results/smoke-Backend-Integration--17fe8--terminal-command-execution-Mobile-Safari/video.webm
    ────────────────────────────────────────────────────────────────────────────────────────────────

    Error Context: ../../test-results/smoke-Backend-Integration--17fe8--terminal-command-execution-Mobile-Safari/error-context.md
]]>
</failure>
<system-out>
<![CDATA[
[[ATTACHMENT|smoke-Backend-Integration--17fe8--terminal-command-execution-Mobile-Safari/test-failed-1.png]]

[[ATTACHMENT|smoke-Backend-Integration--17fe8--terminal-command-execution-Mobile-Safari/video.webm]]

[[ATTACHMENT|smoke-Backend-Integration--17fe8--terminal-command-execution-Mobile-Safari/error-context.md]]
]]>
</system-out>
</testcase>
<testcase name="Backend Integration &amp; API Connectivity @smoke › should handle user preferences and settings" classname="smoke.spec.ts" time="30.045">
<failure message="smoke.spec.ts:512:7 should handle user preferences and settings" type="FAILURE">
<![CDATA[  [Mobile Safari] › smoke.spec.ts:512:7 › Backend Integration & API Connectivity @smoke › should handle user preferences and settings 

    Test timeout of 30000ms exceeded while running "beforeEach" hook.

      457 |
      458 | test.describe('Backend Integration & API Connectivity @smoke', () => {
    > 459 |   test.beforeEach(async ({ page }) => {
          |        ^
      460 |     await login(page);
      461 |   });
      462 |
        at /Users/henry/Github/Github_desktop/henryreed.ai/hosting/tests/e2e/smoke.spec.ts:459:8

    Error: page.fill: Test timeout of 30000ms exceeded.
    Call log:
      - waiting for locator('#username')


      11 |   await page.goto('/');
      12 |   await page.waitForLoadState('networkidle');
    > 13 |   await page.fill('#username', TEST_CREDENTIALS.username);
         |              ^
      14 |   await page.fill('#password', TEST_CREDENTIALS.password);
      15 |   await page.click('button[type="submit"]');
      16 |   await page.waitForURL('/gui');
        at login (/Users/henry/Github/Github_desktop/henryreed.ai/hosting/tests/e2e/smoke.spec.ts:13:14)
        at /Users/henry/Github/Github_desktop/henryreed.ai/hosting/tests/e2e/smoke.spec.ts:460:5

    attachment #1: screenshot (image/png) ──────────────────────────────────────────────────────────
    ../../test-results/smoke-Backend-Integration--b20dd-er-preferences-and-settings-Mobile-Safari/test-failed-1.png
    ────────────────────────────────────────────────────────────────────────────────────────────────

    attachment #2: video (video/webm) ──────────────────────────────────────────────────────────────
    ../../test-results/smoke-Backend-Integration--b20dd-er-preferences-and-settings-Mobile-Safari/video.webm
    ────────────────────────────────────────────────────────────────────────────────────────────────

    Error Context: ../../test-results/smoke-Backend-Integration--b20dd-er-preferences-and-settings-Mobile-Safari/error-context.md
]]>
</failure>
<system-out>
<![CDATA[
[[ATTACHMENT|smoke-Backend-Integration--b20dd-er-preferences-and-settings-Mobile-Safari/test-failed-1.png]]

[[ATTACHMENT|smoke-Backend-Integration--b20dd-er-preferences-and-settings-Mobile-Safari/video.webm]]

[[ATTACHMENT|smoke-Backend-Integration--b20dd-er-preferences-and-settings-Mobile-Safari/error-context.md]]
]]>
</system-out>
</testcase>
<testcase name="Backend Integration &amp; API Connectivity @smoke › should handle data export and import" classname="smoke.spec.ts" time="30.029">
<failure message="smoke.spec.ts:540:7 should handle data export and import" type="FAILURE">
<![CDATA[  [Mobile Safari] › smoke.spec.ts:540:7 › Backend Integration & API Connectivity @smoke › should handle data export and import 

    Test timeout of 30000ms exceeded while running "beforeEach" hook.

      457 |
      458 | test.describe('Backend Integration & API Connectivity @smoke', () => {
    > 459 |   test.beforeEach(async ({ page }) => {
          |        ^
      460 |     await login(page);
      461 |   });
      462 |
        at /Users/henry/Github/Github_desktop/henryreed.ai/hosting/tests/e2e/smoke.spec.ts:459:8

    Error: page.fill: Test timeout of 30000ms exceeded.
    Call log:
      - waiting for locator('#username')


      11 |   await page.goto('/');
      12 |   await page.waitForLoadState('networkidle');
    > 13 |   await page.fill('#username', TEST_CREDENTIALS.username);
         |              ^
      14 |   await page.fill('#password', TEST_CREDENTIALS.password);
      15 |   await page.click('button[type="submit"]');
      16 |   await page.waitForURL('/gui');
        at login (/Users/henry/Github/Github_desktop/henryreed.ai/hosting/tests/e2e/smoke.spec.ts:13:14)
        at /Users/henry/Github/Github_desktop/henryreed.ai/hosting/tests/e2e/smoke.spec.ts:460:5

    attachment #1: screenshot (image/png) ──────────────────────────────────────────────────────────
    ../../test-results/smoke-Backend-Integration--d0ad7-ndle-data-export-and-import-Mobile-Safari/test-failed-1.png
    ────────────────────────────────────────────────────────────────────────────────────────────────

    attachment #2: video (video/webm) ──────────────────────────────────────────────────────────────
    ../../test-results/smoke-Backend-Integration--d0ad7-ndle-data-export-and-import-Mobile-Safari/video.webm
    ────────────────────────────────────────────────────────────────────────────────────────────────

    Error Context: ../../test-results/smoke-Backend-Integration--d0ad7-ndle-data-export-and-import-Mobile-Safari/error-context.md
]]>
</failure>
<system-out>
<![CDATA[
[[ATTACHMENT|smoke-Backend-Integration--d0ad7-ndle-data-export-and-import-Mobile-Safari/test-failed-1.png]]

[[ATTACHMENT|smoke-Backend-Integration--d0ad7-ndle-data-export-and-import-Mobile-Safari/video.webm]]

[[ATTACHMENT|smoke-Backend-Integration--d0ad7-ndle-data-export-and-import-Mobile-Safari/error-context.md]]
]]>
</system-out>
</testcase>
<testcase name="Modern UI/UX Features @smoke › should support modern button interactions" classname="smoke.spec.ts" time="30.036">
<failure message="smoke.spec.ts:571:7 should support modern button interactions" type="FAILURE">
<![CDATA[  [Mobile Safari] › smoke.spec.ts:571:7 › Modern UI/UX Features @smoke › should support modern button interactions 

    Test timeout of 30000ms exceeded while running "beforeEach" hook.

      565 |
      566 | test.describe('Modern UI/UX Features @smoke', () => {
    > 567 |   test.beforeEach(async ({ page }) => {
          |        ^
      568 |     await login(page);
      569 |   });
      570 |
        at /Users/henry/Github/Github_desktop/henryreed.ai/hosting/tests/e2e/smoke.spec.ts:567:8

    Error: page.fill: Test timeout of 30000ms exceeded.
    Call log:
      - waiting for locator('#username')


      11 |   await page.goto('/');
      12 |   await page.waitForLoadState('networkidle');
    > 13 |   await page.fill('#username', TEST_CREDENTIALS.username);
         |              ^
      14 |   await page.fill('#password', TEST_CREDENTIALS.password);
      15 |   await page.click('button[type="submit"]');
      16 |   await page.waitForURL('/gui');
        at login (/Users/henry/Github/Github_desktop/henryreed.ai/hosting/tests/e2e/smoke.spec.ts:13:14)
        at /Users/henry/Github/Github_desktop/henryreed.ai/hosting/tests/e2e/smoke.spec.ts:568:5

    attachment #1: screenshot (image/png) ──────────────────────────────────────────────────────────
    ../../test-results/smoke-Modern-UI-UX-Feature-48456--modern-button-interactions-Mobile-Safari/test-failed-1.png
    ────────────────────────────────────────────────────────────────────────────────────────────────

    attachment #2: video (video/webm) ──────────────────────────────────────────────────────────────
    ../../test-results/smoke-Modern-UI-UX-Feature-48456--modern-button-interactions-Mobile-Safari/video.webm
    ────────────────────────────────────────────────────────────────────────────────────────────────

    Error Context: ../../test-results/smoke-Modern-UI-UX-Feature-48456--modern-button-interactions-Mobile-Safari/error-context.md
]]>
</failure>
<system-out>
<![CDATA[
[[ATTACHMENT|smoke-Modern-UI-UX-Feature-48456--modern-button-interactions-Mobile-Safari/test-failed-1.png]]

[[ATTACHMENT|smoke-Modern-UI-UX-Feature-48456--modern-button-interactions-Mobile-Safari/video.webm]]

[[ATTACHMENT|smoke-Modern-UI-UX-Feature-48456--modern-button-interactions-Mobile-Safari/error-context.md]]
]]>
</system-out>
</testcase>
<testcase name="Modern UI/UX Features @smoke › should support theme and appearance customization" classname="smoke.spec.ts" time="30.077">
<failure message="smoke.spec.ts:596:7 should support theme and appearance customization" type="FAILURE">
<![CDATA[  [Mobile Safari] › smoke.spec.ts:596:7 › Modern UI/UX Features @smoke › should support theme and appearance customization 

    Test timeout of 30000ms exceeded while running "beforeEach" hook.

      565 |
      566 | test.describe('Modern UI/UX Features @smoke', () => {
    > 567 |   test.beforeEach(async ({ page }) => {
          |        ^
      568 |     await login(page);
      569 |   });
      570 |
        at /Users/henry/Github/Github_desktop/henryreed.ai/hosting/tests/e2e/smoke.spec.ts:567:8

    Error: page.fill: Test timeout of 30000ms exceeded.
    Call log:
      - waiting for locator('#username')


      11 |   await page.goto('/');
      12 |   await page.waitForLoadState('networkidle');
    > 13 |   await page.fill('#username', TEST_CREDENTIALS.username);
         |              ^
      14 |   await page.fill('#password', TEST_CREDENTIALS.password);
      15 |   await page.click('button[type="submit"]');
      16 |   await page.waitForURL('/gui');
        at login (/Users/henry/Github/Github_desktop/henryreed.ai/hosting/tests/e2e/smoke.spec.ts:13:14)
        at /Users/henry/Github/Github_desktop/henryreed.ai/hosting/tests/e2e/smoke.spec.ts:568:5

    attachment #1: screenshot (image/png) ──────────────────────────────────────────────────────────
    ../../test-results/smoke-Modern-UI-UX-Feature-884e0-nd-appearance-customization-Mobile-Safari/test-failed-1.png
    ────────────────────────────────────────────────────────────────────────────────────────────────

    attachment #2: video (video/webm) ──────────────────────────────────────────────────────────────
    ../../test-results/smoke-Modern-UI-UX-Feature-884e0-nd-appearance-customization-Mobile-Safari/video.webm
    ────────────────────────────────────────────────────────────────────────────────────────────────

    Error Context: ../../test-results/smoke-Modern-UI-UX-Feature-884e0-nd-appearance-customization-Mobile-Safari/error-context.md
]]>
</failure>
<system-out>
<![CDATA[
[[ATTACHMENT|smoke-Modern-UI-UX-Feature-884e0-nd-appearance-customization-Mobile-Safari/test-failed-1.png]]

[[ATTACHMENT|smoke-Modern-UI-UX-Feature-884e0-nd-appearance-customization-Mobile-Safari/video.webm]]

[[ATTACHMENT|smoke-Modern-UI-UX-Feature-884e0-nd-appearance-customization-Mobile-Safari/error-context.md]]
]]>
</system-out>
</testcase>
<testcase name="Modern UI/UX Features @smoke › should handle loading states properly" classname="smoke.spec.ts" time="30.061">
<failure message="smoke.spec.ts:611:7 should handle loading states properly" type="FAILURE">
<![CDATA[  [Mobile Safari] › smoke.spec.ts:611:7 › Modern UI/UX Features @smoke › should handle loading states properly 

    Test timeout of 30000ms exceeded while running "beforeEach" hook.

      565 |
      566 | test.describe('Modern UI/UX Features @smoke', () => {
    > 567 |   test.beforeEach(async ({ page }) => {
          |        ^
      568 |     await login(page);
      569 |   });
      570 |
        at /Users/henry/Github/Github_desktop/henryreed.ai/hosting/tests/e2e/smoke.spec.ts:567:8

    Error: page.fill: Test timeout of 30000ms exceeded.
    Call log:
      - waiting for locator('#username')


      11 |   await page.goto('/');
      12 |   await page.waitForLoadState('networkidle');
    > 13 |   await page.fill('#username', TEST_CREDENTIALS.username);
         |              ^
      14 |   await page.fill('#password', TEST_CREDENTIALS.password);
      15 |   await page.click('button[type="submit"]');
      16 |   await page.waitForURL('/gui');
        at login (/Users/henry/Github/Github_desktop/henryreed.ai/hosting/tests/e2e/smoke.spec.ts:13:14)
        at /Users/henry/Github/Github_desktop/henryreed.ai/hosting/tests/e2e/smoke.spec.ts:568:5

    attachment #1: screenshot (image/png) ──────────────────────────────────────────────────────────
    ../../test-results/smoke-Modern-UI-UX-Feature-10fca-dle-loading-states-properly-Mobile-Safari/test-failed-1.png
    ────────────────────────────────────────────────────────────────────────────────────────────────

    attachment #2: video (video/webm) ──────────────────────────────────────────────────────────────
    ../../test-results/smoke-Modern-UI-UX-Feature-10fca-dle-loading-states-properly-Mobile-Safari/video.webm
    ────────────────────────────────────────────────────────────────────────────────────────────────

    Error Context: ../../test-results/smoke-Modern-UI-UX-Feature-10fca-dle-loading-states-properly-Mobile-Safari/error-context.md
]]>
</failure>
<system-out>
<![CDATA[
[[ATTACHMENT|smoke-Modern-UI-UX-Feature-10fca-dle-loading-states-properly-Mobile-Safari/test-failed-1.png]]

[[ATTACHMENT|smoke-Modern-UI-UX-Feature-10fca-dle-loading-states-properly-Mobile-Safari/video.webm]]

[[ATTACHMENT|smoke-Modern-UI-UX-Feature-10fca-dle-loading-states-properly-Mobile-Safari/error-context.md]]
]]>
</system-out>
</testcase>
<testcase name="Modern UI/UX Features @smoke › should support keyboard navigation and shortcuts" classname="smoke.spec.ts" time="30.028">
<failure message="smoke.spec.ts:631:7 should support keyboard navigation and shortcuts" type="FAILURE">
<![CDATA[  [Mobile Safari] › smoke.spec.ts:631:7 › Modern UI/UX Features @smoke › should support keyboard navigation and shortcuts 

    Test timeout of 30000ms exceeded while running "beforeEach" hook.

      565 |
      566 | test.describe('Modern UI/UX Features @smoke', () => {
    > 567 |   test.beforeEach(async ({ page }) => {
          |        ^
      568 |     await login(page);
      569 |   });
      570 |
        at /Users/henry/Github/Github_desktop/henryreed.ai/hosting/tests/e2e/smoke.spec.ts:567:8

    Error: page.fill: Test timeout of 30000ms exceeded.
    Call log:
      - waiting for locator('#username')


      11 |   await page.goto('/');
      12 |   await page.waitForLoadState('networkidle');
    > 13 |   await page.fill('#username', TEST_CREDENTIALS.username);
         |              ^
      14 |   await page.fill('#password', TEST_CREDENTIALS.password);
      15 |   await page.click('button[type="submit"]');
      16 |   await page.waitForURL('/gui');
        at login (/Users/henry/Github/Github_desktop/henryreed.ai/hosting/tests/e2e/smoke.spec.ts:13:14)
        at /Users/henry/Github/Github_desktop/henryreed.ai/hosting/tests/e2e/smoke.spec.ts:568:5

    attachment #1: screenshot (image/png) ──────────────────────────────────────────────────────────
    ../../test-results/smoke-Modern-UI-UX-Feature-e1717-rd-navigation-and-shortcuts-Mobile-Safari/test-failed-1.png
    ────────────────────────────────────────────────────────────────────────────────────────────────

    attachment #2: video (video/webm) ──────────────────────────────────────────────────────────────
    ../../test-results/smoke-Modern-UI-UX-Feature-e1717-rd-navigation-and-shortcuts-Mobile-Safari/video.webm
    ────────────────────────────────────────────────────────────────────────────────────────────────

    Error Context: ../../test-results/smoke-Modern-UI-UX-Feature-e1717-rd-navigation-and-shortcuts-Mobile-Safari/error-context.md
]]>
</failure>
<system-out>
<![CDATA[
[[ATTACHMENT|smoke-Modern-UI-UX-Feature-e1717-rd-navigation-and-shortcuts-Mobile-Safari/test-failed-1.png]]

[[ATTACHMENT|smoke-Modern-UI-UX-Feature-e1717-rd-navigation-and-shortcuts-Mobile-Safari/video.webm]]

[[ATTACHMENT|smoke-Modern-UI-UX-Feature-e1717-rd-navigation-and-shortcuts-Mobile-Safari/error-context.md]]
]]>
</system-out>
</testcase>
</testsuite>
</testsuites>